{
  "stats": {
    "suites": 9,
    "tests": 33,
    "passes": 0,
    "pending": 7,
    "failures": 9,
    "start": "2022-12-15T22:54:28.596Z",
    "end": "2022-12-15T22:56:19.994Z",
    "duration": 79679,
    "testsRegistered": 33,
    "passPercent": 0,
    "pendingPercent": 21.21212121212121,
    "other": 0,
    "hasOther": false,
    "skipped": 17,
    "hasSkipped": true
  },
  "results": [
    {
      "uuid": "e9f77ac5-396e-4d23-8662-292c1b4590b0",
      "title": "",
      "fullFile": "cypress\\e2e\\spec\\authentication.cy.js",
      "file": "cypress\\e2e\\spec\\authentication.cy.js",
      "beforeHooks": [],
      "afterHooks": [],
      "tests": [],
      "suites": [
        {
          "uuid": "c1596613-8a54-4d36-b9e8-a8a874fa190e",
          "title": "Authenthication",
          "fullFile": "",
          "file": "",
          "beforeHooks": [],
          "afterHooks": [],
          "tests": [
            {
              "title": "should create an account for the application",
              "fullTitle": "Authenthication should create an account for the application",
              "timedOut": null,
              "duration": 0,
              "state": "pending",
              "speed": null,
              "pass": false,
              "fail": false,
              "pending": false,
              "context": null,
              "code": "_auth.default.signUp('pain@mail.com', 'P@$$w0rd!'); // registering a new account",
              "err": {},
              "uuid": "5712c9cd-155b-4fd9-ae07-455a5606bfe1",
              "parentUUID": "c1596613-8a54-4d36-b9e8-a8a874fa190e",
              "isHook": false,
              "skipped": true
            },
            {
              "title": "should login into the application",
              "fullTitle": "Authenthication should login into the application",
              "timedOut": null,
              "duration": 0,
              "state": "pending",
              "speed": null,
              "pass": false,
              "fail": false,
              "pending": false,
              "context": null,
              "code": "_auth.default.login(\"pain@mail.com\", \"P@$$w0rd!\");\ncy.url().should('eq', 'https://ui-automation-camp.vercel.app/products'); // asserts that the user is taken to the products page after login",
              "err": {},
              "uuid": "e0933f22-e63d-4e5c-aaf2-1d43e52a462e",
              "parentUUID": "c1596613-8a54-4d36-b9e8-a8a874fa190e",
              "isHook": false,
              "skipped": true
            },
            {
              "title": "should not login with incorrect password",
              "fullTitle": "Authenthication should not login with incorrect password",
              "timedOut": null,
              "duration": 0,
              "state": "pending",
              "speed": null,
              "pass": false,
              "fail": false,
              "pending": false,
              "context": null,
              "code": "_auth.default.login(\"ellen@mail.com\", \"P@$$w0rd\"); // attempts to login with an incorrect password\n\ncy.get(_auth.default.errorMessage).should('have.text', 'Wrong email or password.'); // asserts that the user is prompted with an error message",
              "err": {},
              "uuid": "c02eb64e-e2d9-45b6-8d62-6d4b3ff5f69f",
              "parentUUID": "c1596613-8a54-4d36-b9e8-a8a874fa190e",
              "isHook": false,
              "skipped": true
            },
            {
              "title": "should not login with incorrect email",
              "fullTitle": "Authenthication should not login with incorrect email",
              "timedOut": null,
              "duration": 0,
              "state": "pending",
              "speed": null,
              "pass": false,
              "fail": false,
              "pending": false,
              "context": null,
              "code": "_auth.default.login(\"ell77en@mail.com\", \"P@$$w0rd!\"); // attempts to login with an incorrect email \n\ncy.get(_auth.default.errorMessage).should('have.text', 'Wrong email or password.'); // asserts that the user is prompted with an error message",
              "err": {},
              "uuid": "4d1d66c9-0eb3-4c71-8f76-f22855bf4e22",
              "parentUUID": "c1596613-8a54-4d36-b9e8-a8a874fa190e",
              "isHook": false,
              "skipped": true
            },
            {
              "title": "should not login with invalid email",
              "fullTitle": "Authenthication should not login with invalid email",
              "timedOut": null,
              "duration": 0,
              "state": "pending",
              "speed": null,
              "pass": false,
              "fail": false,
              "pending": false,
              "context": null,
              "code": "_auth.default.login(\"e7en@mail\", \"P@$$w0rd!\"); //attempts to login with an invalid email\n\ncy.get(_auth.default.invalidCredError).should('have.text', 'Email is invalid'); // asserts that the user is prompted with an error message",
              "err": {},
              "uuid": "10e08923-9685-4f68-a58a-38771c859828",
              "parentUUID": "c1596613-8a54-4d36-b9e8-a8a874fa190e",
              "isHook": false,
              "skipped": true
            },
            {
              "title": "should not create an account for the application without password",
              "fullTitle": "Authenthication should not create an account for the application without password",
              "timedOut": null,
              "duration": 4224,
              "state": "failed",
              "speed": null,
              "pass": false,
              "fail": true,
              "pending": false,
              "context": null,
              "code": "_auth.default.signUpWithoutPassword('ellen@mail.com'); // attempts to create an account without a password\n\ncy.get(_auth.default.invalidCredError).should('have.text', \"Password can't be blank\"); // asserts that the user is prompted with an error message",
              "err": {
                "message": "AssertionError: Timed out retrying after 4000ms: Expected to find element: `[type=email]`, but never found it.\n\nBecause this error occurred during a `before each` hook we are skipping the remaining tests in the current suite: `Authenthication`",
                "estack": "AssertionError: Timed out retrying after 4000ms: Expected to find element: `[type=email]`, but never found it.\n\nBecause this error occurred during a `before each` hook we are skipping the remaining tests in the current suite: `Authenthication`\n    at Authenthication.login (webpack:///./cypress/e2e/page/auth.js:34:11)\n    at Context.eval (webpack:///./cypress/e2e/spec/authentication.cy.js:4:13)",
                "diff": null
              },
              "uuid": "50a99950-8444-4702-9c32-250d64500a85",
              "parentUUID": "c1596613-8a54-4d36-b9e8-a8a874fa190e",
              "isHook": false,
              "skipped": false
            },
            {
              "title": "should not login without password",
              "fullTitle": "Authenthication should not login without password",
              "timedOut": null,
              "duration": 0,
              "state": "skipped",
              "speed": null,
              "pass": false,
              "fail": false,
              "pending": false,
              "context": null,
              "code": "_auth.default.loginWithoutPassword(\"pain@mail.com\"); // attempts to login without password\n\ncy.get(_auth.default.invalidCredError).should('have.text', \"Password can't be blank\"); // asserts that the user is prompted with an error message",
              "err": {},
              "uuid": "cb73c4de-5a0f-460c-b7b3-a623d5388d1d",
              "parentUUID": "c1596613-8a54-4d36-b9e8-a8a874fa190e",
              "isHook": false,
              "skipped": true
            }
          ],
          "suites": [],
          "passes": [],
          "failures": [
            "50a99950-8444-4702-9c32-250d64500a85"
          ],
          "pending": [],
          "skipped": [
            "5712c9cd-155b-4fd9-ae07-455a5606bfe1",
            "e0933f22-e63d-4e5c-aaf2-1d43e52a462e",
            "c02eb64e-e2d9-45b6-8d62-6d4b3ff5f69f",
            "4d1d66c9-0eb3-4c71-8f76-f22855bf4e22",
            "10e08923-9685-4f68-a58a-38771c859828",
            "cb73c4de-5a0f-460c-b7b3-a623d5388d1d"
          ],
          "duration": 4224,
          "root": false,
          "rootEmpty": false,
          "_timeout": 2000
        }
      ],
      "passes": [],
      "failures": [],
      "pending": [],
      "skipped": [],
      "duration": 0,
      "root": true,
      "rootEmpty": true,
      "_timeout": 2000
    },
    {
      "uuid": "1d316f72-cb3b-4467-b9e6-8f5fe716e3f9",
      "title": "",
      "fullFile": "cypress\\e2e\\spec\\cart.cy.js",
      "file": "cypress\\e2e\\spec\\cart.cy.js",
      "beforeHooks": [],
      "afterHooks": [],
      "tests": [],
      "suites": [
        {
          "uuid": "579e01a6-ee7b-4bd2-abdf-fd8044410d13",
          "title": "Cart interactions",
          "fullFile": "",
          "file": "",
          "beforeHooks": [],
          "afterHooks": [],
          "tests": [
            {
              "title": "should increase item quantity",
              "fullTitle": "Cart interactions should increase item quantity",
              "timedOut": null,
              "duration": 6907,
              "state": "failed",
              "speed": null,
              "pass": false,
              "fail": true,
              "pending": false,
              "context": null,
              "code": "_products.default.addOneItemToCart(); //cy.get(cart.itemAmount).should('have.text','1')\n\n_cart.default.increaseItemQuantity();\ncy.get(_cart.default.itemAmount).should('have.text', '2');",
              "err": {
                "message": "AssertionError: Timed out retrying after 4000ms: expected 'https://dev-mlluudmotpwoldtv.us.auth0.com/login?state=hKFo2SA5VzZTUkthN243TWJFdnhjcWVRNjVCS0tUM1pGU0hIZqFupWxvZ2luo3RpZNkgZWJ2MS1falA3bkQyWGZQd0xra0tkcTFzR0ZSOUd1TjmjY2lk2SBHbzVxVW16cTFLcWNnTzFIUVdNbWI5ZHFxRFVEOElQdQ&client=Go5qUmzq1KqcgO1HQWMmb9dqqDUD8IPu&protocol=oauth2&scope=openid%20profile%20email&response_type=code&redirect_uri=https%3A%2F%2Fui-automation-camp.vercel.app%2Fapi%2Fauth%2Fcallback&nonce=iGB53ZSDcYIDosRAELcmPNE-DQz7GXUqtRvlSb5xjRM&code_challenge=WISqBiiqh0Si7vbg3bf3YzejWfVjS7mVhezuIFNWo34&code_challenge_method=S256' to equal 'https://ui-automation-camp.vercel.app/products'\n\nBecause this error occurred during a `before each` hook we are skipping the remaining tests in the current suite: `Cart interactions`",
                "estack": "AssertionError: Timed out retrying after 4000ms: expected 'https://dev-mlluudmotpwoldtv.us.auth0.com/login?state=hKFo2SA5VzZTUkthN243TWJFdnhjcWVRNjVCS0tUM1pGU0hIZqFupWxvZ2luo3RpZNkgZWJ2MS1falA3bkQyWGZQd0xra0tkcTFzR0ZSOUd1TjmjY2lk2SBHbzVxVW16cTFLcWNnTzFIUVdNbWI5ZHFxRFVEOElQdQ&client=Go5qUmzq1KqcgO1HQWMmb9dqqDUD8IPu&protocol=oauth2&scope=openid%20profile%20email&response_type=code&redirect_uri=https%3A%2F%2Fui-automation-camp.vercel.app%2Fapi%2Fauth%2Fcallback&nonce=iGB53ZSDcYIDosRAELcmPNE-DQz7GXUqtRvlSb5xjRM&code_challenge=WISqBiiqh0Si7vbg3bf3YzejWfVjS7mVhezuIFNWo34&code_challenge_method=S256' to equal 'https://ui-automation-camp.vercel.app/products'\n\nBecause this error occurred during a `before each` hook we are skipping the remaining tests in the current suite: `Cart interactions`\n    at Context.eval (webpack:///./cypress/e2e/spec/cart.cy.js:10:17)",
                "diff": "- '\\'https://dev-mlluudmotpwoldtv.us.auth0.com/login?state=hKFo2SA5VzZTUkthN243TWJFdnhjcWVRNjVCS0tUM1pGU0hIZqFupWxvZ2luo3RpZNkgZWJ2MS1falA3bkQyWGZQd0xra0tkcTFzR0ZSOUd1TjmjY2lk2SBHbzVxVW16cTFLcWNnTzFIUVdNbWI5ZHFxRFVEOElQdQ&client=Go5qUmzq1KqcgO1HQWMmb9dqqDUD8IPu&protocol=oauth2&scope=openid%20profile%20email&response_type=code&redirect_uri=https%3A%2F%2Fui-automation-camp.vercel.app%2Fapi%2Fauth%2Fcallback&nonce=iGB53ZSDcYIDosRAELcmPNE-DQz7GXUqtRvlSb5xjRM&code_challenge=WISqBiiqh0Si7vbg3bf3YzejWfVjS7mVhezuIFNWo34&code_challenge_method=S256\\''\n+ '\\'https://ui-automation-camp.vercel.app/products\\''\n"
              },
              "uuid": "e10079fc-5ff0-48f1-b32b-abdfd8e30a0b",
              "parentUUID": "579e01a6-ee7b-4bd2-abdf-fd8044410d13",
              "isHook": false,
              "skipped": false
            },
            {
              "title": "should decrease item quantity",
              "fullTitle": "Cart interactions should decrease item quantity",
              "timedOut": null,
              "duration": 0,
              "state": "skipped",
              "speed": null,
              "pass": false,
              "fail": false,
              "pending": false,
              "context": null,
              "code": "_products.default.addItemToCartTwice(); //cy.get(cart.itemAmount).should('have.text','2')\n\n_cart.default.decreaseItemQuantity();\ncy.get(_cart.default.itemAmount).should('have.text', '1');",
              "err": {},
              "uuid": "fc219eeb-eb64-4a0c-b0c2-6b0147b8deca",
              "parentUUID": "579e01a6-ee7b-4bd2-abdf-fd8044410d13",
              "isHook": false,
              "skipped": true
            },
            {
              "title": "should delete item from cart",
              "fullTitle": "Cart interactions should delete item from cart",
              "timedOut": null,
              "duration": 0,
              "state": "skipped",
              "speed": null,
              "pass": false,
              "fail": false,
              "pending": false,
              "context": null,
              "code": "_products.default.addOneItemToCart(); //cy.wait(6000)\n//cy.get(cart.itemAmount).should('have.text','1')\n\n_cart.default.deleteItemFromCart();\ncy.get(_cart.default.cartItem).should('not.exist');",
              "err": {},
              "uuid": "216dbc18-9c2d-4418-a060-22f546b6296f",
              "parentUUID": "579e01a6-ee7b-4bd2-abdf-fd8044410d13",
              "isHook": false,
              "skipped": true
            }
          ],
          "suites": [],
          "passes": [],
          "failures": [
            "e10079fc-5ff0-48f1-b32b-abdfd8e30a0b"
          ],
          "pending": [],
          "skipped": [
            "fc219eeb-eb64-4a0c-b0c2-6b0147b8deca",
            "216dbc18-9c2d-4418-a060-22f546b6296f"
          ],
          "duration": 6907,
          "root": false,
          "rootEmpty": false,
          "_timeout": 2000
        }
      ],
      "passes": [],
      "failures": [],
      "pending": [],
      "skipped": [],
      "duration": 0,
      "root": true,
      "rootEmpty": true,
      "_timeout": 2000
    },
    {
      "uuid": "dbc8a69f-3fb6-4b91-a14b-d8c7d85cdb10",
      "title": "",
      "fullFile": "cypress\\e2e\\spec\\checkout.cy.js",
      "file": "cypress\\e2e\\spec\\checkout.cy.js",
      "beforeHooks": [],
      "afterHooks": [],
      "tests": [],
      "suites": [
        {
          "uuid": "ff8cc3be-b5dc-4a28-a7b9-fd767c0a97fc",
          "title": "Checkout products",
          "fullFile": "",
          "file": "",
          "beforeHooks": [],
          "afterHooks": [],
          "tests": [
            {
              "title": "should checkout one product",
              "fullTitle": "Checkout products should checkout one product",
              "timedOut": null,
              "duration": 0,
              "state": "pending",
              "speed": null,
              "pass": false,
              "fail": false,
              "pending": false,
              "context": null,
              "code": "_products.default.addOneItemToCart();\ncy.wait(3000);\n_checkout.default.checkoutProduct(\"Mia Miller\", \"mm@mail.com\", \"34 Daisy Street\", \"1\", \"Raleigh\", \"Jamaica\", \"Kingston\", \"27607\");\ncy.wait(2000);\n_checkout.default.continuetoPaymentBtn.click({\n  force: true\n});\ncy.wait(4000);\n_checkout.default.payment();\ncy.get(_checkout.default.successMessage).should('have.text', 'Thank you for your order');",
              "err": {},
              "uuid": "dfdc404a-8c34-41cd-9945-03daf11138d3",
              "parentUUID": "ff8cc3be-b5dc-4a28-a7b9-fd767c0a97fc",
              "isHook": false,
              "skipped": true
            },
            {
              "title": "should checkout multiple products",
              "fullTitle": "Checkout products should checkout multiple products",
              "timedOut": null,
              "duration": 0,
              "state": "pending",
              "speed": null,
              "pass": false,
              "fail": false,
              "pending": false,
              "context": null,
              "code": "_products.default.addMultipleItemsToCart();\ncy.wait(3000);\n_checkout.default.checkoutProduct(\"Mia Miller\", \"mm@mail.com\", \"34 Daisy Street\", \"1\", \"Raleigh\", \"Jamaica\", \"Kingston\", \"27607\");\ncy.wait(2000);\n_checkout.default.continuetoPaymentBtn.click({\n  force: true\n});\ncy.wait(4000);\n_checkout.default.payment();\ncy.get(_checkout.default.successMessage).should('have.text', 'Thank you for your order');",
              "err": {},
              "uuid": "8bead9bc-704a-4298-8158-0b842b79ea97",
              "parentUUID": "ff8cc3be-b5dc-4a28-a7b9-fd767c0a97fc",
              "isHook": false,
              "skipped": true
            },
            {
              "title": "should not checkout without email address",
              "fullTitle": "Checkout products should not checkout without email address",
              "timedOut": null,
              "duration": 8433,
              "state": "failed",
              "speed": null,
              "pass": false,
              "fail": true,
              "pending": false,
              "context": null,
              "code": "_products.default.addOneItemToCart();\n_checkout.default.checkoutProductWithoutEmail(\"Lois King\", \"33 Free Lane\", '4', \"Portmore\", \"Jamaica\", \"St. Catherine\", \"34552\");\n_checkout.default.continuetoPaymentBtn.click({\n  force: true\n});\ncy.wait(6000);\ncy.get(_checkout.default.emailError).should('have.text', 'This field is required'); //cy.get(checkout.billingTitle).should('have.text','Billing')",
              "err": {
                "message": "AssertionError: Timed out retrying after 4000ms: expected 'https://dev-mlluudmotpwoldtv.us.auth0.com/login?state=hKFo2SB4SXNZWlNyVFZtcnRMVks0ZDZ4cjFrcG5UWVpKWVF4T6FupWxvZ2luo3RpZNkgb3NXSzg5OUlLRWJHZ0xGejNsRzJSb2dXQUV4UHh3N2WjY2lk2SBHbzVxVW16cTFLcWNnTzFIUVdNbWI5ZHFxRFVEOElQdQ&client=Go5qUmzq1KqcgO1HQWMmb9dqqDUD8IPu&protocol=oauth2&scope=openid%20profile%20email&response_type=code&redirect_uri=https%3A%2F%2Fui-automation-camp.vercel.app%2Fapi%2Fauth%2Fcallback&nonce=-J8KUALZwUiits3D5D9QHb5x3Cz67OatIK-6IVVc3Nc&code_challenge=UrOZWXWG2-G-bNwch33w47pWfBotnx9XpfAF9xFdGJg&code_challenge_method=S256' to equal 'https://ui-automation-camp.vercel.app/products'\n\nBecause this error occurred during a `before each` hook we are skipping the remaining tests in the current suite: `Checkout products`",
                "estack": "AssertionError: Timed out retrying after 4000ms: expected 'https://dev-mlluudmotpwoldtv.us.auth0.com/login?state=hKFo2SB4SXNZWlNyVFZtcnRMVks0ZDZ4cjFrcG5UWVpKWVF4T6FupWxvZ2luo3RpZNkgb3NXSzg5OUlLRWJHZ0xGejNsRzJSb2dXQUV4UHh3N2WjY2lk2SBHbzVxVW16cTFLcWNnTzFIUVdNbWI5ZHFxRFVEOElQdQ&client=Go5qUmzq1KqcgO1HQWMmb9dqqDUD8IPu&protocol=oauth2&scope=openid%20profile%20email&response_type=code&redirect_uri=https%3A%2F%2Fui-automation-camp.vercel.app%2Fapi%2Fauth%2Fcallback&nonce=-J8KUALZwUiits3D5D9QHb5x3Cz67OatIK-6IVVc3Nc&code_challenge=UrOZWXWG2-G-bNwch33w47pWfBotnx9XpfAF9xFdGJg&code_challenge_method=S256' to equal 'https://ui-automation-camp.vercel.app/products'\n\nBecause this error occurred during a `before each` hook we are skipping the remaining tests in the current suite: `Checkout products`\n    at Context.eval (webpack:///./cypress/e2e/spec/checkout.cy.js:11:17)",
                "diff": "- '\\'https://dev-mlluudmotpwoldtv.us.auth0.com/login?state=hKFo2SB4SXNZWlNyVFZtcnRMVks0ZDZ4cjFrcG5UWVpKWVF4T6FupWxvZ2luo3RpZNkgb3NXSzg5OUlLRWJHZ0xGejNsRzJSb2dXQUV4UHh3N2WjY2lk2SBHbzVxVW16cTFLcWNnTzFIUVdNbWI5ZHFxRFVEOElQdQ&client=Go5qUmzq1KqcgO1HQWMmb9dqqDUD8IPu&protocol=oauth2&scope=openid%20profile%20email&response_type=code&redirect_uri=https%3A%2F%2Fui-automation-camp.vercel.app%2Fapi%2Fauth%2Fcallback&nonce=-J8KUALZwUiits3D5D9QHb5x3Cz67OatIK-6IVVc3Nc&code_challenge=UrOZWXWG2-G-bNwch33w47pWfBotnx9XpfAF9xFdGJg&code_challenge_method=S256\\''\n+ '\\'https://ui-automation-camp.vercel.app/products\\''\n"
              },
              "uuid": "6cd11de7-1cbb-4b3e-ad71-a4f5ff0ade47",
              "parentUUID": "ff8cc3be-b5dc-4a28-a7b9-fd767c0a97fc",
              "isHook": false,
              "skipped": false
            }
          ],
          "suites": [],
          "passes": [],
          "failures": [
            "6cd11de7-1cbb-4b3e-ad71-a4f5ff0ade47"
          ],
          "pending": [],
          "skipped": [
            "dfdc404a-8c34-41cd-9945-03daf11138d3",
            "8bead9bc-704a-4298-8158-0b842b79ea97"
          ],
          "duration": 8433,
          "root": false,
          "rootEmpty": false,
          "_timeout": 2000
        }
      ],
      "passes": [],
      "failures": [],
      "pending": [],
      "skipped": [],
      "duration": 0,
      "root": true,
      "rootEmpty": true,
      "_timeout": 2000
    },
    {
      "uuid": "a329e0fa-c225-4ba5-b8e3-78f560e2e9db",
      "title": "",
      "fullFile": "cypress\\e2e\\spec\\contact.cy.js",
      "file": "cypress\\e2e\\spec\\contact.cy.js",
      "beforeHooks": [],
      "afterHooks": [],
      "tests": [],
      "suites": [
        {
          "uuid": "afe32b27-d3e6-415d-871b-9b4f50887f59",
          "title": "Contact Page",
          "fullFile": "",
          "file": "",
          "beforeHooks": [],
          "afterHooks": [],
          "tests": [
            {
              "title": "should verify that the email address is correct",
              "fullTitle": "Contact Page should verify that the email address is correct",
              "timedOut": null,
              "duration": 6775,
              "state": "failed",
              "speed": null,
              "pass": false,
              "fail": true,
              "pending": false,
              "context": null,
              "code": "cy.get(_contactPage.default.emailAddress).should('have.text', 'info@qualityworkscg.com'); // should verify that the email address on the contact page is correct",
              "err": {
                "message": "AssertionError: Timed out retrying after 4000ms: expected 'https://dev-mlluudmotpwoldtv.us.auth0.com/login?state=hKFo2SBXeVk1LTBpRlByS29tN1pRUkJXZEdBYldEVHhCSzY0d6FupWxvZ2luo3RpZNkgcTFfTzBEWWliNmNyLUFraG11aldOWElEVndRNHlyYVGjY2lk2SBHbzVxVW16cTFLcWNnTzFIUVdNbWI5ZHFxRFVEOElQdQ&client=Go5qUmzq1KqcgO1HQWMmb9dqqDUD8IPu&protocol=oauth2&scope=openid%20profile%20email&response_type=code&redirect_uri=https%3A%2F%2Fui-automation-camp.vercel.app%2Fapi%2Fauth%2Fcallback&nonce=SU80I_xjHig8AZ7aSXNrRn0i6lVFtyhqA8-x4UjVU7s&code_challenge=rsHUwZsP2B9bFwTYi1WdzqApaVMahyyRIQT3h7TdK4s&code_challenge_method=S256' to equal 'https://ui-automation-camp.vercel.app/products'\n\nBecause this error occurred during a `before each` hook we are skipping the remaining tests in the current suite: `Contact Page`",
                "estack": "AssertionError: Timed out retrying after 4000ms: expected 'https://dev-mlluudmotpwoldtv.us.auth0.com/login?state=hKFo2SBXeVk1LTBpRlByS29tN1pRUkJXZEdBYldEVHhCSzY0d6FupWxvZ2luo3RpZNkgcTFfTzBEWWliNmNyLUFraG11aldOWElEVndRNHlyYVGjY2lk2SBHbzVxVW16cTFLcWNnTzFIUVdNbWI5ZHFxRFVEOElQdQ&client=Go5qUmzq1KqcgO1HQWMmb9dqqDUD8IPu&protocol=oauth2&scope=openid%20profile%20email&response_type=code&redirect_uri=https%3A%2F%2Fui-automation-camp.vercel.app%2Fapi%2Fauth%2Fcallback&nonce=SU80I_xjHig8AZ7aSXNrRn0i6lVFtyhqA8-x4UjVU7s&code_challenge=rsHUwZsP2B9bFwTYi1WdzqApaVMahyyRIQT3h7TdK4s&code_challenge_method=S256' to equal 'https://ui-automation-camp.vercel.app/products'\n\nBecause this error occurred during a `before each` hook we are skipping the remaining tests in the current suite: `Contact Page`\n    at Context.eval (webpack:///./cypress/e2e/spec/contact.cy.js:9:17)",
                "diff": "- '\\'https://dev-mlluudmotpwoldtv.us.auth0.com/login?state=hKFo2SBXeVk1LTBpRlByS29tN1pRUkJXZEdBYldEVHhCSzY0d6FupWxvZ2luo3RpZNkgcTFfTzBEWWliNmNyLUFraG11aldOWElEVndRNHlyYVGjY2lk2SBHbzVxVW16cTFLcWNnTzFIUVdNbWI5ZHFxRFVEOElQdQ&client=Go5qUmzq1KqcgO1HQWMmb9dqqDUD8IPu&protocol=oauth2&scope=openid%20profile%20email&response_type=code&redirect_uri=https%3A%2F%2Fui-automation-camp.vercel.app%2Fapi%2Fauth%2Fcallback&nonce=SU80I_xjHig8AZ7aSXNrRn0i6lVFtyhqA8-x4UjVU7s&code_challenge=rsHUwZsP2B9bFwTYi1WdzqApaVMahyyRIQT3h7TdK4s&code_challenge_method=S256\\''\n+ '\\'https://ui-automation-camp.vercel.app/products\\''\n"
              },
              "uuid": "6481d276-afe5-491c-bbd6-fc73772076cb",
              "parentUUID": "afe32b27-d3e6-415d-871b-9b4f50887f59",
              "isHook": false,
              "skipped": false
            },
            {
              "title": "should send a message",
              "fullTitle": "Contact Page should send a message",
              "timedOut": null,
              "duration": 0,
              "state": "skipped",
              "speed": null,
              "pass": false,
              "fail": false,
              "pending": false,
              "context": null,
              "code": "_contactPage.default.sendMessage(\"Ky\", \"Levy\", \"kylev@mail.com\", \"Bootcamp\", \"When does it start?\"); // sends  a message \n\ncy.wait(5000);\ncy.get(_contactPage.default.confirmation).should('be.visible'); //checks if the message sent notification is visiblw",
              "err": {},
              "uuid": "ed64107d-44b5-4f03-bdb2-ac222061ec8c",
              "parentUUID": "afe32b27-d3e6-415d-871b-9b4f50887f59",
              "isHook": false,
              "skipped": true
            },
            {
              "title": "should not send a message without email",
              "fullTitle": "Contact Page should not send a message without email",
              "timedOut": null,
              "duration": 0,
              "state": "skipped",
              "speed": null,
              "pass": false,
              "fail": false,
              "pending": false,
              "context": null,
              "code": "_contactPage.default.sendMessageWithoutEmail(\"Ky\", \"Levy\", \"Bootcamp\", \"When does it start?\"); // should try to send a message without an email address\n\ncy.wait(5000);\ncy.get(_contactPage.default.emailField).should('have.text', 'Field is required!'); //should check if an error message is displayed",
              "err": {},
              "uuid": "79c41c45-94e7-4f5a-aef5-0580b6385280",
              "parentUUID": "afe32b27-d3e6-415d-871b-9b4f50887f59",
              "isHook": false,
              "skipped": true
            }
          ],
          "suites": [],
          "passes": [],
          "failures": [
            "6481d276-afe5-491c-bbd6-fc73772076cb"
          ],
          "pending": [],
          "skipped": [
            "ed64107d-44b5-4f03-bdb2-ac222061ec8c",
            "79c41c45-94e7-4f5a-aef5-0580b6385280"
          ],
          "duration": 6775,
          "root": false,
          "rootEmpty": false,
          "_timeout": 2000
        }
      ],
      "passes": [],
      "failures": [],
      "pending": [],
      "skipped": [],
      "duration": 0,
      "root": true,
      "rootEmpty": true,
      "_timeout": 2000
    },
    {
      "uuid": "dfa2b26b-2ce3-4eeb-968c-d3feae101bd6",
      "title": "",
      "fullFile": "cypress\\e2e\\spec\\filter-and-sort.cy.js",
      "file": "cypress\\e2e\\spec\\filter-and-sort.cy.js",
      "beforeHooks": [],
      "afterHooks": [],
      "tests": [],
      "suites": [
        {
          "uuid": "75ec1585-c56d-4758-978e-9cfa126c4cbb",
          "title": "Filter and sort products",
          "fullFile": "",
          "file": "",
          "beforeHooks": [],
          "afterHooks": [],
          "tests": [
            {
              "title": "should sort from A to Z",
              "fullTitle": "Filter and sort products should sort from A to Z",
              "timedOut": null,
              "duration": 5915,
              "state": "failed",
              "speed": null,
              "pass": false,
              "fail": true,
              "pending": false,
              "context": null,
              "code": "cy.get(_products.default.sortSelect).select('aToZ');\nconst qualityProducts = ['Quality Stylish Shoes', 'Dell Laptop', 'Gray Couch', 'HP Laptop', 'Mackbook Pro', 'Quality Blue Shoes', 'Quality Cargo Pants', 'Quality Fitted Hat', 'Quality Heal Shoes', 'Quality Hooded Sweatshirt', 'Quality Jeans Pants', 'Quality Kids Tshirt', 'Quality Trucker Hat', 'Quality Mousepad', 'Quality Mug', 'Quality Pillow', 'Quality Pink Pants', 'Red Couch', 'Quality Sweatshirt', 'Quality Tshirt', 'Quality Vneck', 'White Couch'];\nqualityProducts.sort();\ncy.wait(5000);\ncy.get(_sort.default.productNames).each(($elem, index) => {\n  expect($elem.text()).equal(qualityProducts[index]);\n});",
              "err": {
                "message": "AssertionError: Timed out retrying after 4000ms: Expected to find element: `[type=email]`, but never found it.\n\nBecause this error occurred during a `before each` hook we are skipping the remaining tests in the current suite: `Filter and sort products`",
                "estack": "AssertionError: Timed out retrying after 4000ms: Expected to find element: `[type=email]`, but never found it.\n\nBecause this error occurred during a `before each` hook we are skipping the remaining tests in the current suite: `Filter and sort products`\n    at Authenthication.login (webpack:///./cypress/e2e/page/auth.js:34:11)\n    at Context.eval (webpack:///./cypress/e2e/spec/filter-and-sort.cy.js:8:13)",
                "diff": null
              },
              "uuid": "af26d219-f4d2-4384-90c6-5e2827d111e1",
              "parentUUID": "75ec1585-c56d-4758-978e-9cfa126c4cbb",
              "isHook": false,
              "skipped": false
            },
            {
              "title": "should sort from Z to A",
              "fullTitle": "Filter and sort products should sort from Z to A",
              "timedOut": null,
              "duration": 0,
              "state": "skipped",
              "speed": null,
              "pass": false,
              "fail": false,
              "pending": false,
              "context": null,
              "code": "cy.get(_products.default.sortSelect).select('zToA');\nconst qualityProducts = ['Dell Laptop', 'Gray Couch', 'HP Laptop', 'Mackbook Pro', 'Quality Blue Shoes', 'Quality Cargo Pants', 'Quality Fitted Hat', 'Quality Heal Shoes', 'Quality Hooded Sweatshirt', 'Quality Jeans Pants', 'Quality Kids Tshirt', 'Quality Mousepad', 'Quality Mug', 'Quality Pillow', 'Quality Pink Pants', 'Quality Stylish Shoes', 'Quality Sweatshirt', 'Quality Trucker Hat', 'Quality Tshirt', 'Quality Vneck', 'Red Couch', 'White Couch'];\nqualityProducts.sort().reverse();\ncy.wait(5000);\ncy.get(_sort.default.productNames).each(($elem, index) => {\n  expect($elem.text()).equal(qualityProducts[index]);\n});",
              "err": {},
              "uuid": "da8a1459-1317-4e3e-842c-bf8fdfd8c903",
              "parentUUID": "75ec1585-c56d-4758-978e-9cfa126c4cbb",
              "isHook": false,
              "skipped": true
            },
            {
              "title": "should filter by category",
              "fullTitle": "Filter and sort products should filter by category",
              "timedOut": null,
              "duration": 0,
              "state": "skipped",
              "speed": null,
              "pass": false,
              "fail": false,
              "pending": false,
              "context": null,
              "code": "cy.get(_products.default.categorySelect).select('laptop'); // selects the laptop option in the category field\nconst laptops = [\"Mackbook Pro\", \"Dell Laptop\", \"HP Laptop\"];\ncy.wait(5000);\ncy.get(_sort.default.productNames).each(($elem, index) => {\n  expect($elem.text()).equal(laptops[index]);\n});",
              "err": {},
              "uuid": "1e4e70b4-39ea-4a31-9087-86bdb95c52db",
              "parentUUID": "75ec1585-c56d-4758-978e-9cfa126c4cbb",
              "isHook": false,
              "skipped": true
            }
          ],
          "suites": [],
          "passes": [],
          "failures": [
            "af26d219-f4d2-4384-90c6-5e2827d111e1"
          ],
          "pending": [],
          "skipped": [
            "da8a1459-1317-4e3e-842c-bf8fdfd8c903",
            "1e4e70b4-39ea-4a31-9087-86bdb95c52db"
          ],
          "duration": 5915,
          "root": false,
          "rootEmpty": false,
          "_timeout": 2000
        }
      ],
      "passes": [],
      "failures": [],
      "pending": [],
      "skipped": [],
      "duration": 0,
      "root": true,
      "rootEmpty": true,
      "_timeout": 2000
    },
    {
      "uuid": "983896bf-abf2-4b31-9b9d-07906c1bc3e1",
      "title": "",
      "fullFile": "cypress\\e2e\\spec\\prods-gallery.cy.js",
      "file": "cypress\\e2e\\spec\\prods-gallery.cy.js",
      "beforeHooks": [],
      "afterHooks": [],
      "tests": [],
      "suites": [
        {
          "uuid": "65e9169f-82c7-429c-9bf5-9c6824229944",
          "title": "Cart interactions",
          "fullFile": "",
          "file": "",
          "beforeHooks": [],
          "afterHooks": [],
          "tests": [
            {
              "title": "verify content on the homepage",
              "fullTitle": "Cart interactions verify content on the homepage",
              "timedOut": null,
              "duration": 7529,
              "state": "failed",
              "speed": null,
              "pass": false,
              "fail": true,
              "pending": false,
              "context": null,
              "code": "cy.get(_homePage.default.pageHeaderTitle).should('have.text', 'Automation Camp Store');\ncy.get(_homePage.default.signOutBtn).should('have.text', 'Sign Out');\ncy.get(_homePage.default.productsTitle).should('have.text', 'Products');",
              "err": {
                "message": "AssertionError: Timed out retrying after 4000ms: expected 'https://dev-mlluudmotpwoldtv.us.auth0.com/login?state=hKFo2SByVmR2bHlPVkdBeWlLY3ZYMVRKQmxjci1qYVNmNVFTcaFupWxvZ2luo3RpZNkgWmxqSmlCTmthQU1aMllMRzZWLVVadm1zNkhmbjk3Q1-jY2lk2SBHbzVxVW16cTFLcWNnTzFIUVdNbWI5ZHFxRFVEOElQdQ&client=Go5qUmzq1KqcgO1HQWMmb9dqqDUD8IPu&protocol=oauth2&scope=openid%20profile%20email&response_type=code&redirect_uri=https%3A%2F%2Fui-automation-camp.vercel.app%2Fapi%2Fauth%2Fcallback&nonce=2UnnNUbUagO0Yk_EDUhHoSY9aEx-XvCuzuj1yjiJSjs&code_challenge=LLsvXhS0U8w4pk3OTGWoobbCUb0EmLTkwRb7EHBjxuI&code_challenge_method=S256' to equal 'https://ui-automation-camp.vercel.app/products'\n\nBecause this error occurred during a `before each` hook we are skipping the remaining tests in the current suite: `Cart interactions`",
                "estack": "AssertionError: Timed out retrying after 4000ms: expected 'https://dev-mlluudmotpwoldtv.us.auth0.com/login?state=hKFo2SByVmR2bHlPVkdBeWlLY3ZYMVRKQmxjci1qYVNmNVFTcaFupWxvZ2luo3RpZNkgWmxqSmlCTmthQU1aMllMRzZWLVVadm1zNkhmbjk3Q1-jY2lk2SBHbzVxVW16cTFLcWNnTzFIUVdNbWI5ZHFxRFVEOElQdQ&client=Go5qUmzq1KqcgO1HQWMmb9dqqDUD8IPu&protocol=oauth2&scope=openid%20profile%20email&response_type=code&redirect_uri=https%3A%2F%2Fui-automation-camp.vercel.app%2Fapi%2Fauth%2Fcallback&nonce=2UnnNUbUagO0Yk_EDUhHoSY9aEx-XvCuzuj1yjiJSjs&code_challenge=LLsvXhS0U8w4pk3OTGWoobbCUb0EmLTkwRb7EHBjxuI&code_challenge_method=S256' to equal 'https://ui-automation-camp.vercel.app/products'\n\nBecause this error occurred during a `before each` hook we are skipping the remaining tests in the current suite: `Cart interactions`\n    at Context.eval (webpack:///./cypress/e2e/spec/prods-gallery.cy.js:12:17)",
                "diff": "- '\\'https://dev-mlluudmotpwoldtv.us.auth0.com/login?state=hKFo2SByVmR2bHlPVkdBeWlLY3ZYMVRKQmxjci1qYVNmNVFTcaFupWxvZ2luo3RpZNkgWmxqSmlCTmthQU1aMllMRzZWLVVadm1zNkhmbjk3Q1-jY2lk2SBHbzVxVW16cTFLcWNnTzFIUVdNbWI5ZHFxRFVEOElQdQ&client=Go5qUmzq1KqcgO1HQWMmb9dqqDUD8IPu&protocol=oauth2&scope=openid%20profile%20email&response_type=code&redirect_uri=https%3A%2F%2Fui-automation-camp.vercel.app%2Fapi%2Fauth%2Fcallback&nonce=2UnnNUbUagO0Yk_EDUhHoSY9aEx-XvCuzuj1yjiJSjs&code_challenge=LLsvXhS0U8w4pk3OTGWoobbCUb0EmLTkwRb7EHBjxuI&code_challenge_method=S256\\''\n+ '\\'https://ui-automation-camp.vercel.app/products\\''\n"
              },
              "uuid": "463d3ee6-7b0a-46d2-89ba-05014690623c",
              "parentUUID": "65e9169f-82c7-429c-9bf5-9c6824229944",
              "isHook": false,
              "skipped": false
            },
            {
              "title": "should verify that the iframe has loaded",
              "fullTitle": "Cart interactions should verify that the iframe has loaded",
              "timedOut": null,
              "duration": 0,
              "state": "skipped",
              "speed": null,
              "pass": false,
              "fail": false,
              "pending": false,
              "context": null,
              "code": "cy.get(_homePage.default.youTubeVideo).should('be.visible'); // verifies that the YouTube video is visible on the page\ncy.frameLoaded(_homePage.default.iFrame, {\n  url: 'https://www.youtube.com/embed/JSda4u5jFFk'\n}); //verifies that the YouTube video in the iframe has loaded with the specified url",
              "err": {},
              "uuid": "72ccd701-a5b1-45fe-95be-b0a995273e7a",
              "parentUUID": "65e9169f-82c7-429c-9bf5-9c6824229944",
              "isHook": false,
              "skipped": true
            },
            {
              "title": "should verify that the page can be reset after category selection",
              "fullTitle": "Cart interactions should verify that the page can be reset after category selection",
              "timedOut": null,
              "duration": 0,
              "state": "skipped",
              "speed": null,
              "pass": false,
              "fail": false,
              "pending": false,
              "context": null,
              "code": "cy.get(_products.default.categorySelect).select('laptop'); // selects the laptop option in the category field\ncy.get(_homePage.default.mackBookProTitle).should('have.text', 'Mackbook Pro'); //verifies that a laptop product has been returned\ncy.get(_homePage.default.resetBtn).click(); // resets the filtering that was done\ncy.get(_homePage.default.fittedHatTitle).should('have.text', 'Quality Fitted Hat'); // verifies that the reset was succesful",
              "err": {},
              "uuid": "cf1fb868-d9ef-4dfe-82ba-5a288e4556db",
              "parentUUID": "65e9169f-82c7-429c-9bf5-9c6824229944",
              "isHook": false,
              "skipped": true
            }
          ],
          "suites": [],
          "passes": [],
          "failures": [
            "463d3ee6-7b0a-46d2-89ba-05014690623c"
          ],
          "pending": [],
          "skipped": [
            "72ccd701-a5b1-45fe-95be-b0a995273e7a",
            "cf1fb868-d9ef-4dfe-82ba-5a288e4556db"
          ],
          "duration": 7529,
          "root": false,
          "rootEmpty": false,
          "_timeout": 2000
        }
      ],
      "passes": [],
      "failures": [],
      "pending": [],
      "skipped": [],
      "duration": 0,
      "root": true,
      "rootEmpty": true,
      "_timeout": 2000
    },
    {
      "uuid": "7730fcbb-c365-4ddf-994f-de90a550bf64",
      "title": "",
      "fullFile": "cypress\\e2e\\spec\\product-details.cy.js",
      "file": "cypress\\e2e\\spec\\product-details.cy.js",
      "beforeHooks": [],
      "afterHooks": [],
      "tests": [],
      "suites": [
        {
          "uuid": "c4aab8fc-3d6e-4455-b3f8-f4d40c933e26",
          "title": "Product details",
          "fullFile": "",
          "file": "",
          "beforeHooks": [],
          "afterHooks": [],
          "tests": [
            {
              "title": "should verify the Quality Mug price",
              "fullTitle": "Product details should verify the Quality Mug price",
              "timedOut": null,
              "duration": 7001,
              "state": "failed",
              "speed": null,
              "pass": false,
              "fail": true,
              "pending": false,
              "context": null,
              "code": "//cy.get(prodDetails.mugTitle).should('have.text','Quality Mug')\ncy.get(_prodDetails.default.mugPrice).should('have.text', 'Price : $15');",
              "err": {
                "message": "AssertionError: Timed out retrying after 4000ms: expected 'https://dev-mlluudmotpwoldtv.us.auth0.com/login?state=hKFo2SBJVWhRcnpMRWFtZUpxU2VYRGhUWjhDTlNpdWV4ZTU5a6FupWxvZ2luo3RpZNkgZzNxQlVmaHFaV2M2VEdVd0pGVGZwYl9OczhRVk5KYnKjY2lk2SBHbzVxVW16cTFLcWNnTzFIUVdNbWI5ZHFxRFVEOElQdQ&client=Go5qUmzq1KqcgO1HQWMmb9dqqDUD8IPu&protocol=oauth2&scope=openid%20profile%20email&response_type=code&redirect_uri=https%3A%2F%2Fui-automation-camp.vercel.app%2Fapi%2Fauth%2Fcallback&nonce=87ogKTAlMloR3_QjbZaaSzbdI4l7Eq8SyM8QaH9kv3g&code_challenge=yoBheofuxash0XtK7KwdalzyjzM1PjaULxzRImdA2Mw&code_challenge_method=S256' to equal 'https://ui-automation-camp.vercel.app/products'\n\nBecause this error occurred during a `before each` hook we are skipping the remaining tests in the current suite: `Product details`",
                "estack": "AssertionError: Timed out retrying after 4000ms: expected 'https://dev-mlluudmotpwoldtv.us.auth0.com/login?state=hKFo2SBJVWhRcnpMRWFtZUpxU2VYRGhUWjhDTlNpdWV4ZTU5a6FupWxvZ2luo3RpZNkgZzNxQlVmaHFaV2M2VEdVd0pGVGZwYl9OczhRVk5KYnKjY2lk2SBHbzVxVW16cTFLcWNnTzFIUVdNbWI5ZHFxRFVEOElQdQ&client=Go5qUmzq1KqcgO1HQWMmb9dqqDUD8IPu&protocol=oauth2&scope=openid%20profile%20email&response_type=code&redirect_uri=https%3A%2F%2Fui-automation-camp.vercel.app%2Fapi%2Fauth%2Fcallback&nonce=87ogKTAlMloR3_QjbZaaSzbdI4l7Eq8SyM8QaH9kv3g&code_challenge=yoBheofuxash0XtK7KwdalzyjzM1PjaULxzRImdA2Mw&code_challenge_method=S256' to equal 'https://ui-automation-camp.vercel.app/products'\n\nBecause this error occurred during a `before each` hook we are skipping the remaining tests in the current suite: `Product details`\n    at Context.eval (webpack:///./cypress/e2e/spec/product-details.cy.js:10:17)",
                "diff": "- '\\'https://dev-mlluudmotpwoldtv.us.auth0.com/login?state=hKFo2SBJVWhRcnpMRWFtZUpxU2VYRGhUWjhDTlNpdWV4ZTU5a6FupWxvZ2luo3RpZNkgZzNxQlVmaHFaV2M2VEdVd0pGVGZwYl9OczhRVk5KYnKjY2lk2SBHbzVxVW16cTFLcWNnTzFIUVdNbWI5ZHFxRFVEOElQdQ&client=Go5qUmzq1KqcgO1HQWMmb9dqqDUD8IPu&protocol=oauth2&scope=openid%20profile%20email&response_type=code&redirect_uri=https%3A%2F%2Fui-automation-camp.vercel.app%2Fapi%2Fauth%2Fcallback&nonce=87ogKTAlMloR3_QjbZaaSzbdI4l7Eq8SyM8QaH9kv3g&code_challenge=yoBheofuxash0XtK7KwdalzyjzM1PjaULxzRImdA2Mw&code_challenge_method=S256\\''\n+ '\\'https://ui-automation-camp.vercel.app/products\\''\n"
              },
              "uuid": "ceb3acd7-bd52-47ce-a6fd-ea645fdcedc5",
              "parentUUID": "c4aab8fc-3d6e-4455-b3f8-f4d40c933e26",
              "isHook": false,
              "skipped": false
            },
            {
              "title": "should verify that the product has the correct category",
              "fullTitle": "Product details should verify that the product has the correct category",
              "timedOut": null,
              "duration": 0,
              "state": "skipped",
              "speed": null,
              "pass": false,
              "fail": false,
              "pending": false,
              "context": null,
              "code": "cy.get(_prodDetails.default.category).should('have.text', 'cup');",
              "err": {},
              "uuid": "79c259ec-3264-4922-a9dd-d90fe8a8c6c4",
              "parentUUID": "c4aab8fc-3d6e-4455-b3f8-f4d40c933e26",
              "isHook": false,
              "skipped": true
            },
            {
              "title": "should return to the products page",
              "fullTitle": "Product details should return to the products page",
              "timedOut": null,
              "duration": 0,
              "state": "skipped",
              "speed": null,
              "pass": false,
              "fail": false,
              "pending": false,
              "context": null,
              "code": "_prodDetails.default.goBacktoProducts();\ncy.url().should('eq', 'https://ui-automation-camp.vercel.app/products');",
              "err": {},
              "uuid": "7005d520-2c3e-4e8e-a085-d39c2fa27833",
              "parentUUID": "c4aab8fc-3d6e-4455-b3f8-f4d40c933e26",
              "isHook": false,
              "skipped": true
            }
          ],
          "suites": [],
          "passes": [],
          "failures": [
            "ceb3acd7-bd52-47ce-a6fd-ea645fdcedc5"
          ],
          "pending": [],
          "skipped": [
            "79c259ec-3264-4922-a9dd-d90fe8a8c6c4",
            "7005d520-2c3e-4e8e-a085-d39c2fa27833"
          ],
          "duration": 7001,
          "root": false,
          "rootEmpty": false,
          "_timeout": 2000
        }
      ],
      "passes": [],
      "failures": [],
      "pending": [],
      "skipped": [],
      "duration": 0,
      "root": true,
      "rootEmpty": true,
      "_timeout": 2000
    },
    {
      "uuid": "8edf4930-e0cc-4fe2-824c-92255dc783f9",
      "title": "",
      "fullFile": "cypress\\e2e\\spec\\search.cy.js",
      "file": "cypress\\e2e\\spec\\search.cy.js",
      "beforeHooks": [],
      "afterHooks": [],
      "tests": [],
      "suites": [
        {
          "uuid": "17b72dd4-52a4-454a-9006-b150bd37dccf",
          "title": "Search for products",
          "fullFile": "",
          "file": "",
          "beforeHooks": [],
          "afterHooks": [],
          "tests": [
            {
              "title": "should search for an item which returns one result",
              "fullTitle": "Search for products should search for an item which returns one result",
              "timedOut": null,
              "duration": 21715,
              "state": "failed",
              "speed": null,
              "pass": false,
              "fail": true,
              "pending": false,
              "context": null,
              "code": "cy.get(_products.default.searchOpt).type('mug'); //should search for a product with mug in the name\ncy.get(_sort.default.productNames).should('have.text', 'Quality Mug'); // should verify that the result was Quality Mug",
              "err": {
                "message": "AssertionError: Timed out retrying after 4000ms: expected 'https://dev-mlluudmotpwoldtv.us.auth0.com/login?state=hKFo2SBpRWJMdTQzWjlhbDRXbkNvaWtjNGNkRkFLbWllLTJjaqFupWxvZ2luo3RpZNkgdTNTeWRyN2J1elRka1BDQ09oODJKSWhncmRKVXNfQlGjY2lk2SBHbzVxVW16cTFLcWNnTzFIUVdNbWI5ZHFxRFVEOElQdQ&client=Go5qUmzq1KqcgO1HQWMmb9dqqDUD8IPu&protocol=oauth2&scope=openid%20profile%20email&response_type=code&redirect_uri=https%3A%2F%2Fui-automation-camp.vercel.app%2Fapi%2Fauth%2Fcallback&nonce=nlU8r0iSu5xCkv5gFOWA7HX01XmvRrrzSpnV15QZuf0&code_challenge=fR6YQzaz9a9sNe2hgjf-Eje4GoLm8Fv0ITurpM2XyjY&code_challenge_method=S256' to equal 'https://ui-automation-camp.vercel.app/products'\n\nBecause this error occurred during a `before each` hook we are skipping the remaining tests in the current suite: `Search for products`",
                "estack": "AssertionError: Timed out retrying after 4000ms: expected 'https://dev-mlluudmotpwoldtv.us.auth0.com/login?state=hKFo2SBpRWJMdTQzWjlhbDRXbkNvaWtjNGNkRkFLbWllLTJjaqFupWxvZ2luo3RpZNkgdTNTeWRyN2J1elRka1BDQ09oODJKSWhncmRKVXNfQlGjY2lk2SBHbzVxVW16cTFLcWNnTzFIUVdNbWI5ZHFxRFVEOElQdQ&client=Go5qUmzq1KqcgO1HQWMmb9dqqDUD8IPu&protocol=oauth2&scope=openid%20profile%20email&response_type=code&redirect_uri=https%3A%2F%2Fui-automation-camp.vercel.app%2Fapi%2Fauth%2Fcallback&nonce=nlU8r0iSu5xCkv5gFOWA7HX01XmvRrrzSpnV15QZuf0&code_challenge=fR6YQzaz9a9sNe2hgjf-Eje4GoLm8Fv0ITurpM2XyjY&code_challenge_method=S256' to equal 'https://ui-automation-camp.vercel.app/products'\n\nBecause this error occurred during a `before each` hook we are skipping the remaining tests in the current suite: `Search for products`\n    at Context.eval (webpack:///./cypress/e2e/spec/search.cy.js:10:17)",
                "diff": "- '\\'https://dev-mlluudmotpwoldtv.us.auth0.com/login?state=hKFo2SBpRWJMdTQzWjlhbDRXbkNvaWtjNGNkRkFLbWllLTJjaqFupWxvZ2luo3RpZNkgdTNTeWRyN2J1elRka1BDQ09oODJKSWhncmRKVXNfQlGjY2lk2SBHbzVxVW16cTFLcWNnTzFIUVdNbWI5ZHFxRFVEOElQdQ&client=Go5qUmzq1KqcgO1HQWMmb9dqqDUD8IPu&protocol=oauth2&scope=openid%20profile%20email&response_type=code&redirect_uri=https%3A%2F%2Fui-automation-camp.vercel.app%2Fapi%2Fauth%2Fcallback&nonce=nlU8r0iSu5xCkv5gFOWA7HX01XmvRrrzSpnV15QZuf0&code_challenge=fR6YQzaz9a9sNe2hgjf-Eje4GoLm8Fv0ITurpM2XyjY&code_challenge_method=S256\\''\n+ '\\'https://ui-automation-camp.vercel.app/products\\''\n"
              },
              "uuid": "d2e498bd-b27a-4161-9482-59d5e5de318a",
              "parentUUID": "17b72dd4-52a4-454a-9006-b150bd37dccf",
              "isHook": false,
              "skipped": false
            },
            {
              "title": "should search for an item which returns multiple results",
              "fullTitle": "Search for products should search for an item which returns multiple results",
              "timedOut": null,
              "duration": 0,
              "state": "skipped",
              "speed": null,
              "pass": false,
              "fail": false,
              "pending": false,
              "context": null,
              "code": "cy.get(_products.default.searchOpt).type('shoes'); //should search for a product with shoes in the name\nconst shoes = ['Quality Blue Shoes', 'Quality Stylish Shoes', 'Quality Heal Shoes']; // creates an array of the expected results\n//verifies that the results are as expected\ncy.get(_sort.default.productNames).each(($elem, index) => {\n  expect($elem.text()).equal(shoes[index]);\n});",
              "err": {},
              "uuid": "d9d6b64e-1f74-4523-9ade-7651609a10bd",
              "parentUUID": "17b72dd4-52a4-454a-9006-b150bd37dccf",
              "isHook": false,
              "skipped": true
            },
            {
              "title": "should return products when partial word is searched",
              "fullTitle": "Search for products should return products when partial word is searched",
              "timedOut": null,
              "duration": 0,
              "state": "skipped",
              "speed": null,
              "pass": false,
              "fail": false,
              "pending": false,
              "context": null,
              "code": "cy.get(_products.default.searchOpt).type('ed');\nconst results = ['Quality Fitted Hat', 'Quality Hooded Sweatshirt', 'Red Couch']; // creates an array of the expected results\n//verifies that the results are as expected\ncy.get(_sort.default.productNames).each(($elem, index) => {\n  expect($elem.text()).equal(results[index]);\n});",
              "err": {},
              "uuid": "6c9548c6-d4e1-4b88-9069-18a01354fb38",
              "parentUUID": "17b72dd4-52a4-454a-9006-b150bd37dccf",
              "isHook": false,
              "skipped": true
            }
          ],
          "suites": [],
          "passes": [],
          "failures": [
            "d2e498bd-b27a-4161-9482-59d5e5de318a"
          ],
          "pending": [],
          "skipped": [
            "d9d6b64e-1f74-4523-9ade-7651609a10bd",
            "6c9548c6-d4e1-4b88-9069-18a01354fb38"
          ],
          "duration": 21715,
          "root": false,
          "rootEmpty": false,
          "_timeout": 2000
        }
      ],
      "passes": [],
      "failures": [],
      "pending": [],
      "skipped": [],
      "duration": 0,
      "root": true,
      "rootEmpty": true,
      "_timeout": 2000
    },
    {
      "uuid": "5e3d2559-13b3-4116-9b0f-d06074455934",
      "title": "",
      "fullFile": "cypress\\e2e\\spec\\add-to-cart.cy.js",
      "file": "cypress\\e2e\\spec\\add-to-cart.cy.js",
      "beforeHooks": [],
      "afterHooks": [],
      "tests": [],
      "suites": [
        {
          "uuid": "49aa6dd8-d1aa-4e46-869b-9440aea4d9e2",
          "title": "Add items to cart",
          "fullFile": "",
          "file": "",
          "beforeHooks": [],
          "afterHooks": [],
          "tests": [
            {
              "title": "should add one item to cart",
              "fullTitle": "Add items to cart should add one item to cart",
              "timedOut": null,
              "duration": 11180,
              "state": "failed",
              "speed": null,
              "pass": false,
              "fail": true,
              "pending": false,
              "context": null,
              "code": "_products.default.addOneItemToCart(); // adds a single item to the cart\n\ncy.get('#top-cart').should('have.text', '$30.00'); // asserts that the cart total is $30 after the item has been added\ncy.get(_products.default.cartSummary).should('be.visible'); //asserts that the cart Summary popup is visible after item is added to cart",
              "err": {
                "message": "AssertionError: Timed out retrying after 4000ms: expected 'https://dev-mlluudmotpwoldtv.us.auth0.com/login?state=hKFo2SBOQkxGbW4zRWIwZ25Wa2JUQzg3NGE1QmZhWHRnd2ZMQ6FupWxvZ2luo3RpZNkgMTZxOXhubGNyd3ZVRU4yY0tpTkd6X3EyZ3N5Yk1VeUijY2lk2SBHbzVxVW16cTFLcWNnTzFIUVdNbWI5ZHFxRFVEOElQdQ&client=Go5qUmzq1KqcgO1HQWMmb9dqqDUD8IPu&protocol=oauth2&scope=openid%20profile%20email&response_type=code&redirect_uri=https%3A%2F%2Fui-automation-camp.vercel.app%2Fapi%2Fauth%2Fcallback&nonce=OOpuGlq1hIwqE5fSbz25dSgpp_PEVv5rGMMxEnD3_-g&code_challenge=ZXvreo8YOB0CI40ElWXDohNbPUCnwuuR2P26T5CQscA&code_challenge_method=S256' to equal 'https://ui-automation-camp.vercel.app/products'\n\nBecause this error occurred during a `before each` hook we are skipping the remaining tests in the current suite: `Add items to cart`",
                "estack": "AssertionError: Timed out retrying after 4000ms: expected 'https://dev-mlluudmotpwoldtv.us.auth0.com/login?state=hKFo2SBOQkxGbW4zRWIwZ25Wa2JUQzg3NGE1QmZhWHRnd2ZMQ6FupWxvZ2luo3RpZNkgMTZxOXhubGNyd3ZVRU4yY0tpTkd6X3EyZ3N5Yk1VeUijY2lk2SBHbzVxVW16cTFLcWNnTzFIUVdNbWI5ZHFxRFVEOElQdQ&client=Go5qUmzq1KqcgO1HQWMmb9dqqDUD8IPu&protocol=oauth2&scope=openid%20profile%20email&response_type=code&redirect_uri=https%3A%2F%2Fui-automation-camp.vercel.app%2Fapi%2Fauth%2Fcallback&nonce=OOpuGlq1hIwqE5fSbz25dSgpp_PEVv5rGMMxEnD3_-g&code_challenge=ZXvreo8YOB0CI40ElWXDohNbPUCnwuuR2P26T5CQscA&code_challenge_method=S256' to equal 'https://ui-automation-camp.vercel.app/products'\n\nBecause this error occurred during a `before each` hook we are skipping the remaining tests in the current suite: `Add items to cart`\n    at Context.eval (webpack:///./cypress/e2e/spec/add-to-cart.cy.js:9:17)",
                "diff": "- '\\'https://dev-mlluudmotpwoldtv.us.auth0.com/login?state=hKFo2SBOQkxGbW4zRWIwZ25Wa2JUQzg3NGE1QmZhWHRnd2ZMQ6FupWxvZ2luo3RpZNkgMTZxOXhubGNyd3ZVRU4yY0tpTkd6X3EyZ3N5Yk1VeUijY2lk2SBHbzVxVW16cTFLcWNnTzFIUVdNbWI5ZHFxRFVEOElQdQ&client=Go5qUmzq1KqcgO1HQWMmb9dqqDUD8IPu&protocol=oauth2&scope=openid%20profile%20email&response_type=code&redirect_uri=https%3A%2F%2Fui-automation-camp.vercel.app%2Fapi%2Fauth%2Fcallback&nonce=OOpuGlq1hIwqE5fSbz25dSgpp_PEVv5rGMMxEnD3_-g&code_challenge=ZXvreo8YOB0CI40ElWXDohNbPUCnwuuR2P26T5CQscA&code_challenge_method=S256\\''\n+ '\\'https://ui-automation-camp.vercel.app/products\\''\n"
              },
              "uuid": "86b325c4-f36a-4f0b-90bc-2a14ee497019",
              "parentUUID": "49aa6dd8-d1aa-4e46-869b-9440aea4d9e2",
              "isHook": false,
              "skipped": false
            },
            {
              "title": "should add multiple items to cart",
              "fullTitle": "Add items to cart should add multiple items to cart",
              "timedOut": null,
              "duration": 0,
              "state": "skipped",
              "speed": null,
              "pass": false,
              "fail": false,
              "pending": false,
              "context": null,
              "code": "_products.default.addMultipleItemsToCart(); // adds multiple items to the cart\n\ncy.get('#top-cart').should('have.text', '$74.00');\ncy.get(_products.default.cartSummary).should('be.visible');",
              "err": {},
              "uuid": "92cc1695-41e6-4110-b7e3-c8ef19cff952",
              "parentUUID": "49aa6dd8-d1aa-4e46-869b-9440aea4d9e2",
              "isHook": false,
              "skipped": true
            },
            {
              "title": "should add an item to cart after searching",
              "fullTitle": "Add items to cart should add an item to cart after searching",
              "timedOut": null,
              "duration": 0,
              "state": "skipped",
              "speed": null,
              "pass": false,
              "fail": false,
              "pending": false,
              "context": null,
              "code": "_products.default.addtoCartAfterSearch(\"Trucker\"); //inserts trucker into the search field and adds the item to the cart\n\ncy.get('#top-cart').should('have.text', '$24.00');\ncy.get(_products.default.cartSummary).should('be.visible');",
              "err": {},
              "uuid": "046b5bdd-dbbd-4acb-885d-3c1b37e3feb2",
              "parentUUID": "49aa6dd8-d1aa-4e46-869b-9440aea4d9e2",
              "isHook": false,
              "skipped": true
            },
            {
              "title": "should add an item to cart after sorting",
              "fullTitle": "Add items to cart should add an item to cart after sorting",
              "timedOut": null,
              "duration": 0,
              "state": "skipped",
              "speed": null,
              "pass": false,
              "fail": false,
              "pending": false,
              "context": null,
              "code": "cy.get(_products.default.sortSelect).select('aToZ'); //selects the A to Z option in the sort option\ncy.wait(6000); //waits for the page to load so that an item can be selected\n_products.default.addtoCartAfterSort(); //adds an item to the cart after the products are sorted\n\ncy.get('#top-cart').should('have.text', '$1000.00');\ncy.get(_products.default.cartSummary).should('be.visible');",
              "err": {},
              "uuid": "12ed4a7f-9b7b-40f0-8f15-42adae1e5345",
              "parentUUID": "49aa6dd8-d1aa-4e46-869b-9440aea4d9e2",
              "isHook": false,
              "skipped": true
            },
            {
              "title": "should add an item to cart after category selection",
              "fullTitle": "Add items to cart should add an item to cart after category selection",
              "timedOut": null,
              "duration": 0,
              "state": "skipped",
              "speed": null,
              "pass": false,
              "fail": false,
              "pending": false,
              "context": null,
              "code": "cy.get(_products.default.categorySelect).select('hat'); // selects the hat option in the category field\n_products.default.addtoCartAfterCategorySelect(); // adds an item to the cart after the category is selected\n\ncy.get('#top-cart').should('have.text', '$30.00');\ncy.get(_products.default.cartSummary).should('be.visible');",
              "err": {},
              "uuid": "a1439995-434c-4507-9e2a-a487940ccdbb",
              "parentUUID": "49aa6dd8-d1aa-4e46-869b-9440aea4d9e2",
              "isHook": false,
              "skipped": true
            }
          ],
          "suites": [],
          "passes": [],
          "failures": [
            "86b325c4-f36a-4f0b-90bc-2a14ee497019"
          ],
          "pending": [],
          "skipped": [
            "92cc1695-41e6-4110-b7e3-c8ef19cff952",
            "046b5bdd-dbbd-4acb-885d-3c1b37e3feb2",
            "12ed4a7f-9b7b-40f0-8f15-42adae1e5345",
            "a1439995-434c-4507-9e2a-a487940ccdbb"
          ],
          "duration": 11180,
          "root": false,
          "rootEmpty": false,
          "_timeout": 2000
        }
      ],
      "passes": [],
      "failures": [],
      "pending": [],
      "skipped": [],
      "duration": 0,
      "root": true,
      "rootEmpty": true,
      "_timeout": 2000
    }
  ],
  "meta": {
    "mocha": {
      "version": "7.0.1"
    },
    "mochawesome": {
      "options": {
        "quiet": false,
        "reportFilename": "mochawesome",
        "saveHtml": false,
        "saveJson": true,
        "consoleReporter": "spec",
        "useInlineDiffs": false,
        "code": true
      },
      "version": "7.1.3"
    },
    "marge": {
      "options": {
        "reportDir": "cypress/reports",
        "overwrite": false,
        "html": false,
        "json": true
      },
      "version": "6.2.0"
    }
  }
}