{
  "stats": {
    "suites": 1,
    "tests": 1,
    "passes": 0,
    "pending": 0,
    "failures": 1,
    "start": "2022-12-15T23:04:58.972Z",
    "end": "2022-12-15T23:05:06.053Z",
    "duration": 7081,
    "testsRegistered": 3,
    "passPercent": 0,
    "pendingPercent": 0,
    "other": 0,
    "hasOther": false,
    "skipped": 2,
    "hasSkipped": true
  },
  "results": [
    {
      "uuid": "84ce8570-3870-419c-8cf2-fa22ec692053",
      "title": "",
      "fullFile": "cypress\\e2e\\spec\\product-details.cy.js",
      "file": "cypress\\e2e\\spec\\product-details.cy.js",
      "beforeHooks": [],
      "afterHooks": [],
      "tests": [],
      "suites": [
        {
          "uuid": "eb226ba0-b554-4b9c-b54b-8195f5b82a21",
          "title": "Product details",
          "fullFile": "",
          "file": "",
          "beforeHooks": [],
          "afterHooks": [],
          "tests": [
            {
              "title": "should verify the Quality Mug price",
              "fullTitle": "Product details should verify the Quality Mug price",
              "timedOut": null,
              "duration": 7021,
              "state": "failed",
              "speed": null,
              "pass": false,
              "fail": true,
              "pending": false,
              "context": null,
              "code": "//cy.get(prodDetails.mugTitle).should('have.text','Quality Mug')\ncy.get(_prodDetails.default.mugPrice).should('have.text', 'Price : $15');",
              "err": {
                "message": "AssertionError: Timed out retrying after 4000ms: expected 'https://dev-mlluudmotpwoldtv.us.auth0.com/login?state=hKFo2SBNMlJrQk5CUWNmZTQ1TEVOWHVjWGdySUtZVTRObTFWRKFupWxvZ2luo3RpZNkgTmIwRU5WSDYwLWNXT2M2YjZHVG1tUDZJY2FiUFdwUkajY2lk2SBHbzVxVW16cTFLcWNnTzFIUVdNbWI5ZHFxRFVEOElQdQ&client=Go5qUmzq1KqcgO1HQWMmb9dqqDUD8IPu&protocol=oauth2&scope=openid%20profile%20email&response_type=code&redirect_uri=https%3A%2F%2Fui-automation-camp.vercel.app%2Fapi%2Fauth%2Fcallback&nonce=QVvZPhwMCUMjvPspm-6moHIlByRwxcfVr3YbGjaysHQ&code_challenge=7KP37nxdursphUsRLiTiv8e9YIeandiDI_5ZiLjVSsM&code_challenge_method=S256' to equal 'https://ui-automation-camp.vercel.app/products'\n\nBecause this error occurred during a `before each` hook we are skipping the remaining tests in the current suite: `Product details`",
                "estack": "AssertionError: Timed out retrying after 4000ms: expected 'https://dev-mlluudmotpwoldtv.us.auth0.com/login?state=hKFo2SBNMlJrQk5CUWNmZTQ1TEVOWHVjWGdySUtZVTRObTFWRKFupWxvZ2luo3RpZNkgTmIwRU5WSDYwLWNXT2M2YjZHVG1tUDZJY2FiUFdwUkajY2lk2SBHbzVxVW16cTFLcWNnTzFIUVdNbWI5ZHFxRFVEOElQdQ&client=Go5qUmzq1KqcgO1HQWMmb9dqqDUD8IPu&protocol=oauth2&scope=openid%20profile%20email&response_type=code&redirect_uri=https%3A%2F%2Fui-automation-camp.vercel.app%2Fapi%2Fauth%2Fcallback&nonce=QVvZPhwMCUMjvPspm-6moHIlByRwxcfVr3YbGjaysHQ&code_challenge=7KP37nxdursphUsRLiTiv8e9YIeandiDI_5ZiLjVSsM&code_challenge_method=S256' to equal 'https://ui-automation-camp.vercel.app/products'\n\nBecause this error occurred during a `before each` hook we are skipping the remaining tests in the current suite: `Product details`\n    at Context.eval (webpack:///./cypress/e2e/spec/product-details.cy.js:10:17)",
                "diff": "- '\\'https://dev-mlluudmotpwoldtv.us.auth0.com/login?state=hKFo2SBNMlJrQk5CUWNmZTQ1TEVOWHVjWGdySUtZVTRObTFWRKFupWxvZ2luo3RpZNkgTmIwRU5WSDYwLWNXT2M2YjZHVG1tUDZJY2FiUFdwUkajY2lk2SBHbzVxVW16cTFLcWNnTzFIUVdNbWI5ZHFxRFVEOElQdQ&client=Go5qUmzq1KqcgO1HQWMmb9dqqDUD8IPu&protocol=oauth2&scope=openid%20profile%20email&response_type=code&redirect_uri=https%3A%2F%2Fui-automation-camp.vercel.app%2Fapi%2Fauth%2Fcallback&nonce=QVvZPhwMCUMjvPspm-6moHIlByRwxcfVr3YbGjaysHQ&code_challenge=7KP37nxdursphUsRLiTiv8e9YIeandiDI_5ZiLjVSsM&code_challenge_method=S256\\''\n+ '\\'https://ui-automation-camp.vercel.app/products\\''\n"
              },
              "uuid": "f600f773-6fa8-4c18-b3cc-12427e557025",
              "parentUUID": "eb226ba0-b554-4b9c-b54b-8195f5b82a21",
              "isHook": false,
              "skipped": false
            },
            {
              "title": "should verify that the product has the correct category",
              "fullTitle": "Product details should verify that the product has the correct category",
              "timedOut": null,
              "duration": 0,
              "state": "skipped",
              "speed": null,
              "pass": false,
              "fail": false,
              "pending": false,
              "context": null,
              "code": "cy.get(_prodDetails.default.category).should('have.text', 'cup');",
              "err": {},
              "uuid": "0d2b0ad6-b0b0-4fa6-809e-20011a8e084b",
              "parentUUID": "eb226ba0-b554-4b9c-b54b-8195f5b82a21",
              "isHook": false,
              "skipped": true
            },
            {
              "title": "should return to the products page",
              "fullTitle": "Product details should return to the products page",
              "timedOut": null,
              "duration": 0,
              "state": "skipped",
              "speed": null,
              "pass": false,
              "fail": false,
              "pending": false,
              "context": null,
              "code": "_prodDetails.default.goBacktoProducts();\ncy.url().should('eq', 'https://ui-automation-camp.vercel.app/products');",
              "err": {},
              "uuid": "3fe7c243-f4d4-40fa-88bc-1eb539fd4b30",
              "parentUUID": "eb226ba0-b554-4b9c-b54b-8195f5b82a21",
              "isHook": false,
              "skipped": true
            }
          ],
          "suites": [],
          "passes": [],
          "failures": [
            "f600f773-6fa8-4c18-b3cc-12427e557025"
          ],
          "pending": [],
          "skipped": [
            "0d2b0ad6-b0b0-4fa6-809e-20011a8e084b",
            "3fe7c243-f4d4-40fa-88bc-1eb539fd4b30"
          ],
          "duration": 7021,
          "root": false,
          "rootEmpty": false,
          "_timeout": 2000
        }
      ],
      "passes": [],
      "failures": [],
      "pending": [],
      "skipped": [],
      "duration": 0,
      "root": true,
      "rootEmpty": true,
      "_timeout": 2000
    }
  ],
  "meta": {
    "mocha": {
      "version": "7.0.1"
    },
    "mochawesome": {
      "options": {
        "quiet": false,
        "reportFilename": "mochawesome",
        "saveHtml": false,
        "saveJson": true,
        "consoleReporter": "spec",
        "useInlineDiffs": false,
        "code": true
      },
      "version": "7.1.3"
    },
    "marge": {
      "options": {
        "reportDir": "cypress/reports",
        "overwrite": false,
        "html": false,
        "json": true
      },
      "version": "6.2.0"
    }
  }
}