{
  "stats": {
    "suites": 1,
    "tests": 1,
    "passes": 0,
    "pending": 5,
    "failures": -4,
    "start": "2022-12-15T23:03:55.761Z",
    "end": "2022-12-15T23:04:00.057Z",
    "duration": 4296,
    "testsRegistered": 7,
    "passPercent": 0,
    "pendingPercent": 71.42857142857143,
    "other": 5,
    "hasOther": true,
    "skipped": 6,
    "hasSkipped": true
  },
  "results": [
    {
      "uuid": "64ddc9ed-f9ae-4041-ab72-5cc915fb4550",
      "title": "",
      "fullFile": "cypress\\e2e\\spec\\authentication.cy.js",
      "file": "cypress\\e2e\\spec\\authentication.cy.js",
      "beforeHooks": [],
      "afterHooks": [],
      "tests": [],
      "suites": [
        {
          "uuid": "e88f020f-9cc2-44f8-b25f-f8e9812a2edf",
          "title": "Authenthication",
          "fullFile": "",
          "file": "",
          "beforeHooks": [],
          "afterHooks": [],
          "tests": [
            {
              "title": "should create an account for the application",
              "fullTitle": "Authenthication should create an account for the application",
              "timedOut": null,
              "duration": 0,
              "state": "pending",
              "speed": null,
              "pass": false,
              "fail": false,
              "pending": false,
              "context": null,
              "code": "_auth.default.signUp('pain@mail.com', 'P@$$w0rd!'); // registering a new account",
              "err": {},
              "uuid": "b0e67214-239d-4b4b-9bd1-6df447c8f029",
              "parentUUID": "e88f020f-9cc2-44f8-b25f-f8e9812a2edf",
              "isHook": false,
              "skipped": true
            },
            {
              "title": "should login into the application",
              "fullTitle": "Authenthication should login into the application",
              "timedOut": null,
              "duration": 0,
              "state": "pending",
              "speed": null,
              "pass": false,
              "fail": false,
              "pending": false,
              "context": null,
              "code": "_auth.default.login(\"pain@mail.com\", \"P@$$w0rd!\");\ncy.url().should('eq', 'https://ui-automation-camp.vercel.app/products'); // asserts that the user is taken to the products page after login",
              "err": {},
              "uuid": "880abc52-8456-463c-8610-7c9fed12c0fe",
              "parentUUID": "e88f020f-9cc2-44f8-b25f-f8e9812a2edf",
              "isHook": false,
              "skipped": true
            },
            {
              "title": "should not login with incorrect password",
              "fullTitle": "Authenthication should not login with incorrect password",
              "timedOut": null,
              "duration": 0,
              "state": "pending",
              "speed": null,
              "pass": false,
              "fail": false,
              "pending": false,
              "context": null,
              "code": "_auth.default.login(\"ellen@mail.com\", \"P@$$w0rd\"); // attempts to login with an incorrect password\n\ncy.get(_auth.default.errorMessage).should('have.text', 'Wrong email or password.'); // asserts that the user is prompted with an error message",
              "err": {},
              "uuid": "f22f1a75-a002-4aec-b741-8b183652bc2e",
              "parentUUID": "e88f020f-9cc2-44f8-b25f-f8e9812a2edf",
              "isHook": false,
              "skipped": true
            },
            {
              "title": "should not login with incorrect email",
              "fullTitle": "Authenthication should not login with incorrect email",
              "timedOut": null,
              "duration": 0,
              "state": "pending",
              "speed": null,
              "pass": false,
              "fail": false,
              "pending": false,
              "context": null,
              "code": "_auth.default.login(\"ell77en@mail.com\", \"P@$$w0rd!\"); // attempts to login with an incorrect email \n\ncy.get(_auth.default.errorMessage).should('have.text', 'Wrong email or password.'); // asserts that the user is prompted with an error message",
              "err": {},
              "uuid": "531a6647-2959-418e-81c1-ed7bd6dbbc38",
              "parentUUID": "e88f020f-9cc2-44f8-b25f-f8e9812a2edf",
              "isHook": false,
              "skipped": true
            },
            {
              "title": "should not login with invalid email",
              "fullTitle": "Authenthication should not login with invalid email",
              "timedOut": null,
              "duration": 0,
              "state": "pending",
              "speed": null,
              "pass": false,
              "fail": false,
              "pending": false,
              "context": null,
              "code": "_auth.default.login(\"e7en@mail\", \"P@$$w0rd!\"); //attempts to login with an invalid email\n\ncy.get(_auth.default.invalidCredError).should('have.text', 'Email is invalid'); // asserts that the user is prompted with an error message",
              "err": {},
              "uuid": "22534d28-d5de-4bd7-9649-63043b9b225d",
              "parentUUID": "e88f020f-9cc2-44f8-b25f-f8e9812a2edf",
              "isHook": false,
              "skipped": true
            },
            {
              "title": "should not create an account for the application without password",
              "fullTitle": "Authenthication should not create an account for the application without password",
              "timedOut": null,
              "duration": 4201,
              "state": "failed",
              "speed": null,
              "pass": false,
              "fail": true,
              "pending": false,
              "context": null,
              "code": "_auth.default.signUpWithoutPassword('ellen@mail.com'); // attempts to create an account without a password\n\ncy.get(_auth.default.invalidCredError).should('have.text', \"Password can't be blank\"); // asserts that the user is prompted with an error message",
              "err": {
                "message": "AssertionError: Timed out retrying after 4000ms: Expected to find element: `[type=email]`, but never found it.\n\nBecause this error occurred during a `before each` hook we are skipping the remaining tests in the current suite: `Authenthication`",
                "estack": "AssertionError: Timed out retrying after 4000ms: Expected to find element: `[type=email]`, but never found it.\n\nBecause this error occurred during a `before each` hook we are skipping the remaining tests in the current suite: `Authenthication`\n    at Authenthication.login (webpack:///./cypress/e2e/page/auth.js:34:11)\n    at Context.eval (webpack:///./cypress/e2e/spec/authentication.cy.js:4:13)",
                "diff": null
              },
              "uuid": "a23eb126-7104-450b-9da6-3eea622e6a77",
              "parentUUID": "e88f020f-9cc2-44f8-b25f-f8e9812a2edf",
              "isHook": false,
              "skipped": false
            },
            {
              "title": "should not login without password",
              "fullTitle": "Authenthication should not login without password",
              "timedOut": null,
              "duration": 0,
              "state": "skipped",
              "speed": null,
              "pass": false,
              "fail": false,
              "pending": false,
              "context": null,
              "code": "_auth.default.loginWithoutPassword(\"pain@mail.com\"); // attempts to login without password\n\ncy.get(_auth.default.invalidCredError).should('have.text', \"Password can't be blank\"); // asserts that the user is prompted with an error message",
              "err": {},
              "uuid": "e2436392-5efd-4251-88a2-e9e6beb44b6e",
              "parentUUID": "e88f020f-9cc2-44f8-b25f-f8e9812a2edf",
              "isHook": false,
              "skipped": true
            }
          ],
          "suites": [],
          "passes": [],
          "failures": [
            "a23eb126-7104-450b-9da6-3eea622e6a77"
          ],
          "pending": [],
          "skipped": [
            "b0e67214-239d-4b4b-9bd1-6df447c8f029",
            "880abc52-8456-463c-8610-7c9fed12c0fe",
            "f22f1a75-a002-4aec-b741-8b183652bc2e",
            "531a6647-2959-418e-81c1-ed7bd6dbbc38",
            "22534d28-d5de-4bd7-9649-63043b9b225d",
            "e2436392-5efd-4251-88a2-e9e6beb44b6e"
          ],
          "duration": 4201,
          "root": false,
          "rootEmpty": false,
          "_timeout": 2000
        }
      ],
      "passes": [],
      "failures": [],
      "pending": [],
      "skipped": [],
      "duration": 0,
      "root": true,
      "rootEmpty": true,
      "_timeout": 2000
    }
  ],
  "meta": {
    "mocha": {
      "version": "7.0.1"
    },
    "mochawesome": {
      "options": {
        "quiet": false,
        "reportFilename": "mochawesome",
        "saveHtml": false,
        "saveJson": true,
        "consoleReporter": "spec",
        "useInlineDiffs": false,
        "code": true
      },
      "version": "7.1.3"
    },
    "marge": {
      "options": {
        "reportDir": "cypress/reports",
        "overwrite": false,
        "html": false,
        "json": true
      },
      "version": "6.2.0"
    }
  }
}