{
  "stats": {
    "suites": 1,
    "tests": 1,
    "passes": 0,
    "pending": 0,
    "failures": 1,
    "start": "2022-12-15T23:09:36.211Z",
    "end": "2022-12-15T23:09:46.247Z",
    "duration": 10036,
    "testsRegistered": 5,
    "passPercent": 0,
    "pendingPercent": 0,
    "other": 0,
    "hasOther": false,
    "skipped": 4,
    "hasSkipped": true
  },
  "results": [
    {
      "uuid": "634b6d19-f909-4a60-8548-1e2f82ace2e9",
      "title": "",
      "fullFile": "cypress\\e2e\\spec\\add-to-cart.cy.js",
      "file": "cypress\\e2e\\spec\\add-to-cart.cy.js",
      "beforeHooks": [],
      "afterHooks": [],
      "tests": [],
      "suites": [
        {
          "uuid": "60ef6bae-1916-4f9b-8a86-311da7b65702",
          "title": "Add items to cart",
          "fullFile": "",
          "file": "",
          "beforeHooks": [],
          "afterHooks": [],
          "tests": [
            {
              "title": "should add one item to cart",
              "fullTitle": "Add items to cart should add one item to cart",
              "timedOut": null,
              "duration": 9973,
              "state": "failed",
              "speed": null,
              "pass": false,
              "fail": true,
              "pending": false,
              "context": null,
              "code": "_products.default.addOneItemToCart(); // adds a single item to the cart\n\ncy.get('#top-cart').should('have.text', '$30.00'); // asserts that the cart total is $30 after the item has been added\ncy.get(_products.default.cartSummary).should('be.visible'); //asserts that the cart Summary popup is visible after item is added to cart",
              "err": {
                "message": "AssertionError: Timed out retrying after 4000ms: expected 'https://dev-mlluudmotpwoldtv.us.auth0.com/login?state=hKFo2SBCeEoyVzQ3bF9xRTFUajZPUUJjc19RLVY5MXJRSmg4V6FupWxvZ2luo3RpZNkgbGdFSXI3Rm43WjJXdmhncllxNTdaUVY5ZG1RNkZseW-jY2lk2SBHbzVxVW16cTFLcWNnTzFIUVdNbWI5ZHFxRFVEOElQdQ&client=Go5qUmzq1KqcgO1HQWMmb9dqqDUD8IPu&protocol=oauth2&scope=openid%20profile%20email&response_type=code&redirect_uri=https%3A%2F%2Fui-automation-camp.vercel.app%2Fapi%2Fauth%2Fcallback&nonce=XUdr-GfxK_PIziIJ4g5TDmxCG7OHCguyetNovWo8frc&code_challenge=6t1Gr4-Irfgwxd-sXPQdoQ9K0283uFRwqFwLmz_NzHU&code_challenge_method=S256' to equal 'https://ui-automation-camp.vercel.app/products'\n\nBecause this error occurred during a `before each` hook we are skipping the remaining tests in the current suite: `Add items to cart`",
                "estack": "AssertionError: Timed out retrying after 4000ms: expected 'https://dev-mlluudmotpwoldtv.us.auth0.com/login?state=hKFo2SBCeEoyVzQ3bF9xRTFUajZPUUJjc19RLVY5MXJRSmg4V6FupWxvZ2luo3RpZNkgbGdFSXI3Rm43WjJXdmhncllxNTdaUVY5ZG1RNkZseW-jY2lk2SBHbzVxVW16cTFLcWNnTzFIUVdNbWI5ZHFxRFVEOElQdQ&client=Go5qUmzq1KqcgO1HQWMmb9dqqDUD8IPu&protocol=oauth2&scope=openid%20profile%20email&response_type=code&redirect_uri=https%3A%2F%2Fui-automation-camp.vercel.app%2Fapi%2Fauth%2Fcallback&nonce=XUdr-GfxK_PIziIJ4g5TDmxCG7OHCguyetNovWo8frc&code_challenge=6t1Gr4-Irfgwxd-sXPQdoQ9K0283uFRwqFwLmz_NzHU&code_challenge_method=S256' to equal 'https://ui-automation-camp.vercel.app/products'\n\nBecause this error occurred during a `before each` hook we are skipping the remaining tests in the current suite: `Add items to cart`\n    at Context.eval (webpack:///./cypress/e2e/spec/add-to-cart.cy.js:9:17)",
                "diff": "- '\\'https://dev-mlluudmotpwoldtv.us.auth0.com/login?state=hKFo2SBCeEoyVzQ3bF9xRTFUajZPUUJjc19RLVY5MXJRSmg4V6FupWxvZ2luo3RpZNkgbGdFSXI3Rm43WjJXdmhncllxNTdaUVY5ZG1RNkZseW-jY2lk2SBHbzVxVW16cTFLcWNnTzFIUVdNbWI5ZHFxRFVEOElQdQ&client=Go5qUmzq1KqcgO1HQWMmb9dqqDUD8IPu&protocol=oauth2&scope=openid%20profile%20email&response_type=code&redirect_uri=https%3A%2F%2Fui-automation-camp.vercel.app%2Fapi%2Fauth%2Fcallback&nonce=XUdr-GfxK_PIziIJ4g5TDmxCG7OHCguyetNovWo8frc&code_challenge=6t1Gr4-Irfgwxd-sXPQdoQ9K0283uFRwqFwLmz_NzHU&code_challenge_method=S256\\''\n+ '\\'https://ui-automation-camp.vercel.app/products\\''\n"
              },
              "uuid": "bdd4492e-3792-41c3-8376-658fbc606468",
              "parentUUID": "60ef6bae-1916-4f9b-8a86-311da7b65702",
              "isHook": false,
              "skipped": false
            },
            {
              "title": "should add multiple items to cart",
              "fullTitle": "Add items to cart should add multiple items to cart",
              "timedOut": null,
              "duration": 0,
              "state": "skipped",
              "speed": null,
              "pass": false,
              "fail": false,
              "pending": false,
              "context": null,
              "code": "_products.default.addMultipleItemsToCart(); // adds multiple items to the cart\n\ncy.get('#top-cart').should('have.text', '$74.00');\ncy.get(_products.default.cartSummary).should('be.visible');",
              "err": {},
              "uuid": "4e6b92ea-fc06-4397-bfc1-980c4c9600d9",
              "parentUUID": "60ef6bae-1916-4f9b-8a86-311da7b65702",
              "isHook": false,
              "skipped": true
            },
            {
              "title": "should add an item to cart after searching",
              "fullTitle": "Add items to cart should add an item to cart after searching",
              "timedOut": null,
              "duration": 0,
              "state": "skipped",
              "speed": null,
              "pass": false,
              "fail": false,
              "pending": false,
              "context": null,
              "code": "_products.default.addtoCartAfterSearch(\"Trucker\"); //inserts trucker into the search field and adds the item to the cart\n\ncy.get('#top-cart').should('have.text', '$24.00');\ncy.get(_products.default.cartSummary).should('be.visible');",
              "err": {},
              "uuid": "cd9edbf7-b86d-423e-9cea-cfeee85d4d0e",
              "parentUUID": "60ef6bae-1916-4f9b-8a86-311da7b65702",
              "isHook": false,
              "skipped": true
            },
            {
              "title": "should add an item to cart after sorting",
              "fullTitle": "Add items to cart should add an item to cart after sorting",
              "timedOut": null,
              "duration": 0,
              "state": "skipped",
              "speed": null,
              "pass": false,
              "fail": false,
              "pending": false,
              "context": null,
              "code": "cy.get(_products.default.sortSelect).select('aToZ'); //selects the A to Z option in the sort option\ncy.wait(6000); //waits for the page to load so that an item can be selected\n_products.default.addtoCartAfterSort(); //adds an item to the cart after the products are sorted\n\ncy.get('#top-cart').should('have.text', '$1000.00');\ncy.get(_products.default.cartSummary).should('be.visible');",
              "err": {},
              "uuid": "b166a3ec-0b40-47e4-a669-dd998382077d",
              "parentUUID": "60ef6bae-1916-4f9b-8a86-311da7b65702",
              "isHook": false,
              "skipped": true
            },
            {
              "title": "should add an item to cart after category selection",
              "fullTitle": "Add items to cart should add an item to cart after category selection",
              "timedOut": null,
              "duration": 0,
              "state": "skipped",
              "speed": null,
              "pass": false,
              "fail": false,
              "pending": false,
              "context": null,
              "code": "cy.get(_products.default.categorySelect).select('hat'); // selects the hat option in the category field\n_products.default.addtoCartAfterCategorySelect(); // adds an item to the cart after the category is selected\n\ncy.get('#top-cart').should('have.text', '$30.00');\ncy.get(_products.default.cartSummary).should('be.visible');",
              "err": {},
              "uuid": "50cdc714-cb15-48b4-8a45-75ec685ea5bd",
              "parentUUID": "60ef6bae-1916-4f9b-8a86-311da7b65702",
              "isHook": false,
              "skipped": true
            }
          ],
          "suites": [],
          "passes": [],
          "failures": [
            "bdd4492e-3792-41c3-8376-658fbc606468"
          ],
          "pending": [],
          "skipped": [
            "4e6b92ea-fc06-4397-bfc1-980c4c9600d9",
            "cd9edbf7-b86d-423e-9cea-cfeee85d4d0e",
            "b166a3ec-0b40-47e4-a669-dd998382077d",
            "50cdc714-cb15-48b4-8a45-75ec685ea5bd"
          ],
          "duration": 9973,
          "root": false,
          "rootEmpty": false,
          "_timeout": 2000
        }
      ],
      "passes": [],
      "failures": [],
      "pending": [],
      "skipped": [],
      "duration": 0,
      "root": true,
      "rootEmpty": true,
      "_timeout": 2000
    }
  ],
  "meta": {
    "mocha": {
      "version": "7.0.1"
    },
    "mochawesome": {
      "options": {
        "quiet": false,
        "reportFilename": "mochawesome",
        "saveHtml": false,
        "saveJson": true,
        "consoleReporter": "spec",
        "useInlineDiffs": false,
        "code": true
      },
      "version": "7.1.3"
    },
    "marge": {
      "options": {
        "reportDir": "cypress/reports",
        "overwrite": false,
        "html": false,
        "json": true
      },
      "version": "6.2.0"
    }
  }
}