{
  "stats": {
    "suites": 1,
    "tests": 1,
    "passes": 0,
    "pending": 0,
    "failures": 1,
    "start": "2022-12-15T22:55:15.232Z",
    "end": "2022-12-15T22:55:22.063Z",
    "duration": 6831,
    "testsRegistered": 3,
    "passPercent": 0,
    "pendingPercent": 0,
    "other": 0,
    "hasOther": false,
    "skipped": 2,
    "hasSkipped": true
  },
  "results": [
    {
      "uuid": "a329e0fa-c225-4ba5-b8e3-78f560e2e9db",
      "title": "",
      "fullFile": "cypress\\e2e\\spec\\contact.cy.js",
      "file": "cypress\\e2e\\spec\\contact.cy.js",
      "beforeHooks": [],
      "afterHooks": [],
      "tests": [],
      "suites": [
        {
          "uuid": "afe32b27-d3e6-415d-871b-9b4f50887f59",
          "title": "Contact Page",
          "fullFile": "",
          "file": "",
          "beforeHooks": [],
          "afterHooks": [],
          "tests": [
            {
              "title": "should verify that the email address is correct",
              "fullTitle": "Contact Page should verify that the email address is correct",
              "timedOut": null,
              "duration": 6775,
              "state": "failed",
              "speed": null,
              "pass": false,
              "fail": true,
              "pending": false,
              "context": null,
              "code": "cy.get(_contactPage.default.emailAddress).should('have.text', 'info@qualityworkscg.com'); // should verify that the email address on the contact page is correct",
              "err": {
                "message": "AssertionError: Timed out retrying after 4000ms: expected 'https://dev-mlluudmotpwoldtv.us.auth0.com/login?state=hKFo2SBXeVk1LTBpRlByS29tN1pRUkJXZEdBYldEVHhCSzY0d6FupWxvZ2luo3RpZNkgcTFfTzBEWWliNmNyLUFraG11aldOWElEVndRNHlyYVGjY2lk2SBHbzVxVW16cTFLcWNnTzFIUVdNbWI5ZHFxRFVEOElQdQ&client=Go5qUmzq1KqcgO1HQWMmb9dqqDUD8IPu&protocol=oauth2&scope=openid%20profile%20email&response_type=code&redirect_uri=https%3A%2F%2Fui-automation-camp.vercel.app%2Fapi%2Fauth%2Fcallback&nonce=SU80I_xjHig8AZ7aSXNrRn0i6lVFtyhqA8-x4UjVU7s&code_challenge=rsHUwZsP2B9bFwTYi1WdzqApaVMahyyRIQT3h7TdK4s&code_challenge_method=S256' to equal 'https://ui-automation-camp.vercel.app/products'\n\nBecause this error occurred during a `before each` hook we are skipping the remaining tests in the current suite: `Contact Page`",
                "estack": "AssertionError: Timed out retrying after 4000ms: expected 'https://dev-mlluudmotpwoldtv.us.auth0.com/login?state=hKFo2SBXeVk1LTBpRlByS29tN1pRUkJXZEdBYldEVHhCSzY0d6FupWxvZ2luo3RpZNkgcTFfTzBEWWliNmNyLUFraG11aldOWElEVndRNHlyYVGjY2lk2SBHbzVxVW16cTFLcWNnTzFIUVdNbWI5ZHFxRFVEOElQdQ&client=Go5qUmzq1KqcgO1HQWMmb9dqqDUD8IPu&protocol=oauth2&scope=openid%20profile%20email&response_type=code&redirect_uri=https%3A%2F%2Fui-automation-camp.vercel.app%2Fapi%2Fauth%2Fcallback&nonce=SU80I_xjHig8AZ7aSXNrRn0i6lVFtyhqA8-x4UjVU7s&code_challenge=rsHUwZsP2B9bFwTYi1WdzqApaVMahyyRIQT3h7TdK4s&code_challenge_method=S256' to equal 'https://ui-automation-camp.vercel.app/products'\n\nBecause this error occurred during a `before each` hook we are skipping the remaining tests in the current suite: `Contact Page`\n    at Context.eval (webpack:///./cypress/e2e/spec/contact.cy.js:9:17)",
                "diff": "- '\\'https://dev-mlluudmotpwoldtv.us.auth0.com/login?state=hKFo2SBXeVk1LTBpRlByS29tN1pRUkJXZEdBYldEVHhCSzY0d6FupWxvZ2luo3RpZNkgcTFfTzBEWWliNmNyLUFraG11aldOWElEVndRNHlyYVGjY2lk2SBHbzVxVW16cTFLcWNnTzFIUVdNbWI5ZHFxRFVEOElQdQ&client=Go5qUmzq1KqcgO1HQWMmb9dqqDUD8IPu&protocol=oauth2&scope=openid%20profile%20email&response_type=code&redirect_uri=https%3A%2F%2Fui-automation-camp.vercel.app%2Fapi%2Fauth%2Fcallback&nonce=SU80I_xjHig8AZ7aSXNrRn0i6lVFtyhqA8-x4UjVU7s&code_challenge=rsHUwZsP2B9bFwTYi1WdzqApaVMahyyRIQT3h7TdK4s&code_challenge_method=S256\\''\n+ '\\'https://ui-automation-camp.vercel.app/products\\''\n"
              },
              "uuid": "6481d276-afe5-491c-bbd6-fc73772076cb",
              "parentUUID": "afe32b27-d3e6-415d-871b-9b4f50887f59",
              "isHook": false,
              "skipped": false
            },
            {
              "title": "should send a message",
              "fullTitle": "Contact Page should send a message",
              "timedOut": null,
              "duration": 0,
              "state": "skipped",
              "speed": null,
              "pass": false,
              "fail": false,
              "pending": false,
              "context": null,
              "code": "_contactPage.default.sendMessage(\"Ky\", \"Levy\", \"kylev@mail.com\", \"Bootcamp\", \"When does it start?\"); // sends  a message \n\ncy.wait(5000);\ncy.get(_contactPage.default.confirmation).should('be.visible'); //checks if the message sent notification is visiblw",
              "err": {},
              "uuid": "ed64107d-44b5-4f03-bdb2-ac222061ec8c",
              "parentUUID": "afe32b27-d3e6-415d-871b-9b4f50887f59",
              "isHook": false,
              "skipped": true
            },
            {
              "title": "should not send a message without email",
              "fullTitle": "Contact Page should not send a message without email",
              "timedOut": null,
              "duration": 0,
              "state": "skipped",
              "speed": null,
              "pass": false,
              "fail": false,
              "pending": false,
              "context": null,
              "code": "_contactPage.default.sendMessageWithoutEmail(\"Ky\", \"Levy\", \"Bootcamp\", \"When does it start?\"); // should try to send a message without an email address\n\ncy.wait(5000);\ncy.get(_contactPage.default.emailField).should('have.text', 'Field is required!'); //should check if an error message is displayed",
              "err": {},
              "uuid": "79c41c45-94e7-4f5a-aef5-0580b6385280",
              "parentUUID": "afe32b27-d3e6-415d-871b-9b4f50887f59",
              "isHook": false,
              "skipped": true
            }
          ],
          "suites": [],
          "passes": [],
          "failures": [
            "6481d276-afe5-491c-bbd6-fc73772076cb"
          ],
          "pending": [],
          "skipped": [
            "ed64107d-44b5-4f03-bdb2-ac222061ec8c",
            "79c41c45-94e7-4f5a-aef5-0580b6385280"
          ],
          "duration": 6775,
          "root": false,
          "rootEmpty": false,
          "_timeout": 2000
        }
      ],
      "passes": [],
      "failures": [],
      "pending": [],
      "skipped": [],
      "duration": 0,
      "root": true,
      "rootEmpty": true,
      "_timeout": 2000
    }
  ],
  "meta": {
    "mocha": {
      "version": "7.0.1"
    },
    "mochawesome": {
      "options": {
        "quiet": false,
        "reportFilename": "mochawesome",
        "saveHtml": false,
        "saveJson": true,
        "consoleReporter": "spec",
        "useInlineDiffs": false,
        "code": true
      },
      "version": "7.1.3"
    },
    "marge": {
      "options": {
        "reportDir": "cypress/reports",
        "overwrite": false,
        "html": false,
        "json": true
      },
      "version": "6.2.0"
    }
  }
}