{
  "stats": {
    "suites": 1,
    "tests": 1,
    "passes": 0,
    "pending": 0,
    "failures": 1,
    "start": "2022-12-15T23:02:06.131Z",
    "end": "2022-12-15T23:02:11.986Z",
    "duration": 5855,
    "testsRegistered": 3,
    "passPercent": 0,
    "pendingPercent": 0,
    "other": 0,
    "hasOther": false,
    "skipped": 2,
    "hasSkipped": true
  },
  "results": [
    {
      "uuid": "8ecead71-2379-432f-89d5-44fba5cde652",
      "title": "",
      "fullFile": "cypress\\e2e\\spec\\filter-and-sort.cy.js",
      "file": "cypress\\e2e\\spec\\filter-and-sort.cy.js",
      "beforeHooks": [],
      "afterHooks": [],
      "tests": [],
      "suites": [
        {
          "uuid": "108811e0-684e-42fe-bb0c-044078a0ada2",
          "title": "Filter and sort products",
          "fullFile": "",
          "file": "",
          "beforeHooks": [],
          "afterHooks": [],
          "tests": [
            {
              "title": "should sort from A to Z",
              "fullTitle": "Filter and sort products should sort from A to Z",
              "timedOut": null,
              "duration": 5773,
              "state": "failed",
              "speed": null,
              "pass": false,
              "fail": true,
              "pending": false,
              "context": null,
              "code": "cy.get(_products.default.sortSelect).select('aToZ');\nconst qualityProducts = ['Quality Stylish Shoes', 'Dell Laptop', 'Gray Couch', 'HP Laptop', 'Mackbook Pro', 'Quality Blue Shoes', 'Quality Cargo Pants', 'Quality Fitted Hat', 'Quality Heal Shoes', 'Quality Hooded Sweatshirt', 'Quality Jeans Pants', 'Quality Kids Tshirt', 'Quality Trucker Hat', 'Quality Mousepad', 'Quality Mug', 'Quality Pillow', 'Quality Pink Pants', 'Red Couch', 'Quality Sweatshirt', 'Quality Tshirt', 'Quality Vneck', 'White Couch'];\nqualityProducts.sort();\ncy.wait(5000);\ncy.get(_sort.default.productNames).each(($elem, index) => {\n  expect($elem.text()).equal(qualityProducts[index]);\n});",
              "err": {
                "message": "AssertionError: Timed out retrying after 4000ms: Expected to find element: `[type=email]`, but never found it.\n\nBecause this error occurred during a `before each` hook we are skipping the remaining tests in the current suite: `Filter and sort products`",
                "estack": "AssertionError: Timed out retrying after 4000ms: Expected to find element: `[type=email]`, but never found it.\n\nBecause this error occurred during a `before each` hook we are skipping the remaining tests in the current suite: `Filter and sort products`\n    at Authenthication.login (webpack:///./cypress/e2e/page/auth.js:34:11)\n    at Context.eval (webpack:///./cypress/e2e/spec/filter-and-sort.cy.js:8:13)",
                "diff": null
              },
              "uuid": "97a8cb33-e360-4491-aa13-7c0eebf6feef",
              "parentUUID": "108811e0-684e-42fe-bb0c-044078a0ada2",
              "isHook": false,
              "skipped": false
            },
            {
              "title": "should sort from Z to A",
              "fullTitle": "Filter and sort products should sort from Z to A",
              "timedOut": null,
              "duration": 0,
              "state": "skipped",
              "speed": null,
              "pass": false,
              "fail": false,
              "pending": false,
              "context": null,
              "code": "cy.get(_products.default.sortSelect).select('zToA');\nconst qualityProducts = ['Dell Laptop', 'Gray Couch', 'HP Laptop', 'Mackbook Pro', 'Quality Blue Shoes', 'Quality Cargo Pants', 'Quality Fitted Hat', 'Quality Heal Shoes', 'Quality Hooded Sweatshirt', 'Quality Jeans Pants', 'Quality Kids Tshirt', 'Quality Mousepad', 'Quality Mug', 'Quality Pillow', 'Quality Pink Pants', 'Quality Stylish Shoes', 'Quality Sweatshirt', 'Quality Trucker Hat', 'Quality Tshirt', 'Quality Vneck', 'Red Couch', 'White Couch'];\nqualityProducts.sort().reverse();\ncy.wait(5000);\ncy.get(_sort.default.productNames).each(($elem, index) => {\n  expect($elem.text()).equal(qualityProducts[index]);\n});",
              "err": {},
              "uuid": "17aecc08-366f-462e-98cb-aa630a465e21",
              "parentUUID": "108811e0-684e-42fe-bb0c-044078a0ada2",
              "isHook": false,
              "skipped": true
            },
            {
              "title": "should filter by category",
              "fullTitle": "Filter and sort products should filter by category",
              "timedOut": null,
              "duration": 0,
              "state": "skipped",
              "speed": null,
              "pass": false,
              "fail": false,
              "pending": false,
              "context": null,
              "code": "cy.get(_products.default.categorySelect).select('laptop'); // selects the laptop option in the category field\nconst laptops = [\"Mackbook Pro\", \"Dell Laptop\", \"HP Laptop\"];\ncy.wait(5000);\ncy.get(_sort.default.productNames).each(($elem, index) => {\n  expect($elem.text()).equal(laptops[index]);\n});",
              "err": {},
              "uuid": "67ac92ab-d1c5-4246-9898-6963e9af0b5b",
              "parentUUID": "108811e0-684e-42fe-bb0c-044078a0ada2",
              "isHook": false,
              "skipped": true
            }
          ],
          "suites": [],
          "passes": [],
          "failures": [
            "97a8cb33-e360-4491-aa13-7c0eebf6feef"
          ],
          "pending": [],
          "skipped": [
            "17aecc08-366f-462e-98cb-aa630a465e21",
            "67ac92ab-d1c5-4246-9898-6963e9af0b5b"
          ],
          "duration": 5773,
          "root": false,
          "rootEmpty": false,
          "_timeout": 2000
        }
      ],
      "passes": [],
      "failures": [],
      "pending": [],
      "skipped": [],
      "duration": 0,
      "root": true,
      "rootEmpty": true,
      "_timeout": 2000
    }
  ],
  "meta": {
    "mocha": {
      "version": "7.0.1"
    },
    "mochawesome": {
      "options": {
        "quiet": false,
        "reportFilename": "mochawesome",
        "saveHtml": false,
        "saveJson": true,
        "consoleReporter": "spec",
        "useInlineDiffs": false,
        "code": true
      },
      "version": "7.1.3"
    },
    "marge": {
      "options": {
        "reportDir": "cypress/reports",
        "overwrite": false,
        "html": false,
        "json": true
      },
      "version": "6.2.0"
    }
  }
}