{
  "stats": {
    "suites": 1,
    "tests": 1,
    "passes": 0,
    "pending": 5,
    "failures": -4,
    "start": "2022-12-15T22:54:44.273Z",
    "end": "2022-12-15T22:54:48.575Z",
    "duration": 4302,
    "testsRegistered": 7,
    "passPercent": 0,
    "pendingPercent": 71.42857142857143,
    "other": 5,
    "hasOther": true,
    "skipped": 6,
    "hasSkipped": true
  },
  "results": [
    {
      "uuid": "e9f77ac5-396e-4d23-8662-292c1b4590b0",
      "title": "",
      "fullFile": "cypress\\e2e\\spec\\authentication.cy.js",
      "file": "cypress\\e2e\\spec\\authentication.cy.js",
      "beforeHooks": [],
      "afterHooks": [],
      "tests": [],
      "suites": [
        {
          "uuid": "c1596613-8a54-4d36-b9e8-a8a874fa190e",
          "title": "Authenthication",
          "fullFile": "",
          "file": "",
          "beforeHooks": [],
          "afterHooks": [],
          "tests": [
            {
              "title": "should create an account for the application",
              "fullTitle": "Authenthication should create an account for the application",
              "timedOut": null,
              "duration": 0,
              "state": "pending",
              "speed": null,
              "pass": false,
              "fail": false,
              "pending": false,
              "context": null,
              "code": "_auth.default.signUp('pain@mail.com', 'P@$$w0rd!'); // registering a new account",
              "err": {},
              "uuid": "5712c9cd-155b-4fd9-ae07-455a5606bfe1",
              "parentUUID": "c1596613-8a54-4d36-b9e8-a8a874fa190e",
              "isHook": false,
              "skipped": true
            },
            {
              "title": "should login into the application",
              "fullTitle": "Authenthication should login into the application",
              "timedOut": null,
              "duration": 0,
              "state": "pending",
              "speed": null,
              "pass": false,
              "fail": false,
              "pending": false,
              "context": null,
              "code": "_auth.default.login(\"pain@mail.com\", \"P@$$w0rd!\");\ncy.url().should('eq', 'https://ui-automation-camp.vercel.app/products'); // asserts that the user is taken to the products page after login",
              "err": {},
              "uuid": "e0933f22-e63d-4e5c-aaf2-1d43e52a462e",
              "parentUUID": "c1596613-8a54-4d36-b9e8-a8a874fa190e",
              "isHook": false,
              "skipped": true
            },
            {
              "title": "should not login with incorrect password",
              "fullTitle": "Authenthication should not login with incorrect password",
              "timedOut": null,
              "duration": 0,
              "state": "pending",
              "speed": null,
              "pass": false,
              "fail": false,
              "pending": false,
              "context": null,
              "code": "_auth.default.login(\"ellen@mail.com\", \"P@$$w0rd\"); // attempts to login with an incorrect password\n\ncy.get(_auth.default.errorMessage).should('have.text', 'Wrong email or password.'); // asserts that the user is prompted with an error message",
              "err": {},
              "uuid": "c02eb64e-e2d9-45b6-8d62-6d4b3ff5f69f",
              "parentUUID": "c1596613-8a54-4d36-b9e8-a8a874fa190e",
              "isHook": false,
              "skipped": true
            },
            {
              "title": "should not login with incorrect email",
              "fullTitle": "Authenthication should not login with incorrect email",
              "timedOut": null,
              "duration": 0,
              "state": "pending",
              "speed": null,
              "pass": false,
              "fail": false,
              "pending": false,
              "context": null,
              "code": "_auth.default.login(\"ell77en@mail.com\", \"P@$$w0rd!\"); // attempts to login with an incorrect email \n\ncy.get(_auth.default.errorMessage).should('have.text', 'Wrong email or password.'); // asserts that the user is prompted with an error message",
              "err": {},
              "uuid": "4d1d66c9-0eb3-4c71-8f76-f22855bf4e22",
              "parentUUID": "c1596613-8a54-4d36-b9e8-a8a874fa190e",
              "isHook": false,
              "skipped": true
            },
            {
              "title": "should not login with invalid email",
              "fullTitle": "Authenthication should not login with invalid email",
              "timedOut": null,
              "duration": 0,
              "state": "pending",
              "speed": null,
              "pass": false,
              "fail": false,
              "pending": false,
              "context": null,
              "code": "_auth.default.login(\"e7en@mail\", \"P@$$w0rd!\"); //attempts to login with an invalid email\n\ncy.get(_auth.default.invalidCredError).should('have.text', 'Email is invalid'); // asserts that the user is prompted with an error message",
              "err": {},
              "uuid": "10e08923-9685-4f68-a58a-38771c859828",
              "parentUUID": "c1596613-8a54-4d36-b9e8-a8a874fa190e",
              "isHook": false,
              "skipped": true
            },
            {
              "title": "should not create an account for the application without password",
              "fullTitle": "Authenthication should not create an account for the application without password",
              "timedOut": null,
              "duration": 4224,
              "state": "failed",
              "speed": null,
              "pass": false,
              "fail": true,
              "pending": false,
              "context": null,
              "code": "_auth.default.signUpWithoutPassword('ellen@mail.com'); // attempts to create an account without a password\n\ncy.get(_auth.default.invalidCredError).should('have.text', \"Password can't be blank\"); // asserts that the user is prompted with an error message",
              "err": {
                "message": "AssertionError: Timed out retrying after 4000ms: Expected to find element: `[type=email]`, but never found it.\n\nBecause this error occurred during a `before each` hook we are skipping the remaining tests in the current suite: `Authenthication`",
                "estack": "AssertionError: Timed out retrying after 4000ms: Expected to find element: `[type=email]`, but never found it.\n\nBecause this error occurred during a `before each` hook we are skipping the remaining tests in the current suite: `Authenthication`\n    at Authenthication.login (webpack:///./cypress/e2e/page/auth.js:34:11)\n    at Context.eval (webpack:///./cypress/e2e/spec/authentication.cy.js:4:13)",
                "diff": null
              },
              "uuid": "50a99950-8444-4702-9c32-250d64500a85",
              "parentUUID": "c1596613-8a54-4d36-b9e8-a8a874fa190e",
              "isHook": false,
              "skipped": false
            },
            {
              "title": "should not login without password",
              "fullTitle": "Authenthication should not login without password",
              "timedOut": null,
              "duration": 0,
              "state": "skipped",
              "speed": null,
              "pass": false,
              "fail": false,
              "pending": false,
              "context": null,
              "code": "_auth.default.loginWithoutPassword(\"pain@mail.com\"); // attempts to login without password\n\ncy.get(_auth.default.invalidCredError).should('have.text', \"Password can't be blank\"); // asserts that the user is prompted with an error message",
              "err": {},
              "uuid": "cb73c4de-5a0f-460c-b7b3-a623d5388d1d",
              "parentUUID": "c1596613-8a54-4d36-b9e8-a8a874fa190e",
              "isHook": false,
              "skipped": true
            }
          ],
          "suites": [],
          "passes": [],
          "failures": [
            "50a99950-8444-4702-9c32-250d64500a85"
          ],
          "pending": [],
          "skipped": [
            "5712c9cd-155b-4fd9-ae07-455a5606bfe1",
            "e0933f22-e63d-4e5c-aaf2-1d43e52a462e",
            "c02eb64e-e2d9-45b6-8d62-6d4b3ff5f69f",
            "4d1d66c9-0eb3-4c71-8f76-f22855bf4e22",
            "10e08923-9685-4f68-a58a-38771c859828",
            "cb73c4de-5a0f-460c-b7b3-a623d5388d1d"
          ],
          "duration": 4224,
          "root": false,
          "rootEmpty": false,
          "_timeout": 2000
        }
      ],
      "passes": [],
      "failures": [],
      "pending": [],
      "skipped": [],
      "duration": 0,
      "root": true,
      "rootEmpty": true,
      "_timeout": 2000
    }
  ],
  "meta": {
    "mocha": {
      "version": "7.0.1"
    },
    "mochawesome": {
      "options": {
        "quiet": false,
        "reportFilename": "mochawesome",
        "saveHtml": false,
        "saveJson": true,
        "consoleReporter": "spec",
        "useInlineDiffs": false,
        "code": true
      },
      "version": "7.1.3"
    },
    "marge": {
      "options": {
        "reportDir": "cypress/reports",
        "overwrite": false,
        "html": false,
        "json": true
      },
      "version": "6.2.0"
    }
  }
}