{
  "stats": {
    "suites": 1,
    "tests": 1,
    "passes": 0,
    "pending": 0,
    "failures": 1,
    "start": "2022-12-15T23:01:33.750Z",
    "end": "2022-12-15T23:01:40.668Z",
    "duration": 6918,
    "testsRegistered": 3,
    "passPercent": 0,
    "pendingPercent": 0,
    "other": 0,
    "hasOther": false,
    "skipped": 2,
    "hasSkipped": true
  },
  "results": [
    {
      "uuid": "25894a70-ec15-44f0-ab7f-7c2a277c6187",
      "title": "",
      "fullFile": "cypress\\e2e\\spec\\cart.cy.js",
      "file": "cypress\\e2e\\spec\\cart.cy.js",
      "beforeHooks": [],
      "afterHooks": [],
      "tests": [],
      "suites": [
        {
          "uuid": "331cb237-0cf5-48e5-a540-cec8439550fc",
          "title": "Cart interactions",
          "fullFile": "",
          "file": "",
          "beforeHooks": [],
          "afterHooks": [],
          "tests": [
            {
              "title": "should increase item quantity",
              "fullTitle": "Cart interactions should increase item quantity",
              "timedOut": null,
              "duration": 6814,
              "state": "failed",
              "speed": null,
              "pass": false,
              "fail": true,
              "pending": false,
              "context": null,
              "code": "_products.default.addOneItemToCart(); //cy.get(cart.itemAmount).should('have.text','1')\n\n_cart.default.increaseItemQuantity();\ncy.get(_cart.default.itemAmount).should('have.text', '2');",
              "err": {
                "message": "AssertionError: Timed out retrying after 4000ms: Expected to find element: `[type=email]`, but never found it.\n\nBecause this error occurred during a `before each` hook we are skipping the remaining tests in the current suite: `Cart interactions`",
                "estack": "AssertionError: Timed out retrying after 4000ms: Expected to find element: `[type=email]`, but never found it.\n\nBecause this error occurred during a `before each` hook we are skipping the remaining tests in the current suite: `Cart interactions`\n    at Authenthication.login (webpack:///./cypress/e2e/page/auth.js:34:11)\n    at Context.eval (webpack:///./cypress/e2e/spec/cart.cy.js:9:13)",
                "diff": null
              },
              "uuid": "f52507f9-c621-4e7a-9054-adfc8a8d7ef9",
              "parentUUID": "331cb237-0cf5-48e5-a540-cec8439550fc",
              "isHook": false,
              "skipped": false
            },
            {
              "title": "should decrease item quantity",
              "fullTitle": "Cart interactions should decrease item quantity",
              "timedOut": null,
              "duration": 0,
              "state": "skipped",
              "speed": null,
              "pass": false,
              "fail": false,
              "pending": false,
              "context": null,
              "code": "_products.default.addItemToCartTwice(); //cy.get(cart.itemAmount).should('have.text','2')\n\n_cart.default.decreaseItemQuantity();\ncy.get(_cart.default.itemAmount).should('have.text', '1');",
              "err": {},
              "uuid": "d53c7bde-c46c-48eb-b42e-a7149f5dba52",
              "parentUUID": "331cb237-0cf5-48e5-a540-cec8439550fc",
              "isHook": false,
              "skipped": true
            },
            {
              "title": "should delete item from cart",
              "fullTitle": "Cart interactions should delete item from cart",
              "timedOut": null,
              "duration": 0,
              "state": "skipped",
              "speed": null,
              "pass": false,
              "fail": false,
              "pending": false,
              "context": null,
              "code": "_products.default.addOneItemToCart(); //cy.wait(6000)\n//cy.get(cart.itemAmount).should('have.text','1')\n\n_cart.default.deleteItemFromCart();\ncy.get(_cart.default.cartItem).should('not.exist');",
              "err": {},
              "uuid": "d1b2ca0a-b275-4869-8933-2c0ae59883cf",
              "parentUUID": "331cb237-0cf5-48e5-a540-cec8439550fc",
              "isHook": false,
              "skipped": true
            }
          ],
          "suites": [],
          "passes": [],
          "failures": [
            "f52507f9-c621-4e7a-9054-adfc8a8d7ef9"
          ],
          "pending": [],
          "skipped": [
            "d53c7bde-c46c-48eb-b42e-a7149f5dba52",
            "d1b2ca0a-b275-4869-8933-2c0ae59883cf"
          ],
          "duration": 6814,
          "root": false,
          "rootEmpty": false,
          "_timeout": 2000
        }
      ],
      "passes": [],
      "failures": [],
      "pending": [],
      "skipped": [],
      "duration": 0,
      "root": true,
      "rootEmpty": true,
      "_timeout": 2000
    }
  ],
  "meta": {
    "mocha": {
      "version": "7.0.1"
    },
    "mochawesome": {
      "options": {
        "quiet": false,
        "reportFilename": "mochawesome",
        "saveHtml": false,
        "saveJson": true,
        "consoleReporter": "spec",
        "useInlineDiffs": false,
        "code": true
      },
      "version": "7.1.3"
    },
    "marge": {
      "options": {
        "reportDir": "cypress/reports",
        "overwrite": false,
        "html": false,
        "json": true
      },
      "version": "6.2.0"
    }
  }
}