{
  "stats": {
    "suites": 1,
    "tests": 1,
    "passes": 0,
    "pending": 0,
    "failures": 1,
    "start": "2022-12-15T23:01:55.617Z",
    "end": "2022-12-15T23:02:02.572Z",
    "duration": 6955,
    "testsRegistered": 3,
    "passPercent": 0,
    "pendingPercent": 0,
    "other": 0,
    "hasOther": false,
    "skipped": 2,
    "hasSkipped": true
  },
  "results": [
    {
      "uuid": "2f379eb0-6481-46ee-a79c-2a7c678b82c8",
      "title": "",
      "fullFile": "cypress\\e2e\\spec\\contact.cy.js",
      "file": "cypress\\e2e\\spec\\contact.cy.js",
      "beforeHooks": [],
      "afterHooks": [],
      "tests": [],
      "suites": [
        {
          "uuid": "b7de32df-3ef1-4798-917d-ada388b385e1",
          "title": "Contact Page",
          "fullFile": "",
          "file": "",
          "beforeHooks": [],
          "afterHooks": [],
          "tests": [
            {
              "title": "should verify that the email address is correct",
              "fullTitle": "Contact Page should verify that the email address is correct",
              "timedOut": null,
              "duration": 6842,
              "state": "failed",
              "speed": null,
              "pass": false,
              "fail": true,
              "pending": false,
              "context": null,
              "code": "cy.get(_contactPage.default.emailAddress).should('have.text', 'info@qualityworkscg.com'); // should verify that the email address on the contact page is correct",
              "err": {
                "message": "AssertionError: Timed out retrying after 4000ms: Expected to find element: `[type=email]`, but never found it.\n\nBecause this error occurred during a `before each` hook we are skipping the remaining tests in the current suite: `Contact Page`",
                "estack": "AssertionError: Timed out retrying after 4000ms: Expected to find element: `[type=email]`, but never found it.\n\nBecause this error occurred during a `before each` hook we are skipping the remaining tests in the current suite: `Contact Page`\n    at Authenthication.login (webpack:///./cypress/e2e/page/auth.js:34:11)\n    at Context.eval (webpack:///./cypress/e2e/spec/contact.cy.js:8:13)",
                "diff": null
              },
              "uuid": "0e1ff28e-97b7-49b8-a1fe-b946dcab74b8",
              "parentUUID": "b7de32df-3ef1-4798-917d-ada388b385e1",
              "isHook": false,
              "skipped": false
            },
            {
              "title": "should send a message",
              "fullTitle": "Contact Page should send a message",
              "timedOut": null,
              "duration": 0,
              "state": "skipped",
              "speed": null,
              "pass": false,
              "fail": false,
              "pending": false,
              "context": null,
              "code": "_contactPage.default.sendMessage(\"Ky\", \"Levy\", \"kylev@mail.com\", \"Bootcamp\", \"When does it start?\"); // sends  a message \n\ncy.wait(5000);\ncy.get(_contactPage.default.confirmation).should('be.visible'); //checks if the message sent notification is visiblw",
              "err": {},
              "uuid": "cc2cbc7a-0dd8-446d-b2ef-0a03a8958056",
              "parentUUID": "b7de32df-3ef1-4798-917d-ada388b385e1",
              "isHook": false,
              "skipped": true
            },
            {
              "title": "should not send a message without email",
              "fullTitle": "Contact Page should not send a message without email",
              "timedOut": null,
              "duration": 0,
              "state": "skipped",
              "speed": null,
              "pass": false,
              "fail": false,
              "pending": false,
              "context": null,
              "code": "_contactPage.default.sendMessageWithoutEmail(\"Ky\", \"Levy\", \"Bootcamp\", \"When does it start?\"); // should try to send a message without an email address\n\ncy.wait(5000);\ncy.get(_contactPage.default.emailField).should('have.text', 'Field is required!'); //should check if an error message is displayed",
              "err": {},
              "uuid": "6f0a6104-da78-4a65-ae27-c11c2d8e4a1f",
              "parentUUID": "b7de32df-3ef1-4798-917d-ada388b385e1",
              "isHook": false,
              "skipped": true
            }
          ],
          "suites": [],
          "passes": [],
          "failures": [
            "0e1ff28e-97b7-49b8-a1fe-b946dcab74b8"
          ],
          "pending": [],
          "skipped": [
            "cc2cbc7a-0dd8-446d-b2ef-0a03a8958056",
            "6f0a6104-da78-4a65-ae27-c11c2d8e4a1f"
          ],
          "duration": 6842,
          "root": false,
          "rootEmpty": false,
          "_timeout": 2000
        }
      ],
      "passes": [],
      "failures": [],
      "pending": [],
      "skipped": [],
      "duration": 0,
      "root": true,
      "rootEmpty": true,
      "_timeout": 2000
    }
  ],
  "meta": {
    "mocha": {
      "version": "7.0.1"
    },
    "mochawesome": {
      "options": {
        "quiet": false,
        "reportFilename": "mochawesome",
        "saveHtml": false,
        "saveJson": true,
        "consoleReporter": "spec",
        "useInlineDiffs": false,
        "code": true
      },
      "version": "7.1.3"
    },
    "marge": {
      "options": {
        "reportDir": "cypress/reports",
        "overwrite": false,
        "html": false,
        "json": true
      },
      "version": "6.2.0"
    }
  }
}