{
  "stats": {
    "suites": 1,
    "tests": 1,
    "passes": 0,
    "pending": 2,
    "failures": -1,
    "start": "2022-12-15T23:10:15.668Z",
    "end": "2022-12-15T23:10:23.308Z",
    "duration": 7640,
    "testsRegistered": 3,
    "passPercent": 0,
    "pendingPercent": 66.66666666666666,
    "other": 2,
    "hasOther": true,
    "skipped": 2,
    "hasSkipped": true
  },
  "results": [
    {
      "uuid": "2cfbd7f7-0c90-43b7-a790-60e64edfa0c5",
      "title": "",
      "fullFile": "cypress\\e2e\\spec\\checkout.cy.js",
      "file": "cypress\\e2e\\spec\\checkout.cy.js",
      "beforeHooks": [],
      "afterHooks": [],
      "tests": [],
      "suites": [
        {
          "uuid": "93b7fdbe-d26f-4a68-ad85-96266b3b8f02",
          "title": "Checkout products",
          "fullFile": "",
          "file": "",
          "beforeHooks": [],
          "afterHooks": [],
          "tests": [
            {
              "title": "should checkout one product",
              "fullTitle": "Checkout products should checkout one product",
              "timedOut": null,
              "duration": 0,
              "state": "pending",
              "speed": null,
              "pass": false,
              "fail": false,
              "pending": false,
              "context": null,
              "code": "_products.default.addOneItemToCart();\ncy.wait(3000);\n_checkout.default.checkoutProduct(\"Mia Miller\", \"mm@mail.com\", \"34 Daisy Street\", \"1\", \"Raleigh\", \"Jamaica\", \"Kingston\", \"27607\");\ncy.wait(2000);\n_checkout.default.continuetoPaymentBtn.click({\n  force: true\n});\ncy.wait(4000);\n_checkout.default.payment();\ncy.get(_checkout.default.successMessage).should('have.text', 'Thank you for your order');",
              "err": {},
              "uuid": "d56a51ac-68a6-4435-8576-71eb9476d8cd",
              "parentUUID": "93b7fdbe-d26f-4a68-ad85-96266b3b8f02",
              "isHook": false,
              "skipped": true
            },
            {
              "title": "should checkout multiple products",
              "fullTitle": "Checkout products should checkout multiple products",
              "timedOut": null,
              "duration": 0,
              "state": "pending",
              "speed": null,
              "pass": false,
              "fail": false,
              "pending": false,
              "context": null,
              "code": "_products.default.addMultipleItemsToCart();\ncy.wait(3000);\n_checkout.default.checkoutProduct(\"Mia Miller\", \"mm@mail.com\", \"34 Daisy Street\", \"1\", \"Raleigh\", \"Jamaica\", \"Kingston\", \"27607\");\ncy.wait(2000);\n_checkout.default.continuetoPaymentBtn.click({\n  force: true\n});\ncy.wait(4000);\n_checkout.default.payment();\ncy.get(_checkout.default.successMessage).should('have.text', 'Thank you for your order');",
              "err": {},
              "uuid": "b0e9ac4f-777a-4f1b-aaba-0916ff6703f9",
              "parentUUID": "93b7fdbe-d26f-4a68-ad85-96266b3b8f02",
              "isHook": false,
              "skipped": true
            },
            {
              "title": "should not checkout without email address",
              "fullTitle": "Checkout products should not checkout without email address",
              "timedOut": null,
              "duration": 7563,
              "state": "failed",
              "speed": null,
              "pass": false,
              "fail": true,
              "pending": false,
              "context": null,
              "code": "_products.default.addOneItemToCart();\n_checkout.default.checkoutProductWithoutEmail(\"Lois King\", \"33 Free Lane\", '4', \"Portmore\", \"Jamaica\", \"St. Catherine\", \"34552\");\n_checkout.default.continuetoPaymentBtn.click({\n  force: true\n});\ncy.wait(6000);\ncy.get(_checkout.default.emailError).should('have.text', 'This field is required'); //cy.get(checkout.billingTitle).should('have.text','Billing')",
              "err": {
                "message": "AssertionError: Timed out retrying after 4000ms: expected 'https://dev-mlluudmotpwoldtv.us.auth0.com/login?state=hKFo2SBuOV9OemhvSVlmR1NWa21GV2lLSTl0ZGE4dC1xR2EteKFupWxvZ2luo3RpZNkgeFpzcXRpX3Y1Z09VMnZESWJpRk1fdDNKSk5uNmFRUHGjY2lk2SBHbzVxVW16cTFLcWNnTzFIUVdNbWI5ZHFxRFVEOElQdQ&client=Go5qUmzq1KqcgO1HQWMmb9dqqDUD8IPu&protocol=oauth2&scope=openid%20profile%20email&response_type=code&redirect_uri=https%3A%2F%2Fui-automation-camp.vercel.app%2Fapi%2Fauth%2Fcallback&nonce=koxu4CdN-fEg1OVwA4P3lEjcamPI092wqfgSfVCHvvs&code_challenge=pGzmmxZgzr1zLGtM6zc17n7p_Qfs8xv1I3JOJ93UfZw&code_challenge_method=S256' to equal 'https://ui-automation-camp.vercel.app/products'\n\nBecause this error occurred during a `before each` hook we are skipping the remaining tests in the current suite: `Checkout products`",
                "estack": "AssertionError: Timed out retrying after 4000ms: expected 'https://dev-mlluudmotpwoldtv.us.auth0.com/login?state=hKFo2SBuOV9OemhvSVlmR1NWa21GV2lLSTl0ZGE4dC1xR2EteKFupWxvZ2luo3RpZNkgeFpzcXRpX3Y1Z09VMnZESWJpRk1fdDNKSk5uNmFRUHGjY2lk2SBHbzVxVW16cTFLcWNnTzFIUVdNbWI5ZHFxRFVEOElQdQ&client=Go5qUmzq1KqcgO1HQWMmb9dqqDUD8IPu&protocol=oauth2&scope=openid%20profile%20email&response_type=code&redirect_uri=https%3A%2F%2Fui-automation-camp.vercel.app%2Fapi%2Fauth%2Fcallback&nonce=koxu4CdN-fEg1OVwA4P3lEjcamPI092wqfgSfVCHvvs&code_challenge=pGzmmxZgzr1zLGtM6zc17n7p_Qfs8xv1I3JOJ93UfZw&code_challenge_method=S256' to equal 'https://ui-automation-camp.vercel.app/products'\n\nBecause this error occurred during a `before each` hook we are skipping the remaining tests in the current suite: `Checkout products`\n    at Context.eval (webpack:///./cypress/e2e/spec/checkout.cy.js:11:17)",
                "diff": "- '\\'https://dev-mlluudmotpwoldtv.us.auth0.com/login?state=hKFo2SBuOV9OemhvSVlmR1NWa21GV2lLSTl0ZGE4dC1xR2EteKFupWxvZ2luo3RpZNkgeFpzcXRpX3Y1Z09VMnZESWJpRk1fdDNKSk5uNmFRUHGjY2lk2SBHbzVxVW16cTFLcWNnTzFIUVdNbWI5ZHFxRFVEOElQdQ&client=Go5qUmzq1KqcgO1HQWMmb9dqqDUD8IPu&protocol=oauth2&scope=openid%20profile%20email&response_type=code&redirect_uri=https%3A%2F%2Fui-automation-camp.vercel.app%2Fapi%2Fauth%2Fcallback&nonce=koxu4CdN-fEg1OVwA4P3lEjcamPI092wqfgSfVCHvvs&code_challenge=pGzmmxZgzr1zLGtM6zc17n7p_Qfs8xv1I3JOJ93UfZw&code_challenge_method=S256\\''\n+ '\\'https://ui-automation-camp.vercel.app/products\\''\n"
              },
              "uuid": "0c6ee4aa-ab61-456f-b413-73ce827e5a89",
              "parentUUID": "93b7fdbe-d26f-4a68-ad85-96266b3b8f02",
              "isHook": false,
              "skipped": false
            }
          ],
          "suites": [],
          "passes": [],
          "failures": [
            "0c6ee4aa-ab61-456f-b413-73ce827e5a89"
          ],
          "pending": [],
          "skipped": [
            "d56a51ac-68a6-4435-8576-71eb9476d8cd",
            "b0e9ac4f-777a-4f1b-aaba-0916ff6703f9"
          ],
          "duration": 7563,
          "root": false,
          "rootEmpty": false,
          "_timeout": 2000
        }
      ],
      "passes": [],
      "failures": [],
      "pending": [],
      "skipped": [],
      "duration": 0,
      "root": true,
      "rootEmpty": true,
      "_timeout": 2000
    }
  ],
  "meta": {
    "mocha": {
      "version": "7.0.1"
    },
    "mochawesome": {
      "options": {
        "quiet": false,
        "reportFilename": "mochawesome",
        "saveHtml": false,
        "saveJson": true,
        "consoleReporter": "spec",
        "useInlineDiffs": false,
        "code": true
      },
      "version": "7.1.3"
    },
    "marge": {
      "options": {
        "reportDir": "cypress/reports",
        "overwrite": false,
        "html": false,
        "json": true
      },
      "version": "6.2.0"
    }
  }
}