{
  "stats": {
    "suites": 1,
    "tests": 1,
    "passes": 0,
    "pending": 2,
    "failures": -1,
    "start": "2022-12-15T23:04:14.545Z",
    "end": "2022-12-15T23:04:22.618Z",
    "duration": 8073,
    "testsRegistered": 3,
    "passPercent": 0,
    "pendingPercent": 66.66666666666666,
    "other": 2,
    "hasOther": true,
    "skipped": 2,
    "hasSkipped": true
  },
  "results": [
    {
      "uuid": "343f83cf-115e-49cb-a5f0-c3d1aff3fb15",
      "title": "",
      "fullFile": "cypress\\e2e\\spec\\checkout.cy.js",
      "file": "cypress\\e2e\\spec\\checkout.cy.js",
      "beforeHooks": [],
      "afterHooks": [],
      "tests": [],
      "suites": [
        {
          "uuid": "daa5dec5-4d74-48ed-8d18-e29974a65c8a",
          "title": "Checkout products",
          "fullFile": "",
          "file": "",
          "beforeHooks": [],
          "afterHooks": [],
          "tests": [
            {
              "title": "should checkout one product",
              "fullTitle": "Checkout products should checkout one product",
              "timedOut": null,
              "duration": 0,
              "state": "pending",
              "speed": null,
              "pass": false,
              "fail": false,
              "pending": false,
              "context": null,
              "code": "_products.default.addOneItemToCart();\ncy.wait(3000);\n_checkout.default.checkoutProduct(\"Mia Miller\", \"mm@mail.com\", \"34 Daisy Street\", \"1\", \"Raleigh\", \"Jamaica\", \"Kingston\", \"27607\");\ncy.wait(2000);\n_checkout.default.continuetoPaymentBtn.click({\n  force: true\n});\ncy.wait(4000);\n_checkout.default.payment();\ncy.get(_checkout.default.successMessage).should('have.text', 'Thank you for your order');",
              "err": {},
              "uuid": "0358fba3-f18b-406a-b2a4-2d8c8c77efbe",
              "parentUUID": "daa5dec5-4d74-48ed-8d18-e29974a65c8a",
              "isHook": false,
              "skipped": true
            },
            {
              "title": "should checkout multiple products",
              "fullTitle": "Checkout products should checkout multiple products",
              "timedOut": null,
              "duration": 0,
              "state": "pending",
              "speed": null,
              "pass": false,
              "fail": false,
              "pending": false,
              "context": null,
              "code": "_products.default.addMultipleItemsToCart();\ncy.wait(3000);\n_checkout.default.checkoutProduct(\"Mia Miller\", \"mm@mail.com\", \"34 Daisy Street\", \"1\", \"Raleigh\", \"Jamaica\", \"Kingston\", \"27607\");\ncy.wait(2000);\n_checkout.default.continuetoPaymentBtn.click({\n  force: true\n});\ncy.wait(4000);\n_checkout.default.payment();\ncy.get(_checkout.default.successMessage).should('have.text', 'Thank you for your order');",
              "err": {},
              "uuid": "b71da027-4911-4a01-8d4c-7c5aec755372",
              "parentUUID": "daa5dec5-4d74-48ed-8d18-e29974a65c8a",
              "isHook": false,
              "skipped": true
            },
            {
              "title": "should not checkout without email address",
              "fullTitle": "Checkout products should not checkout without email address",
              "timedOut": null,
              "duration": 8002,
              "state": "failed",
              "speed": null,
              "pass": false,
              "fail": true,
              "pending": false,
              "context": null,
              "code": "_products.default.addOneItemToCart();\n_checkout.default.checkoutProductWithoutEmail(\"Lois King\", \"33 Free Lane\", '4', \"Portmore\", \"Jamaica\", \"St. Catherine\", \"34552\");\n_checkout.default.continuetoPaymentBtn.click({\n  force: true\n});\ncy.wait(6000);\ncy.get(_checkout.default.emailError).should('have.text', 'This field is required'); //cy.get(checkout.billingTitle).should('have.text','Billing')",
              "err": {
                "message": "AssertionError: Timed out retrying after 4000ms: expected 'https://dev-mlluudmotpwoldtv.us.auth0.com/login?state=hKFo2SBoNG5kMzR2NFU5Z0ZXeVZQNWdQYVBrMmJFMTF2SXFvZKFupWxvZ2luo3RpZNkgUmpkanFXcG1YaXoxVmVfalE3T00yRTQzT2dabW92akqjY2lk2SBHbzVxVW16cTFLcWNnTzFIUVdNbWI5ZHFxRFVEOElQdQ&client=Go5qUmzq1KqcgO1HQWMmb9dqqDUD8IPu&protocol=oauth2&scope=openid%20profile%20email&response_type=code&redirect_uri=https%3A%2F%2Fui-automation-camp.vercel.app%2Fapi%2Fauth%2Fcallback&nonce=-s009j6246XQ54gnqxIvHJNlO4EucmTEiaJ07xrudXQ&code_challenge=Bg7wRe_q1c-SChRaHOleGvMNSBZhvxi_Zkj28li2qfA&code_challenge_method=S256' to equal 'https://ui-automation-camp.vercel.app/products'\n\nBecause this error occurred during a `before each` hook we are skipping the remaining tests in the current suite: `Checkout products`",
                "estack": "AssertionError: Timed out retrying after 4000ms: expected 'https://dev-mlluudmotpwoldtv.us.auth0.com/login?state=hKFo2SBoNG5kMzR2NFU5Z0ZXeVZQNWdQYVBrMmJFMTF2SXFvZKFupWxvZ2luo3RpZNkgUmpkanFXcG1YaXoxVmVfalE3T00yRTQzT2dabW92akqjY2lk2SBHbzVxVW16cTFLcWNnTzFIUVdNbWI5ZHFxRFVEOElQdQ&client=Go5qUmzq1KqcgO1HQWMmb9dqqDUD8IPu&protocol=oauth2&scope=openid%20profile%20email&response_type=code&redirect_uri=https%3A%2F%2Fui-automation-camp.vercel.app%2Fapi%2Fauth%2Fcallback&nonce=-s009j6246XQ54gnqxIvHJNlO4EucmTEiaJ07xrudXQ&code_challenge=Bg7wRe_q1c-SChRaHOleGvMNSBZhvxi_Zkj28li2qfA&code_challenge_method=S256' to equal 'https://ui-automation-camp.vercel.app/products'\n\nBecause this error occurred during a `before each` hook we are skipping the remaining tests in the current suite: `Checkout products`\n    at Context.eval (webpack:///./cypress/e2e/spec/checkout.cy.js:11:17)",
                "diff": "- '\\'https://dev-mlluudmotpwoldtv.us.auth0.com/login?state=hKFo2SBoNG5kMzR2NFU5Z0ZXeVZQNWdQYVBrMmJFMTF2SXFvZKFupWxvZ2luo3RpZNkgUmpkanFXcG1YaXoxVmVfalE3T00yRTQzT2dabW92akqjY2lk2SBHbzVxVW16cTFLcWNnTzFIUVdNbWI5ZHFxRFVEOElQdQ&client=Go5qUmzq1KqcgO1HQWMmb9dqqDUD8IPu&protocol=oauth2&scope=openid%20profile%20email&response_type=code&redirect_uri=https%3A%2F%2Fui-automation-camp.vercel.app%2Fapi%2Fauth%2Fcallback&nonce=-s009j6246XQ54gnqxIvHJNlO4EucmTEiaJ07xrudXQ&code_challenge=Bg7wRe_q1c-SChRaHOleGvMNSBZhvxi_Zkj28li2qfA&code_challenge_method=S256\\''\n+ '\\'https://ui-automation-camp.vercel.app/products\\''\n"
              },
              "uuid": "90d45473-a796-4bf9-a491-7e61ef784cf2",
              "parentUUID": "daa5dec5-4d74-48ed-8d18-e29974a65c8a",
              "isHook": false,
              "skipped": false
            }
          ],
          "suites": [],
          "passes": [],
          "failures": [
            "90d45473-a796-4bf9-a491-7e61ef784cf2"
          ],
          "pending": [],
          "skipped": [
            "0358fba3-f18b-406a-b2a4-2d8c8c77efbe",
            "b71da027-4911-4a01-8d4c-7c5aec755372"
          ],
          "duration": 8002,
          "root": false,
          "rootEmpty": false,
          "_timeout": 2000
        }
      ],
      "passes": [],
      "failures": [],
      "pending": [],
      "skipped": [],
      "duration": 0,
      "root": true,
      "rootEmpty": true,
      "_timeout": 2000
    }
  ],
  "meta": {
    "mocha": {
      "version": "7.0.1"
    },
    "mochawesome": {
      "options": {
        "quiet": false,
        "reportFilename": "mochawesome",
        "saveHtml": false,
        "saveJson": true,
        "consoleReporter": "spec",
        "useInlineDiffs": false,
        "code": true
      },
      "version": "7.1.3"
    },
    "marge": {
      "options": {
        "reportDir": "cypress/reports",
        "overwrite": false,
        "html": false,
        "json": true
      },
      "version": "6.2.0"
    }
  }
}