{
  "stats": {
    "suites": 1,
    "tests": 1,
    "passes": 0,
    "pending": 0,
    "failures": 1,
    "start": "2022-12-15T22:55:47.301Z",
    "end": "2022-12-15T22:55:54.371Z",
    "duration": 7070,
    "testsRegistered": 3,
    "passPercent": 0,
    "pendingPercent": 0,
    "other": 0,
    "hasOther": false,
    "skipped": 2,
    "hasSkipped": true
  },
  "results": [
    {
      "uuid": "7730fcbb-c365-4ddf-994f-de90a550bf64",
      "title": "",
      "fullFile": "cypress\\e2e\\spec\\product-details.cy.js",
      "file": "cypress\\e2e\\spec\\product-details.cy.js",
      "beforeHooks": [],
      "afterHooks": [],
      "tests": [],
      "suites": [
        {
          "uuid": "c4aab8fc-3d6e-4455-b3f8-f4d40c933e26",
          "title": "Product details",
          "fullFile": "",
          "file": "",
          "beforeHooks": [],
          "afterHooks": [],
          "tests": [
            {
              "title": "should verify the Quality Mug price",
              "fullTitle": "Product details should verify the Quality Mug price",
              "timedOut": null,
              "duration": 7001,
              "state": "failed",
              "speed": null,
              "pass": false,
              "fail": true,
              "pending": false,
              "context": null,
              "code": "//cy.get(prodDetails.mugTitle).should('have.text','Quality Mug')\ncy.get(_prodDetails.default.mugPrice).should('have.text', 'Price : $15');",
              "err": {
                "message": "AssertionError: Timed out retrying after 4000ms: expected 'https://dev-mlluudmotpwoldtv.us.auth0.com/login?state=hKFo2SBJVWhRcnpMRWFtZUpxU2VYRGhUWjhDTlNpdWV4ZTU5a6FupWxvZ2luo3RpZNkgZzNxQlVmaHFaV2M2VEdVd0pGVGZwYl9OczhRVk5KYnKjY2lk2SBHbzVxVW16cTFLcWNnTzFIUVdNbWI5ZHFxRFVEOElQdQ&client=Go5qUmzq1KqcgO1HQWMmb9dqqDUD8IPu&protocol=oauth2&scope=openid%20profile%20email&response_type=code&redirect_uri=https%3A%2F%2Fui-automation-camp.vercel.app%2Fapi%2Fauth%2Fcallback&nonce=87ogKTAlMloR3_QjbZaaSzbdI4l7Eq8SyM8QaH9kv3g&code_challenge=yoBheofuxash0XtK7KwdalzyjzM1PjaULxzRImdA2Mw&code_challenge_method=S256' to equal 'https://ui-automation-camp.vercel.app/products'\n\nBecause this error occurred during a `before each` hook we are skipping the remaining tests in the current suite: `Product details`",
                "estack": "AssertionError: Timed out retrying after 4000ms: expected 'https://dev-mlluudmotpwoldtv.us.auth0.com/login?state=hKFo2SBJVWhRcnpMRWFtZUpxU2VYRGhUWjhDTlNpdWV4ZTU5a6FupWxvZ2luo3RpZNkgZzNxQlVmaHFaV2M2VEdVd0pGVGZwYl9OczhRVk5KYnKjY2lk2SBHbzVxVW16cTFLcWNnTzFIUVdNbWI5ZHFxRFVEOElQdQ&client=Go5qUmzq1KqcgO1HQWMmb9dqqDUD8IPu&protocol=oauth2&scope=openid%20profile%20email&response_type=code&redirect_uri=https%3A%2F%2Fui-automation-camp.vercel.app%2Fapi%2Fauth%2Fcallback&nonce=87ogKTAlMloR3_QjbZaaSzbdI4l7Eq8SyM8QaH9kv3g&code_challenge=yoBheofuxash0XtK7KwdalzyjzM1PjaULxzRImdA2Mw&code_challenge_method=S256' to equal 'https://ui-automation-camp.vercel.app/products'\n\nBecause this error occurred during a `before each` hook we are skipping the remaining tests in the current suite: `Product details`\n    at Context.eval (webpack:///./cypress/e2e/spec/product-details.cy.js:10:17)",
                "diff": "- '\\'https://dev-mlluudmotpwoldtv.us.auth0.com/login?state=hKFo2SBJVWhRcnpMRWFtZUpxU2VYRGhUWjhDTlNpdWV4ZTU5a6FupWxvZ2luo3RpZNkgZzNxQlVmaHFaV2M2VEdVd0pGVGZwYl9OczhRVk5KYnKjY2lk2SBHbzVxVW16cTFLcWNnTzFIUVdNbWI5ZHFxRFVEOElQdQ&client=Go5qUmzq1KqcgO1HQWMmb9dqqDUD8IPu&protocol=oauth2&scope=openid%20profile%20email&response_type=code&redirect_uri=https%3A%2F%2Fui-automation-camp.vercel.app%2Fapi%2Fauth%2Fcallback&nonce=87ogKTAlMloR3_QjbZaaSzbdI4l7Eq8SyM8QaH9kv3g&code_challenge=yoBheofuxash0XtK7KwdalzyjzM1PjaULxzRImdA2Mw&code_challenge_method=S256\\''\n+ '\\'https://ui-automation-camp.vercel.app/products\\''\n"
              },
              "uuid": "ceb3acd7-bd52-47ce-a6fd-ea645fdcedc5",
              "parentUUID": "c4aab8fc-3d6e-4455-b3f8-f4d40c933e26",
              "isHook": false,
              "skipped": false
            },
            {
              "title": "should verify that the product has the correct category",
              "fullTitle": "Product details should verify that the product has the correct category",
              "timedOut": null,
              "duration": 0,
              "state": "skipped",
              "speed": null,
              "pass": false,
              "fail": false,
              "pending": false,
              "context": null,
              "code": "cy.get(_prodDetails.default.category).should('have.text', 'cup');",
              "err": {},
              "uuid": "79c259ec-3264-4922-a9dd-d90fe8a8c6c4",
              "parentUUID": "c4aab8fc-3d6e-4455-b3f8-f4d40c933e26",
              "isHook": false,
              "skipped": true
            },
            {
              "title": "should return to the products page",
              "fullTitle": "Product details should return to the products page",
              "timedOut": null,
              "duration": 0,
              "state": "skipped",
              "speed": null,
              "pass": false,
              "fail": false,
              "pending": false,
              "context": null,
              "code": "_prodDetails.default.goBacktoProducts();\ncy.url().should('eq', 'https://ui-automation-camp.vercel.app/products');",
              "err": {},
              "uuid": "7005d520-2c3e-4e8e-a085-d39c2fa27833",
              "parentUUID": "c4aab8fc-3d6e-4455-b3f8-f4d40c933e26",
              "isHook": false,
              "skipped": true
            }
          ],
          "suites": [],
          "passes": [],
          "failures": [
            "ceb3acd7-bd52-47ce-a6fd-ea645fdcedc5"
          ],
          "pending": [],
          "skipped": [
            "79c259ec-3264-4922-a9dd-d90fe8a8c6c4",
            "7005d520-2c3e-4e8e-a085-d39c2fa27833"
          ],
          "duration": 7001,
          "root": false,
          "rootEmpty": false,
          "_timeout": 2000
        }
      ],
      "passes": [],
      "failures": [],
      "pending": [],
      "skipped": [],
      "duration": 0,
      "root": true,
      "rootEmpty": true,
      "_timeout": 2000
    }
  ],
  "meta": {
    "mocha": {
      "version": "7.0.1"
    },
    "mochawesome": {
      "options": {
        "quiet": false,
        "reportFilename": "mochawesome",
        "saveHtml": false,
        "saveJson": true,
        "consoleReporter": "spec",
        "useInlineDiffs": false,
        "code": true
      },
      "version": "7.1.3"
    },
    "marge": {
      "options": {
        "reportDir": "cypress/reports",
        "overwrite": false,
        "html": false,
        "json": true
      },
      "version": "6.2.0"
    }
  }
}