{
  "stats": {
    "suites": 1,
    "tests": 1,
    "passes": 0,
    "pending": 0,
    "failures": 1,
    "start": "2022-12-15T23:01:09.049Z",
    "end": "2022-12-15T23:01:21.826Z",
    "duration": 12777,
    "testsRegistered": 5,
    "passPercent": 0,
    "pendingPercent": 0,
    "other": 0,
    "hasOther": false,
    "skipped": 4,
    "hasSkipped": true
  },
  "results": [
    {
      "uuid": "c5da364c-bbc7-4f1e-8925-0c1483de40ed",
      "title": "",
      "fullFile": "cypress\\e2e\\spec\\add-to-cart.cy.js",
      "file": "cypress\\e2e\\spec\\add-to-cart.cy.js",
      "beforeHooks": [],
      "afterHooks": [],
      "tests": [],
      "suites": [
        {
          "uuid": "220eca91-fbd6-406c-9b55-c5a3e0bb295c",
          "title": "Add items to cart",
          "fullFile": "",
          "file": "",
          "beforeHooks": [],
          "afterHooks": [],
          "tests": [
            {
              "title": "should add one item to cart",
              "fullTitle": "Add items to cart should add one item to cart",
              "timedOut": null,
              "duration": 12715,
              "state": "failed",
              "speed": null,
              "pass": false,
              "fail": true,
              "pending": false,
              "context": null,
              "code": "_products.default.addOneItemToCart(); // adds a single item to the cart\n\ncy.get('#top-cart').should('have.text', '$30.00'); // asserts that the cart total is $30 after the item has been added\ncy.get(_products.default.cartSummary).should('be.visible'); //asserts that the cart Summary popup is visible after item is added to cart",
              "err": {
                "message": "AssertionError: Timed out retrying after 4000ms: expected 'https://ui-automation-camp.vercel.app/api/auth/callback?code=-SslMr5Fozi40AqYw0AL1Y_Ck4gD3ayhrnHKpi7eiab_-&state=eyJyZXR1cm5UbyI6Ii9wcm9kdWN0cyJ9' to equal 'https://ui-automation-camp.vercel.app/products'\n\nBecause this error occurred during a `before each` hook we are skipping the remaining tests in the current suite: `Add items to cart`",
                "estack": "AssertionError: Timed out retrying after 4000ms: expected 'https://ui-automation-camp.vercel.app/api/auth/callback?code=-SslMr5Fozi40AqYw0AL1Y_Ck4gD3ayhrnHKpi7eiab_-&state=eyJyZXR1cm5UbyI6Ii9wcm9kdWN0cyJ9' to equal 'https://ui-automation-camp.vercel.app/products'\n\nBecause this error occurred during a `before each` hook we are skipping the remaining tests in the current suite: `Add items to cart`\n    at Context.eval (webpack:///./cypress/e2e/spec/add-to-cart.cy.js:9:17)",
                "diff": "- '\\'https://ui-automation-camp.vercel.app/api/auth/callback?code=-SslMr5Fozi40AqYw0AL1Y_Ck4gD3ayhrnHKpi7eiab_-&state=eyJyZXR1cm5UbyI6Ii9wcm9kdWN0cyJ9\\''\n+ '\\'https://ui-automation-camp.vercel.app/products\\''\n"
              },
              "uuid": "b5ae5a9c-6899-4b60-9b13-65c1653d62ea",
              "parentUUID": "220eca91-fbd6-406c-9b55-c5a3e0bb295c",
              "isHook": false,
              "skipped": false
            },
            {
              "title": "should add multiple items to cart",
              "fullTitle": "Add items to cart should add multiple items to cart",
              "timedOut": null,
              "duration": 0,
              "state": "skipped",
              "speed": null,
              "pass": false,
              "fail": false,
              "pending": false,
              "context": null,
              "code": "_products.default.addMultipleItemsToCart(); // adds multiple items to the cart\n\ncy.get('#top-cart').should('have.text', '$74.00');\ncy.get(_products.default.cartSummary).should('be.visible');",
              "err": {},
              "uuid": "a1d6e138-ed46-42df-859e-24fa4826313c",
              "parentUUID": "220eca91-fbd6-406c-9b55-c5a3e0bb295c",
              "isHook": false,
              "skipped": true
            },
            {
              "title": "should add an item to cart after searching",
              "fullTitle": "Add items to cart should add an item to cart after searching",
              "timedOut": null,
              "duration": 0,
              "state": "skipped",
              "speed": null,
              "pass": false,
              "fail": false,
              "pending": false,
              "context": null,
              "code": "_products.default.addtoCartAfterSearch(\"Trucker\"); //inserts trucker into the search field and adds the item to the cart\n\ncy.get('#top-cart').should('have.text', '$24.00');\ncy.get(_products.default.cartSummary).should('be.visible');",
              "err": {},
              "uuid": "902d43b0-850f-4985-8d8e-a0fd6ec3c56c",
              "parentUUID": "220eca91-fbd6-406c-9b55-c5a3e0bb295c",
              "isHook": false,
              "skipped": true
            },
            {
              "title": "should add an item to cart after sorting",
              "fullTitle": "Add items to cart should add an item to cart after sorting",
              "timedOut": null,
              "duration": 0,
              "state": "skipped",
              "speed": null,
              "pass": false,
              "fail": false,
              "pending": false,
              "context": null,
              "code": "cy.get(_products.default.sortSelect).select('aToZ'); //selects the A to Z option in the sort option\ncy.wait(6000); //waits for the page to load so that an item can be selected\n_products.default.addtoCartAfterSort(); //adds an item to the cart after the products are sorted\n\ncy.get('#top-cart').should('have.text', '$1000.00');\ncy.get(_products.default.cartSummary).should('be.visible');",
              "err": {},
              "uuid": "0dddca08-2fd3-4002-9246-42cceb20f493",
              "parentUUID": "220eca91-fbd6-406c-9b55-c5a3e0bb295c",
              "isHook": false,
              "skipped": true
            },
            {
              "title": "should add an item to cart after category selection",
              "fullTitle": "Add items to cart should add an item to cart after category selection",
              "timedOut": null,
              "duration": 0,
              "state": "skipped",
              "speed": null,
              "pass": false,
              "fail": false,
              "pending": false,
              "context": null,
              "code": "cy.get(_products.default.categorySelect).select('hat'); // selects the hat option in the category field\n_products.default.addtoCartAfterCategorySelect(); // adds an item to the cart after the category is selected\n\ncy.get('#top-cart').should('have.text', '$30.00');\ncy.get(_products.default.cartSummary).should('be.visible');",
              "err": {},
              "uuid": "1e49bbb2-e8ee-42f6-8319-0fd94cbfcce5",
              "parentUUID": "220eca91-fbd6-406c-9b55-c5a3e0bb295c",
              "isHook": false,
              "skipped": true
            }
          ],
          "suites": [],
          "passes": [],
          "failures": [
            "b5ae5a9c-6899-4b60-9b13-65c1653d62ea"
          ],
          "pending": [],
          "skipped": [
            "a1d6e138-ed46-42df-859e-24fa4826313c",
            "902d43b0-850f-4985-8d8e-a0fd6ec3c56c",
            "0dddca08-2fd3-4002-9246-42cceb20f493",
            "1e49bbb2-e8ee-42f6-8319-0fd94cbfcce5"
          ],
          "duration": 12715,
          "root": false,
          "rootEmpty": false,
          "_timeout": 2000
        }
      ],
      "passes": [],
      "failures": [],
      "pending": [],
      "skipped": [],
      "duration": 0,
      "root": true,
      "rootEmpty": true,
      "_timeout": 2000
    }
  ],
  "meta": {
    "mocha": {
      "version": "7.0.1"
    },
    "mochawesome": {
      "options": {
        "quiet": false,
        "reportFilename": "mochawesome",
        "saveHtml": false,
        "saveJson": true,
        "consoleReporter": "spec",
        "useInlineDiffs": false,
        "code": true
      },
      "version": "7.1.3"
    },
    "marge": {
      "options": {
        "reportDir": "cypress/reports",
        "overwrite": false,
        "html": false,
        "json": true
      },
      "version": "6.2.0"
    }
  }
}