{
  "stats": {
    "suites": 1,
    "tests": 1,
    "passes": 0,
    "pending": 0,
    "failures": 1,
    "start": "2022-12-15T23:04:26.613Z",
    "end": "2022-12-15T23:04:33.418Z",
    "duration": 6805,
    "testsRegistered": 3,
    "passPercent": 0,
    "pendingPercent": 0,
    "other": 0,
    "hasOther": false,
    "skipped": 2,
    "hasSkipped": true
  },
  "results": [
    {
      "uuid": "acbf7ce9-1faa-4308-9ae2-46c4375695fc",
      "title": "",
      "fullFile": "cypress\\e2e\\spec\\contact.cy.js",
      "file": "cypress\\e2e\\spec\\contact.cy.js",
      "beforeHooks": [],
      "afterHooks": [],
      "tests": [],
      "suites": [
        {
          "uuid": "84447fe8-3a02-40c1-b9a6-12706c81c785",
          "title": "Contact Page",
          "fullFile": "",
          "file": "",
          "beforeHooks": [],
          "afterHooks": [],
          "tests": [
            {
              "title": "should verify that the email address is correct",
              "fullTitle": "Contact Page should verify that the email address is correct",
              "timedOut": null,
              "duration": 6745,
              "state": "failed",
              "speed": null,
              "pass": false,
              "fail": true,
              "pending": false,
              "context": null,
              "code": "cy.get(_contactPage.default.emailAddress).should('have.text', 'info@qualityworkscg.com'); // should verify that the email address on the contact page is correct",
              "err": {
                "message": "AssertionError: Timed out retrying after 4000ms: expected 'https://dev-mlluudmotpwoldtv.us.auth0.com/login?state=hKFo2SAtRi1JdWFVWnVDSDJ0dVFhWmVGSTdUZEg3TjcxOVVBaKFupWxvZ2luo3RpZNkgU2ZDTHpId1owZVFNa1k5V3RDRUZrMkczTHFHeFNRR0GjY2lk2SBHbzVxVW16cTFLcWNnTzFIUVdNbWI5ZHFxRFVEOElQdQ&client=Go5qUmzq1KqcgO1HQWMmb9dqqDUD8IPu&protocol=oauth2&scope=openid%20profile%20email&response_type=code&redirect_uri=https%3A%2F%2Fui-automation-camp.vercel.app%2Fapi%2Fauth%2Fcallback&nonce=Z_9BLz8iZTY7L5Tzdk1QTYlXitVA9VVaSUsXaes0ASY&code_challenge=dyVlHZ1QfpsZq-yXti8aq5Aa1rRltQW8zfskitY-TZw&code_challenge_method=S256' to equal 'https://ui-automation-camp.vercel.app/products'\n\nBecause this error occurred during a `before each` hook we are skipping the remaining tests in the current suite: `Contact Page`",
                "estack": "AssertionError: Timed out retrying after 4000ms: expected 'https://dev-mlluudmotpwoldtv.us.auth0.com/login?state=hKFo2SAtRi1JdWFVWnVDSDJ0dVFhWmVGSTdUZEg3TjcxOVVBaKFupWxvZ2luo3RpZNkgU2ZDTHpId1owZVFNa1k5V3RDRUZrMkczTHFHeFNRR0GjY2lk2SBHbzVxVW16cTFLcWNnTzFIUVdNbWI5ZHFxRFVEOElQdQ&client=Go5qUmzq1KqcgO1HQWMmb9dqqDUD8IPu&protocol=oauth2&scope=openid%20profile%20email&response_type=code&redirect_uri=https%3A%2F%2Fui-automation-camp.vercel.app%2Fapi%2Fauth%2Fcallback&nonce=Z_9BLz8iZTY7L5Tzdk1QTYlXitVA9VVaSUsXaes0ASY&code_challenge=dyVlHZ1QfpsZq-yXti8aq5Aa1rRltQW8zfskitY-TZw&code_challenge_method=S256' to equal 'https://ui-automation-camp.vercel.app/products'\n\nBecause this error occurred during a `before each` hook we are skipping the remaining tests in the current suite: `Contact Page`\n    at Context.eval (webpack:///./cypress/e2e/spec/contact.cy.js:9:17)",
                "diff": "- '\\'https://dev-mlluudmotpwoldtv.us.auth0.com/login?state=hKFo2SAtRi1JdWFVWnVDSDJ0dVFhWmVGSTdUZEg3TjcxOVVBaKFupWxvZ2luo3RpZNkgU2ZDTHpId1owZVFNa1k5V3RDRUZrMkczTHFHeFNRR0GjY2lk2SBHbzVxVW16cTFLcWNnTzFIUVdNbWI5ZHFxRFVEOElQdQ&client=Go5qUmzq1KqcgO1HQWMmb9dqqDUD8IPu&protocol=oauth2&scope=openid%20profile%20email&response_type=code&redirect_uri=https%3A%2F%2Fui-automation-camp.vercel.app%2Fapi%2Fauth%2Fcallback&nonce=Z_9BLz8iZTY7L5Tzdk1QTYlXitVA9VVaSUsXaes0ASY&code_challenge=dyVlHZ1QfpsZq-yXti8aq5Aa1rRltQW8zfskitY-TZw&code_challenge_method=S256\\''\n+ '\\'https://ui-automation-camp.vercel.app/products\\''\n"
              },
              "uuid": "1baa6639-80aa-47f0-9e9f-55f4fe2197ff",
              "parentUUID": "84447fe8-3a02-40c1-b9a6-12706c81c785",
              "isHook": false,
              "skipped": false
            },
            {
              "title": "should send a message",
              "fullTitle": "Contact Page should send a message",
              "timedOut": null,
              "duration": 0,
              "state": "skipped",
              "speed": null,
              "pass": false,
              "fail": false,
              "pending": false,
              "context": null,
              "code": "_contactPage.default.sendMessage(\"Ky\", \"Levy\", \"kylev@mail.com\", \"Bootcamp\", \"When does it start?\"); // sends  a message \n\ncy.wait(5000);\ncy.get(_contactPage.default.confirmation).should('be.visible'); //checks if the message sent notification is visiblw",
              "err": {},
              "uuid": "be131771-5f06-4e91-b662-597dab24d09b",
              "parentUUID": "84447fe8-3a02-40c1-b9a6-12706c81c785",
              "isHook": false,
              "skipped": true
            },
            {
              "title": "should not send a message without email",
              "fullTitle": "Contact Page should not send a message without email",
              "timedOut": null,
              "duration": 0,
              "state": "skipped",
              "speed": null,
              "pass": false,
              "fail": false,
              "pending": false,
              "context": null,
              "code": "_contactPage.default.sendMessageWithoutEmail(\"Ky\", \"Levy\", \"Bootcamp\", \"When does it start?\"); // should try to send a message without an email address\n\ncy.wait(5000);\ncy.get(_contactPage.default.emailField).should('have.text', 'Field is required!'); //should check if an error message is displayed",
              "err": {},
              "uuid": "acb44274-97ca-43bd-a50c-ffef9742530f",
              "parentUUID": "84447fe8-3a02-40c1-b9a6-12706c81c785",
              "isHook": false,
              "skipped": true
            }
          ],
          "suites": [],
          "passes": [],
          "failures": [
            "1baa6639-80aa-47f0-9e9f-55f4fe2197ff"
          ],
          "pending": [],
          "skipped": [
            "be131771-5f06-4e91-b662-597dab24d09b",
            "acb44274-97ca-43bd-a50c-ffef9742530f"
          ],
          "duration": 6745,
          "root": false,
          "rootEmpty": false,
          "_timeout": 2000
        }
      ],
      "passes": [],
      "failures": [],
      "pending": [],
      "skipped": [],
      "duration": 0,
      "root": true,
      "rootEmpty": true,
      "_timeout": 2000
    }
  ],
  "meta": {
    "mocha": {
      "version": "7.0.1"
    },
    "mochawesome": {
      "options": {
        "quiet": false,
        "reportFilename": "mochawesome",
        "saveHtml": false,
        "saveJson": true,
        "consoleReporter": "spec",
        "useInlineDiffs": false,
        "code": true
      },
      "version": "7.1.3"
    },
    "marge": {
      "options": {
        "reportDir": "cypress/reports",
        "overwrite": false,
        "html": false,
        "json": true
      },
      "version": "6.2.0"
    }
  }
}