{
  "stats": {
    "suites": 1,
    "tests": 1,
    "passes": 0,
    "pending": 0,
    "failures": 1,
    "start": "2022-12-15T23:02:15.658Z",
    "end": "2022-12-15T23:02:22.711Z",
    "duration": 7053,
    "testsRegistered": 3,
    "passPercent": 0,
    "pendingPercent": 0,
    "other": 0,
    "hasOther": false,
    "skipped": 2,
    "hasSkipped": true
  },
  "results": [
    {
      "uuid": "94dfe038-a256-49e5-8ca3-4862bb52e45d",
      "title": "",
      "fullFile": "cypress\\e2e\\spec\\prods-gallery.cy.js",
      "file": "cypress\\e2e\\spec\\prods-gallery.cy.js",
      "beforeHooks": [],
      "afterHooks": [],
      "tests": [],
      "suites": [
        {
          "uuid": "e56ef55a-364f-430a-ae1c-ddb24505b920",
          "title": "Cart interactions",
          "fullFile": "",
          "file": "",
          "beforeHooks": [],
          "afterHooks": [],
          "tests": [
            {
              "title": "verify content on the homepage",
              "fullTitle": "Cart interactions verify content on the homepage",
              "timedOut": null,
              "duration": 6954,
              "state": "failed",
              "speed": null,
              "pass": false,
              "fail": true,
              "pending": false,
              "context": null,
              "code": "cy.get(_homePage.default.pageHeaderTitle).should('have.text', 'Automation Camp Store');\ncy.get(_homePage.default.signOutBtn).should('have.text', 'Sign Out');\ncy.get(_homePage.default.productsTitle).should('have.text', 'Products');",
              "err": {
                "message": "AssertionError: Timed out retrying after 4000ms: Expected to find element: `[type=email]`, but never found it.\n\nBecause this error occurred during a `before each` hook we are skipping the remaining tests in the current suite: `Cart interactions`",
                "estack": "AssertionError: Timed out retrying after 4000ms: Expected to find element: `[type=email]`, but never found it.\n\nBecause this error occurred during a `before each` hook we are skipping the remaining tests in the current suite: `Cart interactions`\n    at Authenthication.login (webpack:///./cypress/e2e/page/auth.js:34:11)\n    at Context.eval (webpack:///./cypress/e2e/spec/prods-gallery.cy.js:11:13)",
                "diff": null
              },
              "uuid": "890e79af-2869-47c0-9e8c-68480f31d955",
              "parentUUID": "e56ef55a-364f-430a-ae1c-ddb24505b920",
              "isHook": false,
              "skipped": false
            },
            {
              "title": "should verify that the iframe has loaded",
              "fullTitle": "Cart interactions should verify that the iframe has loaded",
              "timedOut": null,
              "duration": 0,
              "state": "skipped",
              "speed": null,
              "pass": false,
              "fail": false,
              "pending": false,
              "context": null,
              "code": "cy.get(_homePage.default.youTubeVideo).should('be.visible'); // verifies that the YouTube video is visible on the page\ncy.frameLoaded(_homePage.default.iFrame, {\n  url: 'https://www.youtube.com/embed/JSda4u5jFFk'\n}); //verifies that the YouTube video in the iframe has loaded with the specified url",
              "err": {},
              "uuid": "4f043200-edf4-4170-9ecf-20105c915641",
              "parentUUID": "e56ef55a-364f-430a-ae1c-ddb24505b920",
              "isHook": false,
              "skipped": true
            },
            {
              "title": "should verify that the page can be reset after category selection",
              "fullTitle": "Cart interactions should verify that the page can be reset after category selection",
              "timedOut": null,
              "duration": 0,
              "state": "skipped",
              "speed": null,
              "pass": false,
              "fail": false,
              "pending": false,
              "context": null,
              "code": "cy.get(_products.default.categorySelect).select('laptop'); // selects the laptop option in the category field\ncy.get(_homePage.default.mackBookProTitle).should('have.text', 'Mackbook Pro'); //verifies that a laptop product has been returned\ncy.get(_homePage.default.resetBtn).click(); // resets the filtering that was done\ncy.get(_homePage.default.fittedHatTitle).should('have.text', 'Quality Fitted Hat'); // verifies that the reset was succesful",
              "err": {},
              "uuid": "38014860-c398-4ad6-a5bd-65b4e3f4ac62",
              "parentUUID": "e56ef55a-364f-430a-ae1c-ddb24505b920",
              "isHook": false,
              "skipped": true
            }
          ],
          "suites": [],
          "passes": [],
          "failures": [
            "890e79af-2869-47c0-9e8c-68480f31d955"
          ],
          "pending": [],
          "skipped": [
            "4f043200-edf4-4170-9ecf-20105c915641",
            "38014860-c398-4ad6-a5bd-65b4e3f4ac62"
          ],
          "duration": 6954,
          "root": false,
          "rootEmpty": false,
          "_timeout": 2000
        }
      ],
      "passes": [],
      "failures": [],
      "pending": [],
      "skipped": [],
      "duration": 0,
      "root": true,
      "rootEmpty": true,
      "_timeout": 2000
    }
  ],
  "meta": {
    "mocha": {
      "version": "7.0.1"
    },
    "mochawesome": {
      "options": {
        "quiet": false,
        "reportFilename": "mochawesome",
        "saveHtml": false,
        "saveJson": true,
        "consoleReporter": "spec",
        "useInlineDiffs": false,
        "code": true
      },
      "version": "7.1.3"
    },
    "marge": {
      "options": {
        "reportDir": "cypress/reports",
        "overwrite": false,
        "html": false,
        "json": true
      },
      "version": "6.2.0"
    }
  }
}