{
  "stats": {
    "suites": 1,
    "tests": 1,
    "passes": 0,
    "pending": 0,
    "failures": 1,
    "start": "2022-12-15T23:11:09.507Z",
    "end": "2022-12-15T23:11:17.103Z",
    "duration": 7596,
    "testsRegistered": 3,
    "passPercent": 0,
    "pendingPercent": 0,
    "other": 0,
    "hasOther": false,
    "skipped": 2,
    "hasSkipped": true
  },
  "results": [
    {
      "uuid": "f31370f2-9a72-4a18-af8d-dcf692dd8254",
      "title": "",
      "fullFile": "cypress\\e2e\\spec\\search.cy.js",
      "file": "cypress\\e2e\\spec\\search.cy.js",
      "beforeHooks": [],
      "afterHooks": [],
      "tests": [],
      "suites": [
        {
          "uuid": "7e103a5e-e866-460e-8265-3af942eae195",
          "title": "Search for products",
          "fullFile": "",
          "file": "",
          "beforeHooks": [],
          "afterHooks": [],
          "tests": [
            {
              "title": "should search for an item which returns one result",
              "fullTitle": "Search for products should search for an item which returns one result",
              "timedOut": null,
              "duration": 7537,
              "state": "failed",
              "speed": null,
              "pass": false,
              "fail": true,
              "pending": false,
              "context": null,
              "code": "cy.get(_products.default.searchOpt).type('mug'); //should search for a product with mug in the name\ncy.get(_sort.default.productNames).should('have.text', 'Quality Mug'); // should verify that the result was Quality Mug",
              "err": {
                "message": "AssertionError: Timed out retrying after 4000ms: expected 'https://dev-mlluudmotpwoldtv.us.auth0.com/login?state=hKFo2SBwdEJZUktfYXB6UGRrOHl0SDNzMGF5UjJfU3RnSmdpM6FupWxvZ2luo3RpZNkgMWYyalNTc1VXTTZiYnJPSlFVeWI5Xzl4Y1RfQm4wdTijY2lk2SBHbzVxVW16cTFLcWNnTzFIUVdNbWI5ZHFxRFVEOElQdQ&client=Go5qUmzq1KqcgO1HQWMmb9dqqDUD8IPu&protocol=oauth2&scope=openid%20profile%20email&response_type=code&redirect_uri=https%3A%2F%2Fui-automation-camp.vercel.app%2Fapi%2Fauth%2Fcallback&nonce=N1Ysw2jlX_nQ4iAY61MbEHmpt4CpHUNFtuXsHvaIq0s&code_challenge=o_a8YdCTM0vZW3sy1Wzo8fvUNxvNsQCrcJp3wHlr9TM&code_challenge_method=S256' to equal 'https://ui-automation-camp.vercel.app/products'\n\nBecause this error occurred during a `before each` hook we are skipping the remaining tests in the current suite: `Search for products`",
                "estack": "AssertionError: Timed out retrying after 4000ms: expected 'https://dev-mlluudmotpwoldtv.us.auth0.com/login?state=hKFo2SBwdEJZUktfYXB6UGRrOHl0SDNzMGF5UjJfU3RnSmdpM6FupWxvZ2luo3RpZNkgMWYyalNTc1VXTTZiYnJPSlFVeWI5Xzl4Y1RfQm4wdTijY2lk2SBHbzVxVW16cTFLcWNnTzFIUVdNbWI5ZHFxRFVEOElQdQ&client=Go5qUmzq1KqcgO1HQWMmb9dqqDUD8IPu&protocol=oauth2&scope=openid%20profile%20email&response_type=code&redirect_uri=https%3A%2F%2Fui-automation-camp.vercel.app%2Fapi%2Fauth%2Fcallback&nonce=N1Ysw2jlX_nQ4iAY61MbEHmpt4CpHUNFtuXsHvaIq0s&code_challenge=o_a8YdCTM0vZW3sy1Wzo8fvUNxvNsQCrcJp3wHlr9TM&code_challenge_method=S256' to equal 'https://ui-automation-camp.vercel.app/products'\n\nBecause this error occurred during a `before each` hook we are skipping the remaining tests in the current suite: `Search for products`\n    at Context.eval (webpack:///./cypress/e2e/spec/search.cy.js:10:17)",
                "diff": "- '\\'https://dev-mlluudmotpwoldtv.us.auth0.com/login?state=hKFo2SBwdEJZUktfYXB6UGRrOHl0SDNzMGF5UjJfU3RnSmdpM6FupWxvZ2luo3RpZNkgMWYyalNTc1VXTTZiYnJPSlFVeWI5Xzl4Y1RfQm4wdTijY2lk2SBHbzVxVW16cTFLcWNnTzFIUVdNbWI5ZHFxRFVEOElQdQ&client=Go5qUmzq1KqcgO1HQWMmb9dqqDUD8IPu&protocol=oauth2&scope=openid%20profile%20email&response_type=code&redirect_uri=https%3A%2F%2Fui-automation-camp.vercel.app%2Fapi%2Fauth%2Fcallback&nonce=N1Ysw2jlX_nQ4iAY61MbEHmpt4CpHUNFtuXsHvaIq0s&code_challenge=o_a8YdCTM0vZW3sy1Wzo8fvUNxvNsQCrcJp3wHlr9TM&code_challenge_method=S256\\''\n+ '\\'https://ui-automation-camp.vercel.app/products\\''\n"
              },
              "uuid": "feab4db7-1745-4b35-b9d1-c9cb4fd815d5",
              "parentUUID": "7e103a5e-e866-460e-8265-3af942eae195",
              "isHook": false,
              "skipped": false
            },
            {
              "title": "should search for an item which returns multiple results",
              "fullTitle": "Search for products should search for an item which returns multiple results",
              "timedOut": null,
              "duration": 0,
              "state": "skipped",
              "speed": null,
              "pass": false,
              "fail": false,
              "pending": false,
              "context": null,
              "code": "cy.get(_products.default.searchOpt).type('shoes'); //should search for a product with shoes in the name\nconst shoes = ['Quality Blue Shoes', 'Quality Stylish Shoes', 'Quality Heal Shoes']; // creates an array of the expected results\n//verifies that the results are as expected\ncy.get(_sort.default.productNames).each(($elem, index) => {\n  expect($elem.text()).equal(shoes[index]);\n});",
              "err": {},
              "uuid": "4e6e5bfb-5e6c-4219-9bcd-0abf9a8221dd",
              "parentUUID": "7e103a5e-e866-460e-8265-3af942eae195",
              "isHook": false,
              "skipped": true
            },
            {
              "title": "should return products when partial word is searched",
              "fullTitle": "Search for products should return products when partial word is searched",
              "timedOut": null,
              "duration": 0,
              "state": "skipped",
              "speed": null,
              "pass": false,
              "fail": false,
              "pending": false,
              "context": null,
              "code": "cy.get(_products.default.searchOpt).type('ed');\nconst results = ['Quality Fitted Hat', 'Quality Hooded Sweatshirt', 'Red Couch']; // creates an array of the expected results\n//verifies that the results are as expected\ncy.get(_sort.default.productNames).each(($elem, index) => {\n  expect($elem.text()).equal(results[index]);\n});",
              "err": {},
              "uuid": "ed4180d6-5c44-436e-8fb7-2c937969a237",
              "parentUUID": "7e103a5e-e866-460e-8265-3af942eae195",
              "isHook": false,
              "skipped": true
            }
          ],
          "suites": [],
          "passes": [],
          "failures": [
            "feab4db7-1745-4b35-b9d1-c9cb4fd815d5"
          ],
          "pending": [],
          "skipped": [
            "4e6e5bfb-5e6c-4219-9bcd-0abf9a8221dd",
            "ed4180d6-5c44-436e-8fb7-2c937969a237"
          ],
          "duration": 7537,
          "root": false,
          "rootEmpty": false,
          "_timeout": 2000
        }
      ],
      "passes": [],
      "failures": [],
      "pending": [],
      "skipped": [],
      "duration": 0,
      "root": true,
      "rootEmpty": true,
      "_timeout": 2000
    }
  ],
  "meta": {
    "mocha": {
      "version": "7.0.1"
    },
    "mochawesome": {
      "options": {
        "quiet": false,
        "reportFilename": "mochawesome",
        "saveHtml": false,
        "saveJson": true,
        "consoleReporter": "spec",
        "useInlineDiffs": false,
        "code": true
      },
      "version": "7.1.3"
    },
    "marge": {
      "options": {
        "reportDir": "cypress/reports",
        "overwrite": false,
        "html": false,
        "json": true
      },
      "version": "6.2.0"
    }
  }
}