{
  "stats": {
    "suites": 1,
    "tests": 1,
    "passes": 0,
    "pending": 0,
    "failures": 1,
    "start": "2022-12-15T22:55:35.629Z",
    "end": "2022-12-15T22:55:43.225Z",
    "duration": 7596,
    "testsRegistered": 3,
    "passPercent": 0,
    "pendingPercent": 0,
    "other": 0,
    "hasOther": false,
    "skipped": 2,
    "hasSkipped": true
  },
  "results": [
    {
      "uuid": "983896bf-abf2-4b31-9b9d-07906c1bc3e1",
      "title": "",
      "fullFile": "cypress\\e2e\\spec\\prods-gallery.cy.js",
      "file": "cypress\\e2e\\spec\\prods-gallery.cy.js",
      "beforeHooks": [],
      "afterHooks": [],
      "tests": [],
      "suites": [
        {
          "uuid": "65e9169f-82c7-429c-9bf5-9c6824229944",
          "title": "Cart interactions",
          "fullFile": "",
          "file": "",
          "beforeHooks": [],
          "afterHooks": [],
          "tests": [
            {
              "title": "verify content on the homepage",
              "fullTitle": "Cart interactions verify content on the homepage",
              "timedOut": null,
              "duration": 7529,
              "state": "failed",
              "speed": null,
              "pass": false,
              "fail": true,
              "pending": false,
              "context": null,
              "code": "cy.get(_homePage.default.pageHeaderTitle).should('have.text', 'Automation Camp Store');\ncy.get(_homePage.default.signOutBtn).should('have.text', 'Sign Out');\ncy.get(_homePage.default.productsTitle).should('have.text', 'Products');",
              "err": {
                "message": "AssertionError: Timed out retrying after 4000ms: expected 'https://dev-mlluudmotpwoldtv.us.auth0.com/login?state=hKFo2SByVmR2bHlPVkdBeWlLY3ZYMVRKQmxjci1qYVNmNVFTcaFupWxvZ2luo3RpZNkgWmxqSmlCTmthQU1aMllMRzZWLVVadm1zNkhmbjk3Q1-jY2lk2SBHbzVxVW16cTFLcWNnTzFIUVdNbWI5ZHFxRFVEOElQdQ&client=Go5qUmzq1KqcgO1HQWMmb9dqqDUD8IPu&protocol=oauth2&scope=openid%20profile%20email&response_type=code&redirect_uri=https%3A%2F%2Fui-automation-camp.vercel.app%2Fapi%2Fauth%2Fcallback&nonce=2UnnNUbUagO0Yk_EDUhHoSY9aEx-XvCuzuj1yjiJSjs&code_challenge=LLsvXhS0U8w4pk3OTGWoobbCUb0EmLTkwRb7EHBjxuI&code_challenge_method=S256' to equal 'https://ui-automation-camp.vercel.app/products'\n\nBecause this error occurred during a `before each` hook we are skipping the remaining tests in the current suite: `Cart interactions`",
                "estack": "AssertionError: Timed out retrying after 4000ms: expected 'https://dev-mlluudmotpwoldtv.us.auth0.com/login?state=hKFo2SByVmR2bHlPVkdBeWlLY3ZYMVRKQmxjci1qYVNmNVFTcaFupWxvZ2luo3RpZNkgWmxqSmlCTmthQU1aMllMRzZWLVVadm1zNkhmbjk3Q1-jY2lk2SBHbzVxVW16cTFLcWNnTzFIUVdNbWI5ZHFxRFVEOElQdQ&client=Go5qUmzq1KqcgO1HQWMmb9dqqDUD8IPu&protocol=oauth2&scope=openid%20profile%20email&response_type=code&redirect_uri=https%3A%2F%2Fui-automation-camp.vercel.app%2Fapi%2Fauth%2Fcallback&nonce=2UnnNUbUagO0Yk_EDUhHoSY9aEx-XvCuzuj1yjiJSjs&code_challenge=LLsvXhS0U8w4pk3OTGWoobbCUb0EmLTkwRb7EHBjxuI&code_challenge_method=S256' to equal 'https://ui-automation-camp.vercel.app/products'\n\nBecause this error occurred during a `before each` hook we are skipping the remaining tests in the current suite: `Cart interactions`\n    at Context.eval (webpack:///./cypress/e2e/spec/prods-gallery.cy.js:12:17)",
                "diff": "- '\\'https://dev-mlluudmotpwoldtv.us.auth0.com/login?state=hKFo2SByVmR2bHlPVkdBeWlLY3ZYMVRKQmxjci1qYVNmNVFTcaFupWxvZ2luo3RpZNkgWmxqSmlCTmthQU1aMllMRzZWLVVadm1zNkhmbjk3Q1-jY2lk2SBHbzVxVW16cTFLcWNnTzFIUVdNbWI5ZHFxRFVEOElQdQ&client=Go5qUmzq1KqcgO1HQWMmb9dqqDUD8IPu&protocol=oauth2&scope=openid%20profile%20email&response_type=code&redirect_uri=https%3A%2F%2Fui-automation-camp.vercel.app%2Fapi%2Fauth%2Fcallback&nonce=2UnnNUbUagO0Yk_EDUhHoSY9aEx-XvCuzuj1yjiJSjs&code_challenge=LLsvXhS0U8w4pk3OTGWoobbCUb0EmLTkwRb7EHBjxuI&code_challenge_method=S256\\''\n+ '\\'https://ui-automation-camp.vercel.app/products\\''\n"
              },
              "uuid": "463d3ee6-7b0a-46d2-89ba-05014690623c",
              "parentUUID": "65e9169f-82c7-429c-9bf5-9c6824229944",
              "isHook": false,
              "skipped": false
            },
            {
              "title": "should verify that the iframe has loaded",
              "fullTitle": "Cart interactions should verify that the iframe has loaded",
              "timedOut": null,
              "duration": 0,
              "state": "skipped",
              "speed": null,
              "pass": false,
              "fail": false,
              "pending": false,
              "context": null,
              "code": "cy.get(_homePage.default.youTubeVideo).should('be.visible'); // verifies that the YouTube video is visible on the page\ncy.frameLoaded(_homePage.default.iFrame, {\n  url: 'https://www.youtube.com/embed/JSda4u5jFFk'\n}); //verifies that the YouTube video in the iframe has loaded with the specified url",
              "err": {},
              "uuid": "72ccd701-a5b1-45fe-95be-b0a995273e7a",
              "parentUUID": "65e9169f-82c7-429c-9bf5-9c6824229944",
              "isHook": false,
              "skipped": true
            },
            {
              "title": "should verify that the page can be reset after category selection",
              "fullTitle": "Cart interactions should verify that the page can be reset after category selection",
              "timedOut": null,
              "duration": 0,
              "state": "skipped",
              "speed": null,
              "pass": false,
              "fail": false,
              "pending": false,
              "context": null,
              "code": "cy.get(_products.default.categorySelect).select('laptop'); // selects the laptop option in the category field\ncy.get(_homePage.default.mackBookProTitle).should('have.text', 'Mackbook Pro'); //verifies that a laptop product has been returned\ncy.get(_homePage.default.resetBtn).click(); // resets the filtering that was done\ncy.get(_homePage.default.fittedHatTitle).should('have.text', 'Quality Fitted Hat'); // verifies that the reset was succesful",
              "err": {},
              "uuid": "cf1fb868-d9ef-4dfe-82ba-5a288e4556db",
              "parentUUID": "65e9169f-82c7-429c-9bf5-9c6824229944",
              "isHook": false,
              "skipped": true
            }
          ],
          "suites": [],
          "passes": [],
          "failures": [
            "463d3ee6-7b0a-46d2-89ba-05014690623c"
          ],
          "pending": [],
          "skipped": [
            "72ccd701-a5b1-45fe-95be-b0a995273e7a",
            "cf1fb868-d9ef-4dfe-82ba-5a288e4556db"
          ],
          "duration": 7529,
          "root": false,
          "rootEmpty": false,
          "_timeout": 2000
        }
      ],
      "passes": [],
      "failures": [],
      "pending": [],
      "skipped": [],
      "duration": 0,
      "root": true,
      "rootEmpty": true,
      "_timeout": 2000
    }
  ],
  "meta": {
    "mocha": {
      "version": "7.0.1"
    },
    "mochawesome": {
      "options": {
        "quiet": false,
        "reportFilename": "mochawesome",
        "saveHtml": false,
        "saveJson": true,
        "consoleReporter": "spec",
        "useInlineDiffs": false,
        "code": true
      },
      "version": "7.1.3"
    },
    "marge": {
      "options": {
        "reportDir": "cypress/reports",
        "overwrite": false,
        "html": false,
        "json": true
      },
      "version": "6.2.0"
    }
  }
}