{
  "stats": {
    "suites": 1,
    "tests": 2,
    "passes": 0,
    "pending": 5,
    "failures": -3,
    "start": "2022-12-15T23:09:50.489Z",
    "end": "2022-12-15T23:10:00.149Z",
    "duration": 9660,
    "testsRegistered": 7,
    "passPercent": 0,
    "pendingPercent": 71.42857142857143,
    "other": 5,
    "hasOther": true,
    "skipped": 5,
    "hasSkipped": true
  },
  "results": [
    {
      "uuid": "5a8288d1-c076-4944-9774-d8cb95a737a5",
      "title": "",
      "fullFile": "cypress\\e2e\\spec\\authentication.cy.js",
      "file": "cypress\\e2e\\spec\\authentication.cy.js",
      "beforeHooks": [],
      "afterHooks": [],
      "tests": [],
      "suites": [
        {
          "uuid": "0a786fed-ceb9-4080-8dc1-76e1186b80f3",
          "title": "Authenthication",
          "fullFile": "",
          "file": "",
          "beforeHooks": [],
          "afterHooks": [],
          "tests": [
            {
              "title": "should create an account for the application",
              "fullTitle": "Authenthication should create an account for the application",
              "timedOut": null,
              "duration": 0,
              "state": "pending",
              "speed": null,
              "pass": false,
              "fail": false,
              "pending": false,
              "context": null,
              "code": "_auth.default.signUp('pain@mail.com', 'P@$$w0rd!'); // registering a new account",
              "err": {},
              "uuid": "12f5c98e-c611-4c0e-9529-c1828938d6c7",
              "parentUUID": "0a786fed-ceb9-4080-8dc1-76e1186b80f3",
              "isHook": false,
              "skipped": true
            },
            {
              "title": "should login into the application",
              "fullTitle": "Authenthication should login into the application",
              "timedOut": null,
              "duration": 0,
              "state": "pending",
              "speed": null,
              "pass": false,
              "fail": false,
              "pending": false,
              "context": null,
              "code": "_auth.default.login(\"pain@mail.com\", \"P@$$w0rd!\");\ncy.url().should('eq', 'https://ui-automation-camp.vercel.app/products'); // asserts that the user is taken to the products page after login",
              "err": {},
              "uuid": "58612368-3c80-4736-ba1a-5b0c52b6d541",
              "parentUUID": "0a786fed-ceb9-4080-8dc1-76e1186b80f3",
              "isHook": false,
              "skipped": true
            },
            {
              "title": "should not login with incorrect password",
              "fullTitle": "Authenthication should not login with incorrect password",
              "timedOut": null,
              "duration": 0,
              "state": "pending",
              "speed": null,
              "pass": false,
              "fail": false,
              "pending": false,
              "context": null,
              "code": "_auth.default.login(\"ellen@mail.com\", \"P@$$w0rd\"); // attempts to login with an incorrect password\n\ncy.get(_auth.default.errorMessage).should('have.text', 'Wrong email or password.'); // asserts that the user is prompted with an error message",
              "err": {},
              "uuid": "55ef8714-0b1c-42a3-96f4-35da59bcf7cf",
              "parentUUID": "0a786fed-ceb9-4080-8dc1-76e1186b80f3",
              "isHook": false,
              "skipped": true
            },
            {
              "title": "should not login with incorrect email",
              "fullTitle": "Authenthication should not login with incorrect email",
              "timedOut": null,
              "duration": 0,
              "state": "pending",
              "speed": null,
              "pass": false,
              "fail": false,
              "pending": false,
              "context": null,
              "code": "_auth.default.login(\"ell77en@mail.com\", \"P@$$w0rd!\"); // attempts to login with an incorrect email \n\ncy.get(_auth.default.errorMessage).should('have.text', 'Wrong email or password.'); // asserts that the user is prompted with an error message",
              "err": {},
              "uuid": "ab002674-d8d0-41a6-a0fb-141633b6034e",
              "parentUUID": "0a786fed-ceb9-4080-8dc1-76e1186b80f3",
              "isHook": false,
              "skipped": true
            },
            {
              "title": "should not login with invalid email",
              "fullTitle": "Authenthication should not login with invalid email",
              "timedOut": null,
              "duration": 0,
              "state": "pending",
              "speed": null,
              "pass": false,
              "fail": false,
              "pending": false,
              "context": null,
              "code": "_auth.default.login(\"e7en@mail\", \"P@$$w0rd!\"); //attempts to login with an invalid email\n\ncy.get(_auth.default.invalidCredError).should('have.text', 'Email is invalid'); // asserts that the user is prompted with an error message",
              "err": {},
              "uuid": "6896342f-1e49-46dd-bdb6-d37724adc7d9",
              "parentUUID": "0a786fed-ceb9-4080-8dc1-76e1186b80f3",
              "isHook": false,
              "skipped": true
            },
            {
              "title": "should not create an account for the application without password",
              "fullTitle": "Authenthication should not create an account for the application without password",
              "timedOut": null,
              "duration": 5114,
              "state": "failed",
              "speed": null,
              "pass": false,
              "fail": true,
              "pending": false,
              "context": null,
              "code": "cy.visit('/');\n_auth.default.signUpWithoutPassword('ellen@mail.com'); // attempts to create an account without a password\n\ncy.get(_auth.default.invalidCredError).should('have.text', \"Password can't be blank\"); // asserts that the user is prompted with an error message",
              "err": {
                "message": "AssertionError: Timed out retrying after 4000ms: Expected to find element: `li>a[href*=\"#\"]`, but never found it.",
                "estack": "AssertionError: Timed out retrying after 4000ms: Expected to find element: `li>a[href*=\"#\"]`, but never found it.\n    at Authenthication.signUpWithoutPassword (webpack:///./cypress/e2e/page/auth.js:64:11)\n    at Context.eval (webpack:///./cypress/e2e/spec/authentication.cy.js:27:13)",
                "diff": null
              },
              "uuid": "6d7abdda-f6b6-4d2d-aa43-5f2d6ab94a79",
              "parentUUID": "0a786fed-ceb9-4080-8dc1-76e1186b80f3",
              "isHook": false,
              "skipped": false
            },
            {
              "title": "should not login without password",
              "fullTitle": "Authenthication should not login without password",
              "timedOut": null,
              "duration": 4432,
              "state": "failed",
              "speed": null,
              "pass": false,
              "fail": true,
              "pending": false,
              "context": null,
              "code": "cy.visit('/');\n_auth.default.loginWithoutPassword(\"pain@mail.com\"); // attempts to login without password\n\ncy.get(_auth.default.invalidCredError).should('have.text', \"Password can't be blank\"); // asserts that the user is prompted with an error message",
              "err": {
                "message": "AssertionError: Timed out retrying after 4000ms: Expected to find element: `[type=email]`, but never found it.",
                "estack": "AssertionError: Timed out retrying after 4000ms: Expected to find element: `[type=email]`, but never found it.\n    at Authenthication.loginWithoutPassword (webpack:///./cypress/e2e/page/auth.js:53:11)\n    at Context.eval (webpack:///./cypress/e2e/spec/authentication.cy.js:32:13)",
                "diff": null
              },
              "uuid": "3735b51a-65b4-44bb-bf5c-406d36c5a2c6",
              "parentUUID": "0a786fed-ceb9-4080-8dc1-76e1186b80f3",
              "isHook": false,
              "skipped": false
            }
          ],
          "suites": [],
          "passes": [],
          "failures": [
            "6d7abdda-f6b6-4d2d-aa43-5f2d6ab94a79",
            "3735b51a-65b4-44bb-bf5c-406d36c5a2c6"
          ],
          "pending": [],
          "skipped": [
            "12f5c98e-c611-4c0e-9529-c1828938d6c7",
            "58612368-3c80-4736-ba1a-5b0c52b6d541",
            "55ef8714-0b1c-42a3-96f4-35da59bcf7cf",
            "ab002674-d8d0-41a6-a0fb-141633b6034e",
            "6896342f-1e49-46dd-bdb6-d37724adc7d9"
          ],
          "duration": 9546,
          "root": false,
          "rootEmpty": false,
          "_timeout": 2000
        }
      ],
      "passes": [],
      "failures": [],
      "pending": [],
      "skipped": [],
      "duration": 0,
      "root": true,
      "rootEmpty": true,
      "_timeout": 2000
    }
  ],
  "meta": {
    "mocha": {
      "version": "7.0.1"
    },
    "mochawesome": {
      "options": {
        "quiet": false,
        "reportFilename": "mochawesome",
        "saveHtml": false,
        "saveJson": true,
        "consoleReporter": "spec",
        "useInlineDiffs": false,
        "code": true
      },
      "version": "7.1.3"
    },
    "marge": {
      "options": {
        "reportDir": "cypress/reports",
        "overwrite": false,
        "html": false,
        "json": true
      },
      "version": "6.2.0"
    }
  }
}