{
  "stats": {
    "suites": 1,
    "tests": 1,
    "passes": 0,
    "pending": 0,
    "failures": 1,
    "start": "2022-12-15T23:04:03.440Z",
    "end": "2022-12-15T23:04:10.420Z",
    "duration": 6980,
    "testsRegistered": 3,
    "passPercent": 0,
    "pendingPercent": 0,
    "other": 0,
    "hasOther": false,
    "skipped": 2,
    "hasSkipped": true
  },
  "results": [
    {
      "uuid": "4ff3a831-d429-460c-b492-b6188973d9ff",
      "title": "",
      "fullFile": "cypress\\e2e\\spec\\cart.cy.js",
      "file": "cypress\\e2e\\spec\\cart.cy.js",
      "beforeHooks": [],
      "afterHooks": [],
      "tests": [],
      "suites": [
        {
          "uuid": "9fe60b9d-e38a-4cb9-a6b3-3700473a9b85",
          "title": "Cart interactions",
          "fullFile": "",
          "file": "",
          "beforeHooks": [],
          "afterHooks": [],
          "tests": [
            {
              "title": "should increase item quantity",
              "fullTitle": "Cart interactions should increase item quantity",
              "timedOut": null,
              "duration": 6893,
              "state": "failed",
              "speed": null,
              "pass": false,
              "fail": true,
              "pending": false,
              "context": null,
              "code": "_products.default.addOneItemToCart(); //cy.get(cart.itemAmount).should('have.text','1')\n\n_cart.default.increaseItemQuantity();\ncy.get(_cart.default.itemAmount).should('have.text', '2');",
              "err": {
                "message": "AssertionError: Timed out retrying after 4000ms: expected 'https://dev-mlluudmotpwoldtv.us.auth0.com/login?state=hKFo2SB2VjZJTlN2XzZnMndvb0ZBZ195R1R1ZUxkRkt5NlZxLaFupWxvZ2luo3RpZNkgQzgtSzI0X05TMnFlTGxsWkYtUTFIdm5CWHI2QnF5LWWjY2lk2SBHbzVxVW16cTFLcWNnTzFIUVdNbWI5ZHFxRFVEOElQdQ&client=Go5qUmzq1KqcgO1HQWMmb9dqqDUD8IPu&protocol=oauth2&scope=openid%20profile%20email&response_type=code&redirect_uri=https%3A%2F%2Fui-automation-camp.vercel.app%2Fapi%2Fauth%2Fcallback&nonce=uFBrrm2NFhqLqxrCe4MzQLVRWckHnByU1MENNzVpwy4&code_challenge=Pcf9laXc7ad6jCRpoO_eA5h9x_TQtOVA5uuIp1zNUYQ&code_challenge_method=S256' to equal 'https://ui-automation-camp.vercel.app/products'\n\nBecause this error occurred during a `before each` hook we are skipping the remaining tests in the current suite: `Cart interactions`",
                "estack": "AssertionError: Timed out retrying after 4000ms: expected 'https://dev-mlluudmotpwoldtv.us.auth0.com/login?state=hKFo2SB2VjZJTlN2XzZnMndvb0ZBZ195R1R1ZUxkRkt5NlZxLaFupWxvZ2luo3RpZNkgQzgtSzI0X05TMnFlTGxsWkYtUTFIdm5CWHI2QnF5LWWjY2lk2SBHbzVxVW16cTFLcWNnTzFIUVdNbWI5ZHFxRFVEOElQdQ&client=Go5qUmzq1KqcgO1HQWMmb9dqqDUD8IPu&protocol=oauth2&scope=openid%20profile%20email&response_type=code&redirect_uri=https%3A%2F%2Fui-automation-camp.vercel.app%2Fapi%2Fauth%2Fcallback&nonce=uFBrrm2NFhqLqxrCe4MzQLVRWckHnByU1MENNzVpwy4&code_challenge=Pcf9laXc7ad6jCRpoO_eA5h9x_TQtOVA5uuIp1zNUYQ&code_challenge_method=S256' to equal 'https://ui-automation-camp.vercel.app/products'\n\nBecause this error occurred during a `before each` hook we are skipping the remaining tests in the current suite: `Cart interactions`\n    at Context.eval (webpack:///./cypress/e2e/spec/cart.cy.js:10:17)",
                "diff": "- '\\'https://dev-mlluudmotpwoldtv.us.auth0.com/login?state=hKFo2SB2VjZJTlN2XzZnMndvb0ZBZ195R1R1ZUxkRkt5NlZxLaFupWxvZ2luo3RpZNkgQzgtSzI0X05TMnFlTGxsWkYtUTFIdm5CWHI2QnF5LWWjY2lk2SBHbzVxVW16cTFLcWNnTzFIUVdNbWI5ZHFxRFVEOElQdQ&client=Go5qUmzq1KqcgO1HQWMmb9dqqDUD8IPu&protocol=oauth2&scope=openid%20profile%20email&response_type=code&redirect_uri=https%3A%2F%2Fui-automation-camp.vercel.app%2Fapi%2Fauth%2Fcallback&nonce=uFBrrm2NFhqLqxrCe4MzQLVRWckHnByU1MENNzVpwy4&code_challenge=Pcf9laXc7ad6jCRpoO_eA5h9x_TQtOVA5uuIp1zNUYQ&code_challenge_method=S256\\''\n+ '\\'https://ui-automation-camp.vercel.app/products\\''\n"
              },
              "uuid": "8455364b-7d7b-41c8-81fc-b0107cdb7fab",
              "parentUUID": "9fe60b9d-e38a-4cb9-a6b3-3700473a9b85",
              "isHook": false,
              "skipped": false
            },
            {
              "title": "should decrease item quantity",
              "fullTitle": "Cart interactions should decrease item quantity",
              "timedOut": null,
              "duration": 0,
              "state": "skipped",
              "speed": null,
              "pass": false,
              "fail": false,
              "pending": false,
              "context": null,
              "code": "_products.default.addItemToCartTwice(); //cy.get(cart.itemAmount).should('have.text','2')\n\n_cart.default.decreaseItemQuantity();\ncy.get(_cart.default.itemAmount).should('have.text', '1');",
              "err": {},
              "uuid": "be7c7878-4264-4636-ab93-8af0a03c699f",
              "parentUUID": "9fe60b9d-e38a-4cb9-a6b3-3700473a9b85",
              "isHook": false,
              "skipped": true
            },
            {
              "title": "should delete item from cart",
              "fullTitle": "Cart interactions should delete item from cart",
              "timedOut": null,
              "duration": 0,
              "state": "skipped",
              "speed": null,
              "pass": false,
              "fail": false,
              "pending": false,
              "context": null,
              "code": "_products.default.addOneItemToCart(); //cy.wait(6000)\n//cy.get(cart.itemAmount).should('have.text','1')\n\n_cart.default.deleteItemFromCart();\ncy.get(_cart.default.cartItem).should('not.exist');",
              "err": {},
              "uuid": "237803b8-910f-45c6-8178-10639b829c09",
              "parentUUID": "9fe60b9d-e38a-4cb9-a6b3-3700473a9b85",
              "isHook": false,
              "skipped": true
            }
          ],
          "suites": [],
          "passes": [],
          "failures": [
            "8455364b-7d7b-41c8-81fc-b0107cdb7fab"
          ],
          "pending": [],
          "skipped": [
            "be7c7878-4264-4636-ab93-8af0a03c699f",
            "237803b8-910f-45c6-8178-10639b829c09"
          ],
          "duration": 6893,
          "root": false,
          "rootEmpty": false,
          "_timeout": 2000
        }
      ],
      "passes": [],
      "failures": [],
      "pending": [],
      "skipped": [],
      "duration": 0,
      "root": true,
      "rootEmpty": true,
      "_timeout": 2000
    }
  ],
  "meta": {
    "mocha": {
      "version": "7.0.1"
    },
    "mochawesome": {
      "options": {
        "quiet": false,
        "reportFilename": "mochawesome",
        "saveHtml": false,
        "saveJson": true,
        "consoleReporter": "spec",
        "useInlineDiffs": false,
        "code": true
      },
      "version": "7.1.3"
    },
    "marge": {
      "options": {
        "reportDir": "cypress/reports",
        "overwrite": false,
        "html": false,
        "json": true
      },
      "version": "6.2.0"
    }
  }
}