{
  "stats": {
    "suites": 1,
    "tests": 1,
    "passes": 0,
    "pending": 0,
    "failures": 1,
    "start": "2022-12-15T22:55:58.217Z",
    "end": "2022-12-15T22:56:19.994Z",
    "duration": 21777,
    "testsRegistered": 3,
    "passPercent": 0,
    "pendingPercent": 0,
    "other": 0,
    "hasOther": false,
    "skipped": 2,
    "hasSkipped": true
  },
  "results": [
    {
      "uuid": "8edf4930-e0cc-4fe2-824c-92255dc783f9",
      "title": "",
      "fullFile": "cypress\\e2e\\spec\\search.cy.js",
      "file": "cypress\\e2e\\spec\\search.cy.js",
      "beforeHooks": [],
      "afterHooks": [],
      "tests": [],
      "suites": [
        {
          "uuid": "17b72dd4-52a4-454a-9006-b150bd37dccf",
          "title": "Search for products",
          "fullFile": "",
          "file": "",
          "beforeHooks": [],
          "afterHooks": [],
          "tests": [
            {
              "title": "should search for an item which returns one result",
              "fullTitle": "Search for products should search for an item which returns one result",
              "timedOut": null,
              "duration": 21715,
              "state": "failed",
              "speed": null,
              "pass": false,
              "fail": true,
              "pending": false,
              "context": null,
              "code": "cy.get(_products.default.searchOpt).type('mug'); //should search for a product with mug in the name\ncy.get(_sort.default.productNames).should('have.text', 'Quality Mug'); // should verify that the result was Quality Mug",
              "err": {
                "message": "AssertionError: Timed out retrying after 4000ms: expected 'https://dev-mlluudmotpwoldtv.us.auth0.com/login?state=hKFo2SBpRWJMdTQzWjlhbDRXbkNvaWtjNGNkRkFLbWllLTJjaqFupWxvZ2luo3RpZNkgdTNTeWRyN2J1elRka1BDQ09oODJKSWhncmRKVXNfQlGjY2lk2SBHbzVxVW16cTFLcWNnTzFIUVdNbWI5ZHFxRFVEOElQdQ&client=Go5qUmzq1KqcgO1HQWMmb9dqqDUD8IPu&protocol=oauth2&scope=openid%20profile%20email&response_type=code&redirect_uri=https%3A%2F%2Fui-automation-camp.vercel.app%2Fapi%2Fauth%2Fcallback&nonce=nlU8r0iSu5xCkv5gFOWA7HX01XmvRrrzSpnV15QZuf0&code_challenge=fR6YQzaz9a9sNe2hgjf-Eje4GoLm8Fv0ITurpM2XyjY&code_challenge_method=S256' to equal 'https://ui-automation-camp.vercel.app/products'\n\nBecause this error occurred during a `before each` hook we are skipping the remaining tests in the current suite: `Search for products`",
                "estack": "AssertionError: Timed out retrying after 4000ms: expected 'https://dev-mlluudmotpwoldtv.us.auth0.com/login?state=hKFo2SBpRWJMdTQzWjlhbDRXbkNvaWtjNGNkRkFLbWllLTJjaqFupWxvZ2luo3RpZNkgdTNTeWRyN2J1elRka1BDQ09oODJKSWhncmRKVXNfQlGjY2lk2SBHbzVxVW16cTFLcWNnTzFIUVdNbWI5ZHFxRFVEOElQdQ&client=Go5qUmzq1KqcgO1HQWMmb9dqqDUD8IPu&protocol=oauth2&scope=openid%20profile%20email&response_type=code&redirect_uri=https%3A%2F%2Fui-automation-camp.vercel.app%2Fapi%2Fauth%2Fcallback&nonce=nlU8r0iSu5xCkv5gFOWA7HX01XmvRrrzSpnV15QZuf0&code_challenge=fR6YQzaz9a9sNe2hgjf-Eje4GoLm8Fv0ITurpM2XyjY&code_challenge_method=S256' to equal 'https://ui-automation-camp.vercel.app/products'\n\nBecause this error occurred during a `before each` hook we are skipping the remaining tests in the current suite: `Search for products`\n    at Context.eval (webpack:///./cypress/e2e/spec/search.cy.js:10:17)",
                "diff": "- '\\'https://dev-mlluudmotpwoldtv.us.auth0.com/login?state=hKFo2SBpRWJMdTQzWjlhbDRXbkNvaWtjNGNkRkFLbWllLTJjaqFupWxvZ2luo3RpZNkgdTNTeWRyN2J1elRka1BDQ09oODJKSWhncmRKVXNfQlGjY2lk2SBHbzVxVW16cTFLcWNnTzFIUVdNbWI5ZHFxRFVEOElQdQ&client=Go5qUmzq1KqcgO1HQWMmb9dqqDUD8IPu&protocol=oauth2&scope=openid%20profile%20email&response_type=code&redirect_uri=https%3A%2F%2Fui-automation-camp.vercel.app%2Fapi%2Fauth%2Fcallback&nonce=nlU8r0iSu5xCkv5gFOWA7HX01XmvRrrzSpnV15QZuf0&code_challenge=fR6YQzaz9a9sNe2hgjf-Eje4GoLm8Fv0ITurpM2XyjY&code_challenge_method=S256\\''\n+ '\\'https://ui-automation-camp.vercel.app/products\\''\n"
              },
              "uuid": "d2e498bd-b27a-4161-9482-59d5e5de318a",
              "parentUUID": "17b72dd4-52a4-454a-9006-b150bd37dccf",
              "isHook": false,
              "skipped": false
            },
            {
              "title": "should search for an item which returns multiple results",
              "fullTitle": "Search for products should search for an item which returns multiple results",
              "timedOut": null,
              "duration": 0,
              "state": "skipped",
              "speed": null,
              "pass": false,
              "fail": false,
              "pending": false,
              "context": null,
              "code": "cy.get(_products.default.searchOpt).type('shoes'); //should search for a product with shoes in the name\nconst shoes = ['Quality Blue Shoes', 'Quality Stylish Shoes', 'Quality Heal Shoes']; // creates an array of the expected results\n//verifies that the results are as expected\ncy.get(_sort.default.productNames).each(($elem, index) => {\n  expect($elem.text()).equal(shoes[index]);\n});",
              "err": {},
              "uuid": "d9d6b64e-1f74-4523-9ade-7651609a10bd",
              "parentUUID": "17b72dd4-52a4-454a-9006-b150bd37dccf",
              "isHook": false,
              "skipped": true
            },
            {
              "title": "should return products when partial word is searched",
              "fullTitle": "Search for products should return products when partial word is searched",
              "timedOut": null,
              "duration": 0,
              "state": "skipped",
              "speed": null,
              "pass": false,
              "fail": false,
              "pending": false,
              "context": null,
              "code": "cy.get(_products.default.searchOpt).type('ed');\nconst results = ['Quality Fitted Hat', 'Quality Hooded Sweatshirt', 'Red Couch']; // creates an array of the expected results\n//verifies that the results are as expected\ncy.get(_sort.default.productNames).each(($elem, index) => {\n  expect($elem.text()).equal(results[index]);\n});",
              "err": {},
              "uuid": "6c9548c6-d4e1-4b88-9069-18a01354fb38",
              "parentUUID": "17b72dd4-52a4-454a-9006-b150bd37dccf",
              "isHook": false,
              "skipped": true
            }
          ],
          "suites": [],
          "passes": [],
          "failures": [
            "d2e498bd-b27a-4161-9482-59d5e5de318a"
          ],
          "pending": [],
          "skipped": [
            "d9d6b64e-1f74-4523-9ade-7651609a10bd",
            "6c9548c6-d4e1-4b88-9069-18a01354fb38"
          ],
          "duration": 21715,
          "root": false,
          "rootEmpty": false,
          "_timeout": 2000
        }
      ],
      "passes": [],
      "failures": [],
      "pending": [],
      "skipped": [],
      "duration": 0,
      "root": true,
      "rootEmpty": true,
      "_timeout": 2000
    }
  ],
  "meta": {
    "mocha": {
      "version": "7.0.1"
    },
    "mochawesome": {
      "options": {
        "quiet": false,
        "reportFilename": "mochawesome",
        "saveHtml": false,
        "saveJson": true,
        "consoleReporter": "spec",
        "useInlineDiffs": false,
        "code": true
      },
      "version": "7.1.3"
    },
    "marge": {
      "options": {
        "reportDir": "cypress/reports",
        "overwrite": false,
        "html": false,
        "json": true
      },
      "version": "6.2.0"
    }
  }
}