{
  "stats": {
    "suites": 1,
    "tests": 1,
    "passes": 0,
    "pending": 0,
    "failures": 1,
    "start": "2022-12-15T22:54:51.763Z",
    "end": "2022-12-15T22:54:58.731Z",
    "duration": 6968,
    "testsRegistered": 3,
    "passPercent": 0,
    "pendingPercent": 0,
    "other": 0,
    "hasOther": false,
    "skipped": 2,
    "hasSkipped": true
  },
  "results": [
    {
      "uuid": "1d316f72-cb3b-4467-b9e6-8f5fe716e3f9",
      "title": "",
      "fullFile": "cypress\\e2e\\spec\\cart.cy.js",
      "file": "cypress\\e2e\\spec\\cart.cy.js",
      "beforeHooks": [],
      "afterHooks": [],
      "tests": [],
      "suites": [
        {
          "uuid": "579e01a6-ee7b-4bd2-abdf-fd8044410d13",
          "title": "Cart interactions",
          "fullFile": "",
          "file": "",
          "beforeHooks": [],
          "afterHooks": [],
          "tests": [
            {
              "title": "should increase item quantity",
              "fullTitle": "Cart interactions should increase item quantity",
              "timedOut": null,
              "duration": 6907,
              "state": "failed",
              "speed": null,
              "pass": false,
              "fail": true,
              "pending": false,
              "context": null,
              "code": "_products.default.addOneItemToCart(); //cy.get(cart.itemAmount).should('have.text','1')\n\n_cart.default.increaseItemQuantity();\ncy.get(_cart.default.itemAmount).should('have.text', '2');",
              "err": {
                "message": "AssertionError: Timed out retrying after 4000ms: expected 'https://dev-mlluudmotpwoldtv.us.auth0.com/login?state=hKFo2SA5VzZTUkthN243TWJFdnhjcWVRNjVCS0tUM1pGU0hIZqFupWxvZ2luo3RpZNkgZWJ2MS1falA3bkQyWGZQd0xra0tkcTFzR0ZSOUd1TjmjY2lk2SBHbzVxVW16cTFLcWNnTzFIUVdNbWI5ZHFxRFVEOElQdQ&client=Go5qUmzq1KqcgO1HQWMmb9dqqDUD8IPu&protocol=oauth2&scope=openid%20profile%20email&response_type=code&redirect_uri=https%3A%2F%2Fui-automation-camp.vercel.app%2Fapi%2Fauth%2Fcallback&nonce=iGB53ZSDcYIDosRAELcmPNE-DQz7GXUqtRvlSb5xjRM&code_challenge=WISqBiiqh0Si7vbg3bf3YzejWfVjS7mVhezuIFNWo34&code_challenge_method=S256' to equal 'https://ui-automation-camp.vercel.app/products'\n\nBecause this error occurred during a `before each` hook we are skipping the remaining tests in the current suite: `Cart interactions`",
                "estack": "AssertionError: Timed out retrying after 4000ms: expected 'https://dev-mlluudmotpwoldtv.us.auth0.com/login?state=hKFo2SA5VzZTUkthN243TWJFdnhjcWVRNjVCS0tUM1pGU0hIZqFupWxvZ2luo3RpZNkgZWJ2MS1falA3bkQyWGZQd0xra0tkcTFzR0ZSOUd1TjmjY2lk2SBHbzVxVW16cTFLcWNnTzFIUVdNbWI5ZHFxRFVEOElQdQ&client=Go5qUmzq1KqcgO1HQWMmb9dqqDUD8IPu&protocol=oauth2&scope=openid%20profile%20email&response_type=code&redirect_uri=https%3A%2F%2Fui-automation-camp.vercel.app%2Fapi%2Fauth%2Fcallback&nonce=iGB53ZSDcYIDosRAELcmPNE-DQz7GXUqtRvlSb5xjRM&code_challenge=WISqBiiqh0Si7vbg3bf3YzejWfVjS7mVhezuIFNWo34&code_challenge_method=S256' to equal 'https://ui-automation-camp.vercel.app/products'\n\nBecause this error occurred during a `before each` hook we are skipping the remaining tests in the current suite: `Cart interactions`\n    at Context.eval (webpack:///./cypress/e2e/spec/cart.cy.js:10:17)",
                "diff": "- '\\'https://dev-mlluudmotpwoldtv.us.auth0.com/login?state=hKFo2SA5VzZTUkthN243TWJFdnhjcWVRNjVCS0tUM1pGU0hIZqFupWxvZ2luo3RpZNkgZWJ2MS1falA3bkQyWGZQd0xra0tkcTFzR0ZSOUd1TjmjY2lk2SBHbzVxVW16cTFLcWNnTzFIUVdNbWI5ZHFxRFVEOElQdQ&client=Go5qUmzq1KqcgO1HQWMmb9dqqDUD8IPu&protocol=oauth2&scope=openid%20profile%20email&response_type=code&redirect_uri=https%3A%2F%2Fui-automation-camp.vercel.app%2Fapi%2Fauth%2Fcallback&nonce=iGB53ZSDcYIDosRAELcmPNE-DQz7GXUqtRvlSb5xjRM&code_challenge=WISqBiiqh0Si7vbg3bf3YzejWfVjS7mVhezuIFNWo34&code_challenge_method=S256\\''\n+ '\\'https://ui-automation-camp.vercel.app/products\\''\n"
              },
              "uuid": "e10079fc-5ff0-48f1-b32b-abdfd8e30a0b",
              "parentUUID": "579e01a6-ee7b-4bd2-abdf-fd8044410d13",
              "isHook": false,
              "skipped": false
            },
            {
              "title": "should decrease item quantity",
              "fullTitle": "Cart interactions should decrease item quantity",
              "timedOut": null,
              "duration": 0,
              "state": "skipped",
              "speed": null,
              "pass": false,
              "fail": false,
              "pending": false,
              "context": null,
              "code": "_products.default.addItemToCartTwice(); //cy.get(cart.itemAmount).should('have.text','2')\n\n_cart.default.decreaseItemQuantity();\ncy.get(_cart.default.itemAmount).should('have.text', '1');",
              "err": {},
              "uuid": "fc219eeb-eb64-4a0c-b0c2-6b0147b8deca",
              "parentUUID": "579e01a6-ee7b-4bd2-abdf-fd8044410d13",
              "isHook": false,
              "skipped": true
            },
            {
              "title": "should delete item from cart",
              "fullTitle": "Cart interactions should delete item from cart",
              "timedOut": null,
              "duration": 0,
              "state": "skipped",
              "speed": null,
              "pass": false,
              "fail": false,
              "pending": false,
              "context": null,
              "code": "_products.default.addOneItemToCart(); //cy.wait(6000)\n//cy.get(cart.itemAmount).should('have.text','1')\n\n_cart.default.deleteItemFromCart();\ncy.get(_cart.default.cartItem).should('not.exist');",
              "err": {},
              "uuid": "216dbc18-9c2d-4418-a060-22f546b6296f",
              "parentUUID": "579e01a6-ee7b-4bd2-abdf-fd8044410d13",
              "isHook": false,
              "skipped": true
            }
          ],
          "suites": [],
          "passes": [],
          "failures": [
            "e10079fc-5ff0-48f1-b32b-abdfd8e30a0b"
          ],
          "pending": [],
          "skipped": [
            "fc219eeb-eb64-4a0c-b0c2-6b0147b8deca",
            "216dbc18-9c2d-4418-a060-22f546b6296f"
          ],
          "duration": 6907,
          "root": false,
          "rootEmpty": false,
          "_timeout": 2000
        }
      ],
      "passes": [],
      "failures": [],
      "pending": [],
      "skipped": [],
      "duration": 0,
      "root": true,
      "rootEmpty": true,
      "_timeout": 2000
    }
  ],
  "meta": {
    "mocha": {
      "version": "7.0.1"
    },
    "mochawesome": {
      "options": {
        "quiet": false,
        "reportFilename": "mochawesome",
        "saveHtml": false,
        "saveJson": true,
        "consoleReporter": "spec",
        "useInlineDiffs": false,
        "code": true
      },
      "version": "7.1.3"
    },
    "marge": {
      "options": {
        "reportDir": "cypress/reports",
        "overwrite": false,
        "html": false,
        "json": true
      },
      "version": "6.2.0"
    }
  }
}