{
  "stats": {
    "suites": 1,
    "tests": 1,
    "passes": 0,
    "pending": 0,
    "failures": 1,
    "start": "2022-12-15T23:10:57.499Z",
    "end": "2022-12-15T23:11:05.498Z",
    "duration": 7999,
    "testsRegistered": 3,
    "passPercent": 0,
    "pendingPercent": 0,
    "other": 0,
    "hasOther": false,
    "skipped": 2,
    "hasSkipped": true
  },
  "results": [
    {
      "uuid": "ae8f3ed9-f60b-45a0-94eb-e675bd03bd3d",
      "title": "",
      "fullFile": "cypress\\e2e\\spec\\product-details.cy.js",
      "file": "cypress\\e2e\\spec\\product-details.cy.js",
      "beforeHooks": [],
      "afterHooks": [],
      "tests": [],
      "suites": [
        {
          "uuid": "0718c2dc-8d20-42e7-bf26-d244e75c3af3",
          "title": "Product details",
          "fullFile": "",
          "file": "",
          "beforeHooks": [],
          "afterHooks": [],
          "tests": [
            {
              "title": "should verify the Quality Mug price",
              "fullTitle": "Product details should verify the Quality Mug price",
              "timedOut": null,
              "duration": 7935,
              "state": "failed",
              "speed": null,
              "pass": false,
              "fail": true,
              "pending": false,
              "context": null,
              "code": "//cy.get(prodDetails.mugTitle).should('have.text','Quality Mug')\ncy.get(_prodDetails.default.mugPrice).should('have.text', 'Price : $15');",
              "err": {
                "message": "AssertionError: Timed out retrying after 4000ms: expected 'https://dev-mlluudmotpwoldtv.us.auth0.com/login?state=hKFo2SBBVnRYYkhVOFFiT04xamVReVlqRXNtMXNFcmtMU0ppcKFupWxvZ2luo3RpZNkgcjVaOTBQLUNoVUxjRmt1TmZoNU9mUVlESThkdkl4VmGjY2lk2SBHbzVxVW16cTFLcWNnTzFIUVdNbWI5ZHFxRFVEOElQdQ&client=Go5qUmzq1KqcgO1HQWMmb9dqqDUD8IPu&protocol=oauth2&scope=openid%20profile%20email&response_type=code&redirect_uri=https%3A%2F%2Fui-automation-camp.vercel.app%2Fapi%2Fauth%2Fcallback&nonce=y5QK9UQxQVsV-WBWNuw4V_0REigQnl_WPvcJUh9GRsc&code_challenge=evs6UIyKdciLPJZaNCuLK8VcvBstuQIZrBZZb-jmduU&code_challenge_method=S256' to equal 'https://ui-automation-camp.vercel.app/products'\n\nBecause this error occurred during a `before each` hook we are skipping the remaining tests in the current suite: `Product details`",
                "estack": "AssertionError: Timed out retrying after 4000ms: expected 'https://dev-mlluudmotpwoldtv.us.auth0.com/login?state=hKFo2SBBVnRYYkhVOFFiT04xamVReVlqRXNtMXNFcmtMU0ppcKFupWxvZ2luo3RpZNkgcjVaOTBQLUNoVUxjRmt1TmZoNU9mUVlESThkdkl4VmGjY2lk2SBHbzVxVW16cTFLcWNnTzFIUVdNbWI5ZHFxRFVEOElQdQ&client=Go5qUmzq1KqcgO1HQWMmb9dqqDUD8IPu&protocol=oauth2&scope=openid%20profile%20email&response_type=code&redirect_uri=https%3A%2F%2Fui-automation-camp.vercel.app%2Fapi%2Fauth%2Fcallback&nonce=y5QK9UQxQVsV-WBWNuw4V_0REigQnl_WPvcJUh9GRsc&code_challenge=evs6UIyKdciLPJZaNCuLK8VcvBstuQIZrBZZb-jmduU&code_challenge_method=S256' to equal 'https://ui-automation-camp.vercel.app/products'\n\nBecause this error occurred during a `before each` hook we are skipping the remaining tests in the current suite: `Product details`\n    at Context.eval (webpack:///./cypress/e2e/spec/product-details.cy.js:10:17)",
                "diff": "- '\\'https://dev-mlluudmotpwoldtv.us.auth0.com/login?state=hKFo2SBBVnRYYkhVOFFiT04xamVReVlqRXNtMXNFcmtMU0ppcKFupWxvZ2luo3RpZNkgcjVaOTBQLUNoVUxjRmt1TmZoNU9mUVlESThkdkl4VmGjY2lk2SBHbzVxVW16cTFLcWNnTzFIUVdNbWI5ZHFxRFVEOElQdQ&client=Go5qUmzq1KqcgO1HQWMmb9dqqDUD8IPu&protocol=oauth2&scope=openid%20profile%20email&response_type=code&redirect_uri=https%3A%2F%2Fui-automation-camp.vercel.app%2Fapi%2Fauth%2Fcallback&nonce=y5QK9UQxQVsV-WBWNuw4V_0REigQnl_WPvcJUh9GRsc&code_challenge=evs6UIyKdciLPJZaNCuLK8VcvBstuQIZrBZZb-jmduU&code_challenge_method=S256\\''\n+ '\\'https://ui-automation-camp.vercel.app/products\\''\n"
              },
              "uuid": "da8bcfad-fdd1-49b9-9beb-61f809236ac9",
              "parentUUID": "0718c2dc-8d20-42e7-bf26-d244e75c3af3",
              "isHook": false,
              "skipped": false
            },
            {
              "title": "should verify that the product has the correct category",
              "fullTitle": "Product details should verify that the product has the correct category",
              "timedOut": null,
              "duration": 0,
              "state": "skipped",
              "speed": null,
              "pass": false,
              "fail": false,
              "pending": false,
              "context": null,
              "code": "cy.get(_prodDetails.default.category).should('have.text', 'cup');",
              "err": {},
              "uuid": "aaaddf93-3c46-4263-995e-c2a7c355ceb6",
              "parentUUID": "0718c2dc-8d20-42e7-bf26-d244e75c3af3",
              "isHook": false,
              "skipped": true
            },
            {
              "title": "should return to the products page",
              "fullTitle": "Product details should return to the products page",
              "timedOut": null,
              "duration": 0,
              "state": "skipped",
              "speed": null,
              "pass": false,
              "fail": false,
              "pending": false,
              "context": null,
              "code": "_prodDetails.default.goBacktoProducts();\ncy.url().should('eq', 'https://ui-automation-camp.vercel.app/products');",
              "err": {},
              "uuid": "08d90fc2-d90d-40b8-804d-01d6a04647fa",
              "parentUUID": "0718c2dc-8d20-42e7-bf26-d244e75c3af3",
              "isHook": false,
              "skipped": true
            }
          ],
          "suites": [],
          "passes": [],
          "failures": [
            "da8bcfad-fdd1-49b9-9beb-61f809236ac9"
          ],
          "pending": [],
          "skipped": [
            "aaaddf93-3c46-4263-995e-c2a7c355ceb6",
            "08d90fc2-d90d-40b8-804d-01d6a04647fa"
          ],
          "duration": 7935,
          "root": false,
          "rootEmpty": false,
          "_timeout": 2000
        }
      ],
      "passes": [],
      "failures": [],
      "pending": [],
      "skipped": [],
      "duration": 0,
      "root": true,
      "rootEmpty": true,
      "_timeout": 2000
    }
  ],
  "meta": {
    "mocha": {
      "version": "7.0.1"
    },
    "mochawesome": {
      "options": {
        "quiet": false,
        "reportFilename": "mochawesome",
        "saveHtml": false,
        "saveJson": true,
        "consoleReporter": "spec",
        "useInlineDiffs": false,
        "code": true
      },
      "version": "7.1.3"
    },
    "marge": {
      "options": {
        "reportDir": "cypress/reports",
        "overwrite": false,
        "html": false,
        "json": true
      },
      "version": "6.2.0"
    }
  }
}