{
  "stats": {
    "suites": 1,
    "tests": 1,
    "passes": 0,
    "pending": 0,
    "failures": 1,
    "start": "2022-12-15T23:02:26.287Z",
    "end": "2022-12-15T23:02:33.646Z",
    "duration": 7359,
    "testsRegistered": 3,
    "passPercent": 0,
    "pendingPercent": 0,
    "other": 0,
    "hasOther": false,
    "skipped": 2,
    "hasSkipped": true
  },
  "results": [
    {
      "uuid": "bee5723c-fe12-4b32-9dd3-642574350981",
      "title": "",
      "fullFile": "cypress\\e2e\\spec\\product-details.cy.js",
      "file": "cypress\\e2e\\spec\\product-details.cy.js",
      "beforeHooks": [],
      "afterHooks": [],
      "tests": [],
      "suites": [
        {
          "uuid": "657a6240-cf90-4115-b1ea-8f80735cd534",
          "title": "Product details",
          "fullFile": "",
          "file": "",
          "beforeHooks": [],
          "afterHooks": [],
          "tests": [
            {
              "title": "should verify the Quality Mug price",
              "fullTitle": "Product details should verify the Quality Mug price",
              "timedOut": null,
              "duration": 7251,
              "state": "failed",
              "speed": null,
              "pass": false,
              "fail": true,
              "pending": false,
              "context": null,
              "code": "//cy.get(prodDetails.mugTitle).should('have.text','Quality Mug')\ncy.get(_prodDetails.default.mugPrice).should('have.text', 'Price : $15');",
              "err": {
                "message": "AssertionError: Timed out retrying after 4000ms: Expected to find element: `[type=email]`, but never found it.\n\nBecause this error occurred during a `before each` hook we are skipping the remaining tests in the current suite: `Product details`",
                "estack": "AssertionError: Timed out retrying after 4000ms: Expected to find element: `[type=email]`, but never found it.\n\nBecause this error occurred during a `before each` hook we are skipping the remaining tests in the current suite: `Product details`\n    at Authenthication.login (webpack:///./cypress/e2e/page/auth.js:34:11)\n    at Context.eval (webpack:///./cypress/e2e/spec/product-details.cy.js:9:13)",
                "diff": null
              },
              "uuid": "729ce9cf-3dfc-4c8b-a848-79f3d75f2852",
              "parentUUID": "657a6240-cf90-4115-b1ea-8f80735cd534",
              "isHook": false,
              "skipped": false
            },
            {
              "title": "should verify that the product has the correct category",
              "fullTitle": "Product details should verify that the product has the correct category",
              "timedOut": null,
              "duration": 0,
              "state": "skipped",
              "speed": null,
              "pass": false,
              "fail": false,
              "pending": false,
              "context": null,
              "code": "cy.get(_prodDetails.default.category).should('have.text', 'cup');",
              "err": {},
              "uuid": "7c374882-8fce-4185-b831-a7a8f187b1ce",
              "parentUUID": "657a6240-cf90-4115-b1ea-8f80735cd534",
              "isHook": false,
              "skipped": true
            },
            {
              "title": "should return to the products page",
              "fullTitle": "Product details should return to the products page",
              "timedOut": null,
              "duration": 0,
              "state": "skipped",
              "speed": null,
              "pass": false,
              "fail": false,
              "pending": false,
              "context": null,
              "code": "_prodDetails.default.goBacktoProducts();\ncy.url().should('eq', 'https://ui-automation-camp.vercel.app/products');",
              "err": {},
              "uuid": "15b90e01-b1b4-4463-a70f-1374faddc359",
              "parentUUID": "657a6240-cf90-4115-b1ea-8f80735cd534",
              "isHook": false,
              "skipped": true
            }
          ],
          "suites": [],
          "passes": [],
          "failures": [
            "729ce9cf-3dfc-4c8b-a848-79f3d75f2852"
          ],
          "pending": [],
          "skipped": [
            "7c374882-8fce-4185-b831-a7a8f187b1ce",
            "15b90e01-b1b4-4463-a70f-1374faddc359"
          ],
          "duration": 7251,
          "root": false,
          "rootEmpty": false,
          "_timeout": 2000
        }
      ],
      "passes": [],
      "failures": [],
      "pending": [],
      "skipped": [],
      "duration": 0,
      "root": true,
      "rootEmpty": true,
      "_timeout": 2000
    }
  ],
  "meta": {
    "mocha": {
      "version": "7.0.1"
    },
    "mochawesome": {
      "options": {
        "quiet": false,
        "reportFilename": "mochawesome",
        "saveHtml": false,
        "saveJson": true,
        "consoleReporter": "spec",
        "useInlineDiffs": false,
        "code": true
      },
      "version": "7.1.3"
    },
    "marge": {
      "options": {
        "reportDir": "cypress/reports",
        "overwrite": false,
        "html": false,
        "json": true
      },
      "version": "6.2.0"
    }
  }
}